2021-07-16 18:13:07,119 Trial 46 finished with value: 19.0 and parameters: {'hidden_dim': 110, 'batch_size': 275, 'gamma': 0.5578619978926761, 'epsilon_end': 0.028558942013854546, 'epsilon_decay': 0.5627129594150215, 'tau': 0.49585274515653494, 'grad_clip': 0.16547188650663866}. Best is trial 15 with value: 86.0.
2021-07-16 18:13:13,469 ------------------------------------------------------------------------------
2021-07-16 18:13:13,469 Final task score = 16.0
2021-07-16 18:13:13,476 Trial 47 finished with value: 16.0 and parameters: {'hidden_dim': 110, 'batch_size': 275, 'gamma': 0.5542765715218598, 'epsilon_end': 0.025596401850045292, 'epsilon_decay': 0.5615615772616115, 'tau': 0.49807550778165594, 'grad_clip': 0.15832755967160048}. Best is trial 15 with value: 86.0.
2021-07-16 18:13:18,606 ------------------------------------------------------------------------------
2021-07-16 18:13:18,607 Final task score = 24.0
2021-07-16 18:13:18,613 Trial 48 finished with value: 24.0 and parameters: {'hidden_dim': 110, 'batch_size': 275, 'gamma': 0.5511715954374125, 'epsilon_end': 0.029751449533780467, 'epsilon_decay': 0.5524512191459221, 'tau': 0.4944545098355173, 'grad_clip': 0.1659490726317295}. Best is trial 15 with value: 86.0.
2021-07-16 18:13:26,599 ------------------------------------------------------------------------------
2021-07-16 18:13:26,600 Final task score = 19.0
2021-07-16 18:13:26,609 Trial 49 finished with value: 19.0 and parameters: {'hidden_dim': 110, 'batch_size': 275, 'gamma': 0.555489031694626, 'epsilon_end': 0.036612392236676505, 'epsilon_decay': 0.5627904988763667, 'tau': 0.49181972890765313, 'grad_clip': 0.18355783614084334}. Best is trial 15 with value: 86.0.
2021-07-16 18:13:31,884 ------------------------------------------------------------------------------
2021-07-16 18:13:31,884 Final task score = 11.0
2021-07-16 18:13:31,890 Trial 50 finished with value: 11.0 and parameters: {'hidden_dim': 110, 'batch_size': 275, 'gamma': 0.5566868519556254, 'epsilon_end': 0.026826068472422228, 'epsilon_decay': 0.5598055318113849, 'tau': 0.49205249439055676, 'grad_clip': 0.17603293417065374}. Best is trial 15 with value: 86.0.
2021-07-16 18:13:51,327 ------------------------------------------------------------------------------
2021-07-16 18:13:51,327 Final task score = 46.0
2021-07-16 18:13:51,348 Trial 51 finished with value: 46.0 and parameters: {'hidden_dim': 110, 'batch_size': 275, 'gamma': 0.5497146419638533, 'epsilon_end': 0.03410887792924558, 'epsilon_decay': 0.5563094991046179, 'tau': 0.48303332675104227, 'grad_clip': 0.18178037260063185}. Best is trial 15 with value: 86.0.
2021-07-16 18:13:56,794 ------------------------------------------------------------------------------
2021-07-16 18:13:56,794 Final task score = 14.0
2021-07-16 18:13:56,800 Trial 52 finished with value: 14.0 and parameters: {'hidden_dim': 110, 'batch_size': 275, 'gamma': 0.5455208733372041, 'epsilon_end': 0.030881843481406764, 'epsilon_decay': 0.5624348498469053, 'tau': 0.4865773271298479, 'grad_clip': 0.18225044220504613}. Best is trial 15 with value: 86.0.
2021-07-16 18:14:02,213 ------------------------------------------------------------------------------
2021-07-16 18:14:02,213 Final task score = 15.0
2021-07-16 18:14:02,219 Trial 53 finished with value: 15.0 and parameters: {'hidden_dim': 110, 'batch_size': 275, 'gamma': 0.5512352400192864, 'epsilon_end': 0.031266820010050336, 'epsilon_decay': 0.5548807347401796, 'tau': 0.4997739720149248, 'grad_clip': 0.17442289935559005}. Best is trial 15 with value: 86.0.
2021-07-16 18:14:07,781 ------------------------------------------------------------------------------
2021-07-16 18:14:07,781 Final task score = 12.0
2021-07-16 18:14:07,787 Trial 54 finished with value: 12.0 and parameters: {'hidden_dim': 110, 'batch_size': 275, 'gamma': 0.5462671038767328, 'epsilon_end': 0.030565462893045705, 'epsilon_decay': 0.5541143815772076, 'tau': 0.49832299656133816, 'grad_clip': 0.1790524358542237}. Best is trial 15 with value: 86.0.
2021-07-16 18:14:13,087 ------------------------------------------------------------------------------
2021-07-16 18:14:13,088 Final task score = 10.0
2021-07-16 18:14:13,094 Trial 55 finished with value: 10.0 and parameters: {'hidden_dim': 110, 'batch_size': 275, 'gamma': 0.5552771038787117, 'epsilon_end': 0.026561983306260712, 'epsilon_decay': 0.5593915296166908, 'tau': 0.49321629753205487, 'grad_clip': 0.17385214682400046}. Best is trial 15 with value: 86.0.
2021-07-16 18:14:18,690 ------------------------------------------------------------------------------
2021-07-16 18:14:18,691 Final task score = 17.0
2021-07-16 18:14:18,696 Trial 56 finished with value: 17.0 and parameters: {'hidden_dim': 110, 'batch_size': 275, 'gamma': 0.5491225688974987, 'epsilon_end': 0.04178865570309416, 'epsilon_decay': 0.5636885842662264, 'tau': 0.4894580515337536, 'grad_clip': 0.17234183177315587}. Best is trial 15 with value: 86.0.
2021-07-16 18:14:23,925 ------------------------------------------------------------------------------
2021-07-16 18:14:23,925 Final task score = 11.0
2021-07-16 18:14:23,931 Trial 57 finished with value: 11.0 and parameters: {'hidden_dim': 110, 'batch_size': 275, 'gamma': 0.5548329579635378, 'epsilon_end': 0.03904286753204171, 'epsilon_decay': 0.5551851849758009, 'tau': 0.4955484010507294, 'grad_clip': 0.17323386188467368}. Best is trial 15 with value: 86.0.
2021-07-16 18:14:29,348 ------------------------------------------------------------------------------
2021-07-16 18:14:29,350 Final task score = 11.0
2021-07-16 18:14:29,355 Trial 58 finished with value: 11.0 and parameters: {'hidden_dim': 110, 'batch_size': 275, 'gamma': 0.5463948885785428, 'epsilon_end': 0.03760071714619284, 'epsilon_decay': 0.5481921863531533, 'tau': 0.48535721445496083, 'grad_clip': 0.17769842623406495}. Best is trial 15 with value: 86.0.
2021-07-16 18:14:35,176 ------------------------------------------------------------------------------
2021-07-16 18:14:35,188 Final task score = 21.0
2021-07-16 18:14:35,196 Trial 59 finished with value: 21.0 and parameters: {'hidden_dim': 110, 'batch_size': 275, 'gamma': 0.5518511800592892, 'epsilon_end': 0.03613181557263798, 'epsilon_decay': 0.5591397661701849, 'tau': 0.48635789468968643, 'grad_clip': 0.17838312971090653}. Best is trial 15 with value: 86.0.
2021-07-16 18:14:45,632 ------------------------------------------------------------------------------
2021-07-16 18:14:45,633 Final task score = 32.0
2021-07-16 18:14:45,648 Trial 60 finished with value: 32.0 and parameters: {'hidden_dim': 110, 'batch_size': 275, 'gamma': 0.548118042051415, 'epsilon_end': 0.030723782178873584, 'epsilon_decay': 0.5601607510611294, 'tau': 0.48586919286876873, 'grad_clip': 0.17565738157300687}. Best is trial 15 with value: 86.0.
2021-07-16 18:14:56,446 ------------------------------------------------------------------------------
2021-07-16 18:14:56,446 Final task score = 24.0
2021-07-16 18:14:56,457 Trial 61 finished with value: 24.0 and parameters: {'hidden_dim': 110, 'batch_size': 275, 'gamma': 0.5504561414229523, 'epsilon_end': 0.03297868488370553, 'epsilon_decay': 0.5502857395572179, 'tau': 0.489478516269499, 'grad_clip': 0.17687290532762284}. Best is trial 15 with value: 86.0.
2021-07-16 18:15:02,049 ------------------------------------------------------------------------------
2021-07-16 18:15:02,050 Final task score = 17.0
2021-07-16 18:15:02,056 Trial 62 finished with value: 17.0 and parameters: {'hidden_dim': 110, 'batch_size': 275, 'gamma': 0.5493455946354524, 'epsilon_end': 0.036810589423156896, 'epsilon_decay': 0.5583643998879085, 'tau': 0.49584494429021314, 'grad_clip': 0.17087841619389638}. Best is trial 15 with value: 86.0.
2021-07-16 18:15:08,748 ------------------------------------------------------------------------------
2021-07-16 18:15:08,749 Final task score = 16.0
2021-07-16 18:15:08,756 Trial 63 finished with value: 16.0 and parameters: {'hidden_dim': 110, 'batch_size': 275, 'gamma': 0.5562809512232735, 'epsilon_end': 0.03041397671760495, 'epsilon_decay': 0.5535013332877846, 'tau': 0.48797223610663454, 'grad_clip': 0.17245765557621412}. Best is trial 15 with value: 86.0.
2021-07-16 18:15:14,335 ------------------------------------------------------------------------------
2021-07-16 18:15:14,337 Final task score = 15.0
2021-07-16 18:15:14,343 Trial 64 finished with value: 15.0 and parameters: {'hidden_dim': 110, 'batch_size': 275, 'gamma': 0.5543526394344189, 'epsilon_end': 0.03824115000011062, 'epsilon_decay': 0.5657988794292759, 'tau': 0.48377741993546364, 'grad_clip': 0.1786777471275061}. Best is trial 15 with value: 86.0.
2021-07-16 18:15:23,904 ------------------------------------------------------------------------------
2021-07-16 18:15:23,905 Final task score = 67.0
2021-07-16 18:15:23,917 Trial 65 finished with value: 67.0 and parameters: {'hidden_dim': 110, 'batch_size': 275, 'gamma': 0.5522729481850908, 'epsilon_end': 0.03286950437960728, 'epsilon_decay': 0.5649348461639973, 'tau': 0.4901338644458252, 'grad_clip': 0.1842003998335153}. Best is trial 15 with value: 86.0.
2021-07-16 18:15:29,651 ------------------------------------------------------------------------------
2021-07-16 18:15:29,651 Final task score = 25.0
2021-07-16 18:15:29,657 Trial 66 finished with value: 25.0 and parameters: {'hidden_dim': 110, 'batch_size': 275, 'gamma': 0.550493361205745, 'epsilon_end': 0.03183422255313981, 'epsilon_decay': 0.5564071076144764, 'tau': 0.47987303922993696, 'grad_clip': 0.1758860040225368}. Best is trial 15 with value: 86.0.
2021-07-16 18:15:37,509 ------------------------------------------------------------------------------
2021-07-16 18:15:37,510 Final task score = 70.0
2021-07-16 18:15:37,518 Trial 67 finished with value: 70.0 and parameters: {'hidden_dim': 110, 'batch_size': 275, 'gamma': 0.547198942035579, 'epsilon_end': 0.03420923377221081, 'epsilon_decay': 0.54255747111602, 'tau': 0.499853143855554, 'grad_clip': 0.17176941383585453}. Best is trial 15 with value: 86.0.
2021-07-16 18:15:42,982 ------------------------------------------------------------------------------
2021-07-16 18:15:42,982 Final task score = 10.0
2021-07-16 18:15:42,988 Trial 68 finished with value: 10.0 and parameters: {'hidden_dim': 110, 'batch_size': 275, 'gamma': 0.543948260188749, 'epsilon_end': 0.034668023927870086, 'epsilon_decay': 0.5597765421201318, 'tau': 0.4878972653189285, 'grad_clip': 0.1770773690496054}. Best is trial 15 with value: 86.0.
2021-07-16 18:15:48,472 ------------------------------------------------------------------------------
2021-07-16 18:15:48,474 Final task score = 22.0
2021-07-16 18:15:48,479 Trial 69 finished with value: 22.0 and parameters: {'hidden_dim': 110, 'batch_size': 275, 'gamma': 0.5519579216993206, 'epsilon_end': 0.033689596989491886, 'epsilon_decay': 0.568294739360355, 'tau': 0.4921795244790982, 'grad_clip': 0.18268416801204104}. Best is trial 15 with value: 86.0.
2021-07-16 18:15:54,929 ------------------------------------------------------------------------------
2021-07-16 18:15:54,930 Final task score = 14.0
2021-07-16 18:15:54,936 Trial 70 finished with value: 14.0 and parameters: {'hidden_dim': 110, 'batch_size': 275, 'gamma': 0.5521212158974023, 'epsilon_end': 0.03239748883101594, 'epsilon_decay': 0.5620336460300184, 'tau': 0.4921825338089093, 'grad_clip': 0.17604752830819267}. Best is trial 15 with value: 86.0.
2021-07-16 18:16:05,130 ------------------------------------------------------------------------------
2021-07-16 18:16:05,130 Final task score = 25.0
2021-07-16 18:16:05,141 Trial 71 finished with value: 25.0 and parameters: {'hidden_dim': 110, 'batch_size': 275, 'gamma': 0.5507532229895815, 'epsilon_end': 0.03275763464232857, 'epsilon_decay': 0.5534315932027836, 'tau': 0.4747768899832867, 'grad_clip': 0.17601769556113345}. Best is trial 15 with value: 86.0.
2021-07-16 18:16:10,375 ------------------------------------------------------------------------------
2021-07-16 18:16:10,375 Final task score = 14.0
2021-07-16 18:16:10,381 Trial 72 finished with value: 14.0 and parameters: {'hidden_dim': 110, 'batch_size': 275, 'gamma': 0.5474333912834686, 'epsilon_end': 0.034452084043512556, 'epsilon_decay': 0.5631121382961566, 'tau': 0.4889355296433206, 'grad_clip': 0.17550283884381487}. Best is trial 15 with value: 86.0.
2021-07-16 18:16:15,420 ------------------------------------------------------------------------------
2021-07-16 18:16:15,422 Final task score = 13.0
2021-07-16 18:16:15,428 Trial 73 finished with value: 13.0 and parameters: {'hidden_dim': 110, 'batch_size': 275, 'gamma': 0.5497943946112572, 'epsilon_end': 0.035641977608826765, 'epsilon_decay': 0.5615504205353251, 'tau': 0.4800217669583991, 'grad_clip': 0.17666990894736484}. Best is trial 15 with value: 86.0.
2021-07-16 18:16:21,671 ------------------------------------------------------------------------------
2021-07-16 18:16:21,671 Final task score = 91.0
2021-07-16 18:16:21,677 Trial 74 finished with value: 91.0 and parameters: {'hidden_dim': 110, 'batch_size': 275, 'gamma': 0.5449720740299366, 'epsilon_end': 0.04023954519090949, 'epsilon_decay': 0.5529018419144758, 'tau': 0.4894554863721565, 'grad_clip': 0.17796806282871466}. Best is trial 74 with value: 91.0.
2021-07-16 18:16:28,506 ------------------------------------------------------------------------------
2021-07-16 18:16:28,507 Final task score = 19.0
2021-07-16 18:16:28,514 Trial 75 finished with value: 19.0 and parameters: {'hidden_dim': 110, 'batch_size': 275, 'gamma': 0.548230955916131, 'epsilon_end': 0.034786729811209914, 'epsilon_decay': 0.5546756746450444, 'tau': 0.483583616425276, 'grad_clip': 0.17647328470939688}. Best is trial 74 with value: 91.0.
2021-07-16 18:16:34,436 ------------------------------------------------------------------------------
2021-07-16 18:16:34,436 Final task score = 27.0
2021-07-16 18:16:34,442 Trial 76 finished with value: 27.0 and parameters: {'hidden_dim': 110, 'batch_size': 275, 'gamma': 0.5491261796813475, 'epsilon_end': 0.027178592233777867, 'epsilon_decay': 0.5571927854940828, 'tau': 0.48850495435901287, 'grad_clip': 0.17467069031196855}. Best is trial 74 with value: 91.0.
2021-07-16 18:16:39,739 ------------------------------------------------------------------------------
2021-07-16 18:16:39,740 Final task score = 14.0
2021-07-16 18:16:39,746 Trial 77 finished with value: 14.0 and parameters: {'hidden_dim': 110, 'batch_size': 275, 'gamma': 0.5486996544879468, 'epsilon_end': 0.03318003690393564, 'epsilon_decay': 0.553076252794074, 'tau': 0.49164869753565443, 'grad_clip': 0.1680792827950178}. Best is trial 74 with value: 91.0.
2021-07-16 18:17:05,145 ------------------------------------------------------------------------------
2021-07-16 18:17:05,146 Final task score = 69.0
2021-07-16 18:17:05,173 Trial 78 finished with value: 69.0 and parameters: {'hidden_dim': 110, 'batch_size': 275, 'gamma': 0.5494806770248514, 'epsilon_end': 0.033574964460265595, 'epsilon_decay': 0.5475166264560392, 'tau': 0.49330697477513114, 'grad_clip': 0.17702407307227525}. Best is trial 74 with value: 91.0.
2021-07-16 18:17:11,067 ------------------------------------------------------------------------------
2021-07-16 18:17:11,067 Final task score = 12.0
2021-07-16 18:17:11,073 Trial 79 finished with value: 12.0 and parameters: {'hidden_dim': 110, 'batch_size': 275, 'gamma': 0.5493118211363125, 'epsilon_end': 0.03922584650205412, 'epsilon_decay': 0.5574035905515484, 'tau': 0.48202896164913495, 'grad_clip': 0.17954205370975868}. Best is trial 74 with value: 91.0.
2021-07-16 18:17:17,557 ------------------------------------------------------------------------------
2021-07-16 18:17:17,558 Final task score = 23.0
2021-07-16 18:17:17,565 Trial 80 finished with value: 23.0 and parameters: {'hidden_dim': 110, 'batch_size': 275, 'gamma': 0.5513947027013408, 'epsilon_end': 0.02930527762782605, 'epsilon_decay': 0.5524985959786255, 'tau': 0.49612914598422014, 'grad_clip': 0.1699690716996426}. Best is trial 74 with value: 91.0.
2021-07-16 18:17:23,876 ------------------------------------------------------------------------------
2021-07-16 18:17:23,876 Final task score = 34.0
2021-07-16 18:17:23,882 Trial 81 finished with value: 34.0 and parameters: {'hidden_dim': 110, 'batch_size': 275, 'gamma': 0.5486233946612634, 'epsilon_end': 0.02972315881002809, 'epsilon_decay': 0.5443644867299714, 'tau': 0.4899384347409402, 'grad_clip': 0.1735387919745987}. Best is trial 74 with value: 91.0.
2021-07-16 18:17:39,316 ------------------------------------------------------------------------------
2021-07-16 18:17:39,317 Final task score = 44.0
2021-07-16 18:17:39,333 Trial 82 finished with value: 44.0 and parameters: {'hidden_dim': 110, 'batch_size': 275, 'gamma': 0.5476985091333937, 'epsilon_end': 0.03870473122499756, 'epsilon_decay': 0.5532975231108218, 'tau': 0.4867460214720515, 'grad_clip': 0.18798245637954925}. Best is trial 74 with value: 91.0.
2021-07-16 18:17:45,192 ------------------------------------------------------------------------------
2021-07-16 18:17:45,194 Final task score = 17.0
2021-07-16 18:17:45,200 Trial 83 finished with value: 17.0 and parameters: {'hidden_dim': 110, 'batch_size': 275, 'gamma': 0.5437774772697594, 'epsilon_end': 0.03672672979141013, 'epsilon_decay': 0.5506112097165942, 'tau': 0.49608056158425134, 'grad_clip': 0.17163149880478942}. Best is trial 74 with value: 91.0.
2021-07-16 18:17:51,482 ------------------------------------------------------------------------------
2021-07-16 18:17:51,484 Final task score = 26.0
2021-07-16 18:17:51,490 Trial 84 finished with value: 26.0 and parameters: {'hidden_dim': 110, 'batch_size': 275, 'gamma': 0.5462742156389764, 'epsilon_end': 0.03887150154666442, 'epsilon_decay': 0.5556354638837091, 'tau': 0.4880864226406062, 'grad_clip': 0.17635710808451932}. Best is trial 74 with value: 91.0.
2021-07-16 18:17:59,225 ------------------------------------------------------------------------------
2021-07-16 18:17:59,226 Final task score = 17.0
2021-07-16 18:17:59,234 Trial 85 finished with value: 17.0 and parameters: {'hidden_dim': 110, 'batch_size': 275, 'gamma': 0.5499090277831247, 'epsilon_end': 0.02845960158137481, 'epsilon_decay': 0.5483082072563898, 'tau': 0.49149205394041046, 'grad_clip': 0.17981663593094543}. Best is trial 74 with value: 91.0.
2021-07-16 18:18:05,172 ------------------------------------------------------------------------------
2021-07-16 18:18:05,173 Final task score = 12.0
2021-07-16 18:18:05,179 Trial 86 finished with value: 12.0 and parameters: {'hidden_dim': 110, 'batch_size': 275, 'gamma': 0.5483809726506962, 'epsilon_end': 0.03070724975162644, 'epsilon_decay': 0.5548285247904264, 'tau': 0.49410556088468066, 'grad_clip': 0.17731541871806225}. Best is trial 74 with value: 91.0.
2021-07-16 18:18:13,666 ------------------------------------------------------------------------------
2021-07-16 18:18:13,667 Final task score = 17.0
2021-07-16 18:18:13,675 Trial 87 finished with value: 17.0 and parameters: {'hidden_dim': 110, 'batch_size': 275, 'gamma': 0.552087036370861, 'epsilon_end': 0.032765392172171545, 'epsilon_decay': 0.5540526119940395, 'tau': 0.49059209116515967, 'grad_clip': 0.1782784332771524}. Best is trial 74 with value: 91.0.
2021-07-16 18:18:20,552 ------------------------------------------------------------------------------
2021-07-16 18:18:20,554 Final task score = 35.0
2021-07-16 18:18:20,560 Trial 88 finished with value: 35.0 and parameters: {'hidden_dim': 110, 'batch_size': 275, 'gamma': 0.5467297060058678, 'epsilon_end': 0.0406050401436021, 'epsilon_decay': 0.5492030580082677, 'tau': 0.501318980740629, 'grad_clip': 0.1754714847448579}. Best is trial 74 with value: 91.0.
2021-07-16 18:18:26,848 ------------------------------------------------------------------------------
2021-07-16 18:18:26,849 Final task score = 18.0
2021-07-16 18:18:26,855 Trial 89 finished with value: 18.0 and parameters: {'hidden_dim': 110, 'batch_size': 275, 'gamma': 0.549576518400069, 'epsilon_end': 0.03675844468944104, 'epsilon_decay': 0.5434430605069394, 'tau': 0.49563392311948284, 'grad_clip': 0.17201301100685248}. Best is trial 74 with value: 91.0.
2021-07-16 18:18:33,645 ------------------------------------------------------------------------------
2021-07-16 18:18:33,645 Final task score = 38.0
2021-07-16 18:18:33,652 Trial 90 finished with value: 38.0 and parameters: {'hidden_dim': 110, 'batch_size': 275, 'gamma': 0.5476937641245717, 'epsilon_end': 0.04112560455588247, 'epsilon_decay': 0.5491158404862565, 'tau': 0.4924451463122124, 'grad_clip': 0.17882411442594803}. Best is trial 74 with value: 91.0.
2021-07-16 18:18:39,814 ------------------------------------------------------------------------------
2021-07-16 18:18:39,815 Final task score = 10.0
2021-07-16 18:18:39,820 Trial 91 finished with value: 10.0 and parameters: {'hidden_dim': 110, 'batch_size': 275, 'gamma': 0.5508380271641756, 'epsilon_end': 0.03721634750632422, 'epsilon_decay': 0.5582299044872872, 'tau': 0.4943316176267102, 'grad_clip': 0.17934229836653992}. Best is trial 74 with value: 91.0.
2021-07-16 18:18:46,736 ------------------------------------------------------------------------------
2021-07-16 18:18:46,736 Final task score = 61.0
2021-07-16 18:18:46,743 Trial 92 finished with value: 61.0 and parameters: {'hidden_dim': 110, 'batch_size': 275, 'gamma': 0.551392981012419, 'epsilon_end': 0.03861646100138213, 'epsilon_decay': 0.5576645987542049, 'tau': 0.49214342400999794, 'grad_clip': 0.17254210468113107}. Best is trial 74 with value: 91.0.
2021-07-16 18:18:53,256 ------------------------------------------------------------------------------
2021-07-16 18:18:53,257 Final task score = 39.0
