2021-07-16 18:43:27,080 Trial 187 finished with value: 58.0 and parameters: {'hidden_dim': 110, 'batch_size': 275, 'gamma': 0.5537848363276006, 'epsilon_end': 0.042289730931760014, 'epsilon_decay': 0.5564327122389187, 'tau': 0.4961293009734963, 'grad_clip': 0.17749282988948484}. Best is trial 102 with value: 110.0.
2021-07-16 18:43:35,928 ------------------------------------------------------------------------------
2021-07-16 18:43:35,928 Final task score = 17.0
2021-07-16 18:43:35,935 Trial 188 finished with value: 17.0 and parameters: {'hidden_dim': 110, 'batch_size': 275, 'gamma': 0.5536072364840089, 'epsilon_end': 0.03725283052096797, 'epsilon_decay': 0.5565088822496478, 'tau': 0.49469993209222096, 'grad_clip': 0.17854224705089236}. Best is trial 102 with value: 110.0.
2021-07-16 18:43:51,023 ------------------------------------------------------------------------------
2021-07-16 18:43:51,023 Final task score = 30.0
2021-07-16 18:43:51,035 Trial 189 finished with value: 30.0 and parameters: {'hidden_dim': 110, 'batch_size': 275, 'gamma': 0.5515955593890018, 'epsilon_end': 0.04051950862599185, 'epsilon_decay': 0.5541021390327658, 'tau': 0.4949306516741431, 'grad_clip': 0.17888915497618}. Best is trial 102 with value: 110.0.
2021-07-16 18:44:00,388 ------------------------------------------------------------------------------
2021-07-16 18:44:00,388 Final task score = 30.0
2021-07-16 18:44:00,395 Trial 190 finished with value: 30.0 and parameters: {'hidden_dim': 110, 'batch_size': 275, 'gamma': 0.555868158608382, 'epsilon_end': 0.043676924960891275, 'epsilon_decay': 0.5579719984929635, 'tau': 0.4948582144919951, 'grad_clip': 0.17899873113758655}. Best is trial 102 with value: 110.0.
2021-07-16 18:44:10,987 ------------------------------------------------------------------------------
2021-07-16 18:44:10,988 Final task score = 22.0
2021-07-16 18:44:10,997 Trial 191 finished with value: 22.0 and parameters: {'hidden_dim': 110, 'batch_size': 275, 'gamma': 0.5540238311245836, 'epsilon_end': 0.04054756200722508, 'epsilon_decay': 0.5556953012979642, 'tau': 0.4920234915431658, 'grad_clip': 0.17958323387649583}. Best is trial 102 with value: 110.0.
2021-07-16 18:44:20,041 ------------------------------------------------------------------------------
2021-07-16 18:44:20,041 Final task score = 20.0
2021-07-16 18:44:20,048 Trial 192 finished with value: 20.0 and parameters: {'hidden_dim': 110, 'batch_size': 275, 'gamma': 0.553943006299582, 'epsilon_end': 0.04072496429993956, 'epsilon_decay': 0.5568586234832277, 'tau': 0.49506089512154544, 'grad_clip': 0.17879947763348475}. Best is trial 102 with value: 110.0.
2021-07-16 18:44:28,271 ------------------------------------------------------------------------------
2021-07-16 18:44:28,271 Final task score = 26.0
2021-07-16 18:44:28,277 Trial 193 finished with value: 26.0 and parameters: {'hidden_dim': 110, 'batch_size': 275, 'gamma': 0.5543422816712701, 'epsilon_end': 0.041783418270338595, 'epsilon_decay': 0.554968912831463, 'tau': 0.4949306269965494, 'grad_clip': 0.18038013490511845}. Best is trial 102 with value: 110.0.
2021-07-16 18:44:36,404 ------------------------------------------------------------------------------
2021-07-16 18:44:36,405 Final task score = 20.0
2021-07-16 18:44:36,410 Trial 194 finished with value: 20.0 and parameters: {'hidden_dim': 110, 'batch_size': 275, 'gamma': 0.5529133064382955, 'epsilon_end': 0.04240485814073806, 'epsilon_decay': 0.5545121378535777, 'tau': 0.49833971634137947, 'grad_clip': 0.17728854464601568}. Best is trial 102 with value: 110.0.
2021-07-16 18:44:47,733 ------------------------------------------------------------------------------
2021-07-16 18:44:47,734 Final task score = 23.0
2021-07-16 18:44:47,743 Trial 195 finished with value: 23.0 and parameters: {'hidden_dim': 110, 'batch_size': 275, 'gamma': 0.5539028924965976, 'epsilon_end': 0.0417228265470369, 'epsilon_decay': 0.555090605498552, 'tau': 0.4933359790579708, 'grad_clip': 0.17902717279285568}. Best is trial 102 with value: 110.0.
2021-07-16 18:44:56,161 ------------------------------------------------------------------------------
2021-07-16 18:44:56,161 Final task score = 18.0
2021-07-16 18:44:56,167 Trial 196 finished with value: 18.0 and parameters: {'hidden_dim': 110, 'batch_size': 275, 'gamma': 0.5556501453078109, 'epsilon_end': 0.04215302234905863, 'epsilon_decay': 0.5590323119442314, 'tau': 0.4949123161821701, 'grad_clip': 0.1758136634191796}. Best is trial 102 with value: 110.0.
2021-07-16 18:45:06,804 ------------------------------------------------------------------------------
2021-07-16 18:45:06,805 Final task score = 36.0
2021-07-16 18:45:06,813 Trial 197 finished with value: 36.0 and parameters: {'hidden_dim': 110, 'batch_size': 275, 'gamma': 0.5524617162927569, 'epsilon_end': 0.040363180405644856, 'epsilon_decay': 0.5561364909094093, 'tau': 0.49654742414228004, 'grad_clip': 0.17720540358777948}. Best is trial 102 with value: 110.0.
2021-07-16 18:45:14,335 ------------------------------------------------------------------------------
2021-07-16 18:45:14,335 Final task score = 24.0
2021-07-16 18:45:14,341 Trial 198 finished with value: 24.0 and parameters: {'hidden_dim': 110, 'batch_size': 275, 'gamma': 0.5560552086072489, 'epsilon_end': 0.04108154909528374, 'epsilon_decay': 0.5560944167285402, 'tau': 0.49734701107887935, 'grad_clip': 0.1764787808697318}. Best is trial 102 with value: 110.0.
2021-07-16 18:45:23,778 ------------------------------------------------------------------------------
2021-07-16 18:45:23,779 Final task score = 20.0
2021-07-16 18:45:23,786 Trial 199 finished with value: 20.0 and parameters: {'hidden_dim': 110, 'batch_size': 275, 'gamma': 0.550813099112615, 'epsilon_end': 0.04005870063888469, 'epsilon_decay': 0.5558200799144074, 'tau': 0.4954657811908237, 'grad_clip': 0.17865932950630872}. Best is trial 102 with value: 110.0.
2021-07-16 18:45:27,883 Study statistics: 
2021-07-16 18:45:27,948 Number of finished trials: 200
2021-07-16 18:45:27,948 Number of pruned trials: 0
2021-07-16 18:45:27,949 Number of complete trials: 200
2021-07-16 18:45:27,949 Best trial: 
2021-07-16 18:45:27,949 Score: 110.0
2021-07-16 18:45:27,949 Params: 
2021-07-16 18:45:27,949     hidden_dim: 110
2021-07-16 18:45:27,949     batch_size: 275
2021-07-16 18:45:27,949     gamma: 0.5532532939163043
2021-07-16 18:45:27,949     epsilon_end: 0.039888245548997614
2021-07-16 18:45:27,949     epsilon_decay: 0.5509837563221286
2021-07-16 18:45:27,950     tau: 0.49833502795911666
2021-07-16 18:45:27,950     grad_clip: 0.17688913651117932
