2021-07-16 18:07:42,329 Experiment dir : saves/DQN-OPTUNA-SOFT-20210716-180742
2021-07-16 18:07:42,329 Args: Namespace(gpu='0', update='soft', save='DQN-OPTUNA-SOFT', max_episodes=200, trials=200)
2021-07-16 18:07:42,335 A new study created in memory with name: DQN
2021-07-16 18:07:46,770 ------------------------------------------------------------------------------
2021-07-16 18:07:46,770 Final task score = 12.0
2021-07-16 18:07:46,775 Trial 0 finished with value: 12.0 and parameters: {'hidden_dim': 122, 'batch_size': 277, 'gamma': 0.44905256345817424, 'epsilon_end': 0.0208481015211458, 'epsilon_decay': 0.6406396961916957, 'tau': 0.4631925884283496, 'grad_clip': 0.251722329521966}. Best is trial 0 with value: 12.0.
2021-07-16 18:07:51,012 ------------------------------------------------------------------------------
2021-07-16 18:07:51,013 Final task score = 51.0
2021-07-16 18:07:51,018 Trial 1 finished with value: 51.0 and parameters: {'hidden_dim': 110, 'batch_size': 275, 'gamma': 0.5501434403323875, 'epsilon_end': 0.0204575597410795, 'epsilon_decay': 0.54671055555245, 'tau': 0.48207748739900025, 'grad_clip': 0.18029153261506414}. Best is trial 1 with value: 51.0.
2021-07-16 18:07:55,484 ------------------------------------------------------------------------------
2021-07-16 18:07:55,484 Final task score = 20.0
2021-07-16 18:07:55,490 Trial 2 finished with value: 20.0 and parameters: {'hidden_dim': 110, 'batch_size': 275, 'gamma': 0.5461077158431464, 'epsilon_end': 0.04403989855516307, 'epsilon_decay': 0.5354529744690225, 'tau': 0.49869510396531486, 'grad_clip': 0.17393991263691783}. Best is trial 1 with value: 51.0.
2021-07-16 18:07:59,338 ------------------------------------------------------------------------------
2021-07-16 18:07:59,338 Final task score = 12.0
2021-07-16 18:07:59,344 Trial 3 finished with value: 12.0 and parameters: {'hidden_dim': 110, 'batch_size': 275, 'gamma': 0.5355154538183913, 'epsilon_end': 0.026658101425113358, 'epsilon_decay': 0.5601362473517818, 'tau': 0.5028006454150252, 'grad_clip': 0.18730983344302865}. Best is trial 1 with value: 51.0.
2021-07-16 18:08:08,622 ------------------------------------------------------------------------------
2021-07-16 18:08:08,622 Final task score = 19.0
2021-07-16 18:08:08,632 Trial 4 finished with value: 19.0 and parameters: {'hidden_dim': 110, 'batch_size': 275, 'gamma': 0.530364195717346, 'epsilon_end': 0.014423655409681184, 'epsilon_decay': 0.5415385433967926, 'tau': 0.4974890201893059, 'grad_clip': 0.17412085881704056}. Best is trial 1 with value: 51.0.
2021-07-16 18:08:13,916 ------------------------------------------------------------------------------
2021-07-16 18:08:13,916 Final task score = 13.0
2021-07-16 18:08:13,922 Trial 5 finished with value: 13.0 and parameters: {'hidden_dim': 110, 'batch_size': 275, 'gamma': 0.5461320146560302, 'epsilon_end': 0.029392545310917277, 'epsilon_decay': 0.5441879730295976, 'tau': 0.490632509605426, 'grad_clip': 0.16897008773947086}. Best is trial 1 with value: 51.0.
2021-07-16 18:08:20,350 ------------------------------------------------------------------------------
2021-07-16 18:08:20,350 Final task score = 15.0
2021-07-16 18:08:20,357 Trial 6 finished with value: 15.0 and parameters: {'hidden_dim': 110, 'batch_size': 275, 'gamma': 0.5466784775248766, 'epsilon_end': 0.01911918254205615, 'epsilon_decay': 0.5422268007399782, 'tau': 0.4966499241150781, 'grad_clip': 0.1732409873183338}. Best is trial 1 with value: 51.0.
2021-07-16 18:08:25,782 ------------------------------------------------------------------------------
2021-07-16 18:08:25,783 Final task score = 13.0
2021-07-16 18:08:25,789 Trial 7 finished with value: 13.0 and parameters: {'hidden_dim': 110, 'batch_size': 275, 'gamma': 0.5533397658373186, 'epsilon_end': 0.032177502211495033, 'epsilon_decay': 0.542250323935352, 'tau': 0.494954595468334, 'grad_clip': 0.1702180445780711}. Best is trial 1 with value: 51.0.
2021-07-16 18:08:32,384 ------------------------------------------------------------------------------
2021-07-16 18:08:32,384 Final task score = 14.0
2021-07-16 18:08:32,391 Trial 8 finished with value: 14.0 and parameters: {'hidden_dim': 110, 'batch_size': 275, 'gamma': 0.5389723142927862, 'epsilon_end': 0.013716880940060537, 'epsilon_decay': 0.5390084640359399, 'tau': 0.4856912512852599, 'grad_clip': 0.16547523026714045}. Best is trial 1 with value: 51.0.
2021-07-16 18:08:37,872 ------------------------------------------------------------------------------
2021-07-16 18:08:37,872 Final task score = 33.0
2021-07-16 18:08:37,878 Trial 9 finished with value: 33.0 and parameters: {'hidden_dim': 110, 'batch_size': 275, 'gamma': 0.5345416111238549, 'epsilon_end': 0.030815147461944827, 'epsilon_decay': 0.5488922372259768, 'tau': 0.5036089023009584, 'grad_clip': 0.17052558912765678}. Best is trial 1 with value: 51.0.
2021-07-16 18:08:42,561 ------------------------------------------------------------------------------
2021-07-16 18:08:42,561 Final task score = 10.0
2021-07-16 18:08:42,566 Trial 10 finished with value: 10.0 and parameters: {'hidden_dim': 110, 'batch_size': 275, 'gamma': 0.5305102459021087, 'epsilon_end': 0.030361224533315447, 'epsilon_decay': 0.546580760704668, 'tau': 0.4817835320281377, 'grad_clip': 0.16138451684524413}. Best is trial 1 with value: 51.0.
2021-07-16 18:08:48,101 ------------------------------------------------------------------------------
2021-07-16 18:08:48,101 Final task score = 18.0
2021-07-16 18:08:48,107 Trial 11 finished with value: 18.0 and parameters: {'hidden_dim': 110, 'batch_size': 275, 'gamma': 0.5378797425127169, 'epsilon_end': 0.028503713800399247, 'epsilon_decay': 0.5353903124911243, 'tau': 0.497243602542176, 'grad_clip': 0.18476574842786261}. Best is trial 1 with value: 51.0.
2021-07-16 18:09:06,115 ------------------------------------------------------------------------------
2021-07-16 18:09:06,115 Final task score = 51.0
2021-07-16 18:09:06,137 Trial 12 finished with value: 51.0 and parameters: {'hidden_dim': 110, 'batch_size': 275, 'gamma': 0.55052401769057, 'epsilon_end': 0.03799422512976908, 'epsilon_decay': 0.5604370710374471, 'tau': 0.5010011174117857, 'grad_clip': 0.15706576441691397}. Best is trial 1 with value: 51.0.
2021-07-16 18:09:13,091 ------------------------------------------------------------------------------
2021-07-16 18:09:13,092 Final task score = 19.0
2021-07-16 18:09:13,100 Trial 13 finished with value: 19.0 and parameters: {'hidden_dim': 110, 'batch_size': 275, 'gamma': 0.5537525252195735, 'epsilon_end': 0.031156562138275605, 'epsilon_decay': 0.5407276344627636, 'tau': 0.49018564764174827, 'grad_clip': 0.175464109031184}. Best is trial 1 with value: 51.0.
2021-07-16 18:09:17,740 ------------------------------------------------------------------------------
2021-07-16 18:09:17,740 Final task score = 12.0
2021-07-16 18:09:17,746 Trial 14 finished with value: 12.0 and parameters: {'hidden_dim': 110, 'batch_size': 275, 'gamma': 0.5415092679364973, 'epsilon_end': 0.02599189229398018, 'epsilon_decay': 0.5441029882090673, 'tau': 0.4860123968976465, 'grad_clip': 0.17223350517803876}. Best is trial 1 with value: 51.0.
2021-07-16 18:09:51,210 ------------------------------------------------------------------------------
2021-07-16 18:09:51,210 Final task score = 86.0
2021-07-16 18:09:51,246 Trial 15 finished with value: 86.0 and parameters: {'hidden_dim': 110, 'batch_size': 275, 'gamma': 0.5442706322056441, 'epsilon_end': 0.028841080532400993, 'epsilon_decay': 0.5462637388182807, 'tau': 0.500510314724965, 'grad_clip': 0.17557877488792153}. Best is trial 15 with value: 86.0.
2021-07-16 18:09:55,893 ------------------------------------------------------------------------------
2021-07-16 18:09:55,893 Final task score = 17.0
2021-07-16 18:09:55,899 Trial 16 finished with value: 17.0 and parameters: {'hidden_dim': 110, 'batch_size': 275, 'gamma': 0.5415574592702286, 'epsilon_end': 0.0111541452875849, 'epsilon_decay': 0.5447578563909469, 'tau': 0.4876221066264485, 'grad_clip': 0.1930567309073992}. Best is trial 15 with value: 86.0.
2021-07-16 18:10:01,539 ------------------------------------------------------------------------------
2021-07-16 18:10:01,540 Final task score = 34.0
2021-07-16 18:10:01,547 Trial 17 finished with value: 34.0 and parameters: {'hidden_dim': 110, 'batch_size': 275, 'gamma': 0.5425816357489696, 'epsilon_end': 0.03003626722674819, 'epsilon_decay': 0.553275237036866, 'tau': 0.4954900714844587, 'grad_clip': 0.17936998721336295}. Best is trial 15 with value: 86.0.
2021-07-16 18:10:06,201 ------------------------------------------------------------------------------
2021-07-16 18:10:06,202 Final task score = 11.0
2021-07-16 18:10:06,208 Trial 18 finished with value: 11.0 and parameters: {'hidden_dim': 110, 'batch_size': 275, 'gamma': 0.5470694311161053, 'epsilon_end': 0.023930443282914358, 'epsilon_decay': 0.5362224113600006, 'tau': 0.48030932389551406, 'grad_clip': 0.18485444025631048}. Best is trial 15 with value: 86.0.
2021-07-16 18:10:17,543 ------------------------------------------------------------------------------
2021-07-16 18:10:17,543 Final task score = 41.0
2021-07-16 18:10:17,558 Trial 19 finished with value: 41.0 and parameters: {'hidden_dim': 110, 'batch_size': 275, 'gamma': 0.550123452059272, 'epsilon_end': 0.02558754794187028, 'epsilon_decay': 0.5503705660816319, 'tau': 0.49394330578847345, 'grad_clip': 0.17558352526888538}. Best is trial 15 with value: 86.0.
2021-07-16 18:10:22,209 ------------------------------------------------------------------------------
2021-07-16 18:10:22,210 Final task score = 14.0
2021-07-16 18:10:22,216 Trial 20 finished with value: 14.0 and parameters: {'hidden_dim': 110, 'batch_size': 275, 'gamma': 0.5492165605778586, 'epsilon_end': 0.04312181659592041, 'epsilon_decay': 0.551203945067247, 'tau': 0.49673910065463167, 'grad_clip': 0.17464832761581695}. Best is trial 15 with value: 86.0.
2021-07-16 18:10:27,218 ------------------------------------------------------------------------------
2021-07-16 18:10:27,219 Final task score = 21.0
2021-07-16 18:10:27,226 Trial 21 finished with value: 21.0 and parameters: {'hidden_dim': 110, 'batch_size': 275, 'gamma': 0.5523780400535379, 'epsilon_end': 0.031113475508750144, 'epsilon_decay': 0.5338088456082564, 'tau': 0.5061009818911895, 'grad_clip': 0.16969154140481635}. Best is trial 15 with value: 86.0.
2021-07-16 18:10:32,344 ------------------------------------------------------------------------------
2021-07-16 18:10:32,344 Final task score = 60.0
2021-07-16 18:10:32,350 Trial 22 finished with value: 60.0 and parameters: {'hidden_dim': 110, 'batch_size': 275, 'gamma': 0.5458447400995191, 'epsilon_end': 0.035027166251178805, 'epsilon_decay': 0.5567476372408203, 'tau': 0.4966473657001672, 'grad_clip': 0.180125636176443}. Best is trial 15 with value: 86.0.
2021-07-16 18:10:37,823 ------------------------------------------------------------------------------
2021-07-16 18:10:37,823 Final task score = 14.0
2021-07-16 18:10:37,830 Trial 23 finished with value: 14.0 and parameters: {'hidden_dim': 110, 'batch_size': 275, 'gamma': 0.5508355989218209, 'epsilon_end': 0.029427643011610046, 'epsilon_decay': 0.5445383378995599, 'tau': 0.4978535812020205, 'grad_clip': 0.1769835999933549}. Best is trial 15 with value: 86.0.
2021-07-16 18:10:42,514 ------------------------------------------------------------------------------
2021-07-16 18:10:42,515 Final task score = 24.0
2021-07-16 18:10:42,521 Trial 24 finished with value: 24.0 and parameters: {'hidden_dim': 110, 'batch_size': 275, 'gamma': 0.5499183595828044, 'epsilon_end': 0.0399243170445206, 'epsilon_decay': 0.5413838037098705, 'tau': 0.5109174354191315, 'grad_clip': 0.16462586685878278}. Best is trial 15 with value: 86.0.
2021-07-16 18:10:56,046 ------------------------------------------------------------------------------
2021-07-16 18:10:56,046 Final task score = 37.0
2021-07-16 18:10:56,061 Trial 25 finished with value: 37.0 and parameters: {'hidden_dim': 110, 'batch_size': 275, 'gamma': 0.5490232290458498, 'epsilon_end': 0.033479573349969594, 'epsilon_decay': 0.546941984586843, 'tau': 0.5053482903139775, 'grad_clip': 0.1630944181863797}. Best is trial 15 with value: 86.0.
2021-07-16 18:11:05,145 ------------------------------------------------------------------------------
2021-07-16 18:11:05,146 Final task score = 23.0
2021-07-16 18:11:05,157 Trial 26 finished with value: 23.0 and parameters: {'hidden_dim': 110, 'batch_size': 275, 'gamma': 0.5504739810308888, 'epsilon_end': 0.03866144621428728, 'epsilon_decay': 0.5561490940540774, 'tau': 0.5113309089664171, 'grad_clip': 0.17157538513615125}. Best is trial 15 with value: 86.0.
2021-07-16 18:11:09,844 ------------------------------------------------------------------------------
2021-07-16 18:11:09,845 Final task score = 18.0
2021-07-16 18:11:09,850 Trial 27 finished with value: 18.0 and parameters: {'hidden_dim': 110, 'batch_size': 275, 'gamma': 0.531617981043882, 'epsilon_end': 0.0206973517929008, 'epsilon_decay': 0.5532923127964748, 'tau': 0.499040116686956, 'grad_clip': 0.16871241370299528}. Best is trial 15 with value: 86.0.
2021-07-16 18:11:14,669 ------------------------------------------------------------------------------
2021-07-16 18:11:14,670 Final task score = 10.0
2021-07-16 18:11:14,676 Trial 28 finished with value: 10.0 and parameters: {'hidden_dim': 110, 'batch_size': 275, 'gamma': 0.5448664369538534, 'epsilon_end': 0.040659760630391284, 'epsilon_decay': 0.5498291977385217, 'tau': 0.5082764429902713, 'grad_clip': 0.17154478157459158}. Best is trial 15 with value: 86.0.
2021-07-16 18:11:19,782 ------------------------------------------------------------------------------
2021-07-16 18:11:19,783 Final task score = 22.0
2021-07-16 18:11:19,789 Trial 29 finished with value: 22.0 and parameters: {'hidden_dim': 110, 'batch_size': 275, 'gamma': 0.5456357748460086, 'epsilon_end': 0.03457973953987103, 'epsilon_decay': 0.5468327142379449, 'tau': 0.4903770938883802, 'grad_clip': 0.17709314200141738}. Best is trial 15 with value: 86.0.
2021-07-16 18:11:24,621 ------------------------------------------------------------------------------
2021-07-16 18:11:24,621 Final task score = 25.0
2021-07-16 18:11:24,627 Trial 30 finished with value: 25.0 and parameters: {'hidden_dim': 110, 'batch_size': 275, 'gamma': 0.5548353630346059, 'epsilon_end': 0.021384341913262085, 'epsilon_decay': 0.5488140506212958, 'tau': 0.5003714826087958, 'grad_clip': 0.17194210889875605}. Best is trial 15 with value: 86.0.
2021-07-16 18:11:29,521 ------------------------------------------------------------------------------
2021-07-16 18:11:29,522 Final task score = 31.0
2021-07-16 18:11:29,528 Trial 31 finished with value: 31.0 and parameters: {'hidden_dim': 110, 'batch_size': 275, 'gamma': 0.5494994256993608, 'epsilon_end': 0.025246270501669034, 'epsilon_decay': 0.5516911950484332, 'tau': 0.4945814495692529, 'grad_clip': 0.1830879020000713}. Best is trial 15 with value: 86.0.
2021-07-16 18:11:39,815 ------------------------------------------------------------------------------
2021-07-16 18:11:39,818 Final task score = 27.0
2021-07-16 18:11:39,830 Trial 32 finished with value: 27.0 and parameters: {'hidden_dim': 110, 'batch_size': 275, 'gamma': 0.5523546590616163, 'epsilon_end': 0.026287337669223226, 'epsilon_decay': 0.5487211255088597, 'tau': 0.500096804571724, 'grad_clip': 0.17276975013395204}. Best is trial 15 with value: 86.0.
2021-07-16 18:11:45,132 ------------------------------------------------------------------------------
2021-07-16 18:11:45,133 Final task score = 19.0
2021-07-16 18:11:45,142 Trial 33 finished with value: 19.0 and parameters: {'hidden_dim': 110, 'batch_size': 275, 'gamma': 0.5418380880420663, 'epsilon_end': 0.02910863852749669, 'epsilon_decay': 0.5481958207245815, 'tau': 0.5079925754511752, 'grad_clip': 0.17701624613659714}. Best is trial 15 with value: 86.0.
2021-07-16 18:11:56,544 ------------------------------------------------------------------------------
2021-07-16 18:11:56,544 Final task score = 30.0
2021-07-16 18:11:56,557 Trial 34 finished with value: 30.0 and parameters: {'hidden_dim': 110, 'batch_size': 275, 'gamma': 0.5513577463487522, 'epsilon_end': 0.024888376551566945, 'epsilon_decay': 0.5575651259492788, 'tau': 0.49499259452388256, 'grad_clip': 0.18007764082819874}. Best is trial 15 with value: 86.0.
2021-07-16 18:12:01,505 ------------------------------------------------------------------------------
2021-07-16 18:12:01,506 Final task score = 18.0
2021-07-16 18:12:01,512 Trial 35 finished with value: 18.0 and parameters: {'hidden_dim': 110, 'batch_size': 275, 'gamma': 0.5417407618507655, 'epsilon_end': 0.03015264717470352, 'epsilon_decay': 0.5453298624899066, 'tau': 0.4945293202478136, 'grad_clip': 0.17798981115263335}. Best is trial 15 with value: 86.0.
2021-07-16 18:12:06,705 ------------------------------------------------------------------------------
2021-07-16 18:12:06,705 Final task score = 30.0
2021-07-16 18:12:06,711 Trial 36 finished with value: 30.0 and parameters: {'hidden_dim': 110, 'batch_size': 275, 'gamma': 0.5521849313666598, 'epsilon_end': 0.03429665350847396, 'epsilon_decay': 0.5582426162617106, 'tau': 0.4990227332439549, 'grad_clip': 0.17635690851843286}. Best is trial 15 with value: 86.0.
2021-07-16 18:12:11,745 ------------------------------------------------------------------------------
2021-07-16 18:12:11,745 Final task score = 15.0
2021-07-16 18:12:11,751 Trial 37 finished with value: 15.0 and parameters: {'hidden_dim': 110, 'batch_size': 275, 'gamma': 0.5465166485756205, 'epsilon_end': 0.02855953667226496, 'epsilon_decay': 0.5567956777207452, 'tau': 0.4941976696051355, 'grad_clip': 0.17972783710018878}. Best is trial 15 with value: 86.0.
2021-07-16 18:12:17,297 ------------------------------------------------------------------------------
2021-07-16 18:12:17,297 Final task score = 74.0
2021-07-16 18:12:17,303 Trial 38 finished with value: 74.0 and parameters: {'hidden_dim': 110, 'batch_size': 275, 'gamma': 0.5509512931729552, 'epsilon_end': 0.030398505757619158, 'epsilon_decay': 0.5625729923115682, 'tau': 0.49562108619003326, 'grad_clip': 0.1742492520838513}. Best is trial 15 with value: 86.0.
2021-07-16 18:12:22,163 ------------------------------------------------------------------------------
2021-07-16 18:12:22,165 Final task score = 17.0
2021-07-16 18:12:22,170 Trial 39 finished with value: 17.0 and parameters: {'hidden_dim': 110, 'batch_size': 275, 'gamma': 0.5506862736949989, 'epsilon_end': 0.020897978545521802, 'epsilon_decay': 0.5519043212189468, 'tau': 0.4980381478991564, 'grad_clip': 0.17957984860468307}. Best is trial 15 with value: 86.0.
2021-07-16 18:12:27,129 ------------------------------------------------------------------------------
2021-07-16 18:12:27,129 Final task score = 35.0
2021-07-16 18:12:27,135 Trial 40 finished with value: 35.0 and parameters: {'hidden_dim': 110, 'batch_size': 275, 'gamma': 0.5501623118275282, 'epsilon_end': 0.0271609826524609, 'epsilon_decay': 0.5576308402599965, 'tau': 0.49568794361764584, 'grad_clip': 0.18095288188410538}. Best is trial 15 with value: 86.0.
2021-07-16 18:12:35,387 ------------------------------------------------------------------------------
2021-07-16 18:12:35,387 Final task score = 20.0
2021-07-16 18:12:35,396 Trial 41 finished with value: 20.0 and parameters: {'hidden_dim': 110, 'batch_size': 275, 'gamma': 0.5468289893788324, 'epsilon_end': 0.022446069831794088, 'epsilon_decay': 0.547815674069523, 'tau': 0.49951387240958456, 'grad_clip': 0.17922659877186192}. Best is trial 15 with value: 86.0.
2021-07-16 18:12:45,489 ------------------------------------------------------------------------------
2021-07-16 18:12:45,491 Final task score = 27.0
2021-07-16 18:12:45,502 Trial 42 finished with value: 27.0 and parameters: {'hidden_dim': 110, 'batch_size': 275, 'gamma': 0.5437290656617929, 'epsilon_end': 0.03299898687527392, 'epsilon_decay': 0.5483125475390107, 'tau': 0.4999966185285173, 'grad_clip': 0.18183165556457373}. Best is trial 15 with value: 86.0.
2021-07-16 18:12:50,966 ------------------------------------------------------------------------------
2021-07-16 18:12:50,966 Final task score = 29.0
2021-07-16 18:12:50,972 Trial 43 finished with value: 29.0 and parameters: {'hidden_dim': 110, 'batch_size': 275, 'gamma': 0.5514004351354044, 'epsilon_end': 0.02673624745967654, 'epsilon_decay': 0.5490521196875503, 'tau': 0.4942102112053901, 'grad_clip': 0.17724548190342204}. Best is trial 15 with value: 86.0.
2021-07-16 18:12:56,939 ------------------------------------------------------------------------------
2021-07-16 18:12:56,940 Final task score = 19.0
2021-07-16 18:12:56,947 Trial 44 finished with value: 19.0 and parameters: {'hidden_dim': 110, 'batch_size': 275, 'gamma': 0.5556881852826348, 'epsilon_end': 0.028581383448584345, 'epsilon_decay': 0.5563731478309775, 'tau': 0.49536219121138325, 'grad_clip': 0.18043932634972965}. Best is trial 15 with value: 86.0.
2021-07-16 18:13:02,090 ------------------------------------------------------------------------------
2021-07-16 18:13:02,090 Final task score = 10.0
2021-07-16 18:13:02,095 Trial 45 finished with value: 10.0 and parameters: {'hidden_dim': 110, 'batch_size': 275, 'gamma': 0.5455814496882687, 'epsilon_end': 0.028411863720422956, 'epsilon_decay': 0.5569591482318444, 'tau': 0.5019714923870011, 'grad_clip': 0.17696896405229273}. Best is trial 15 with value: 86.0.
2021-07-16 18:13:07,113 ------------------------------------------------------------------------------
2021-07-16 18:13:07,113 Final task score = 19.0
