2021-07-16 18:25:55,601 Trial 140 finished with value: 22.0 and parameters: {'hidden_dim': 110, 'batch_size': 275, 'gamma': 0.556102844248282, 'epsilon_end': 0.03994593842324465, 'epsilon_decay': 0.5582864468020732, 'tau': 0.4917779886859996, 'grad_clip': 0.1774026212287567}. Best is trial 102 with value: 110.0.
2021-07-16 18:26:03,875 ------------------------------------------------------------------------------
2021-07-16 18:26:03,875 Final task score = 14.0
2021-07-16 18:26:03,882 Trial 141 finished with value: 14.0 and parameters: {'hidden_dim': 110, 'batch_size': 275, 'gamma': 0.5545278302034125, 'epsilon_end': 0.042834681219749905, 'epsilon_decay': 0.5578013379260587, 'tau': 0.49582730696309474, 'grad_clip': 0.18267216119775723}. Best is trial 102 with value: 110.0.
2021-07-16 18:26:11,077 ------------------------------------------------------------------------------
2021-07-16 18:26:11,078 Final task score = 18.0
2021-07-16 18:26:11,084 Trial 142 finished with value: 18.0 and parameters: {'hidden_dim': 110, 'batch_size': 275, 'gamma': 0.552592089944777, 'epsilon_end': 0.03967171164339291, 'epsilon_decay': 0.5599205611788873, 'tau': 0.4940129262953761, 'grad_clip': 0.18049357452760245}. Best is trial 102 with value: 110.0.
2021-07-16 18:26:26,604 ------------------------------------------------------------------------------
2021-07-16 18:26:26,604 Final task score = 29.0
2021-07-16 18:26:26,618 Trial 143 finished with value: 29.0 and parameters: {'hidden_dim': 110, 'batch_size': 275, 'gamma': 0.5513813212852293, 'epsilon_end': 0.04036956024684325, 'epsilon_decay': 0.5555749790344963, 'tau': 0.4953258187775684, 'grad_clip': 0.1801044973200033}. Best is trial 102 with value: 110.0.
2021-07-16 18:26:35,685 ------------------------------------------------------------------------------
2021-07-16 18:26:35,685 Final task score = 43.0
2021-07-16 18:26:35,693 Trial 144 finished with value: 43.0 and parameters: {'hidden_dim': 110, 'batch_size': 275, 'gamma': 0.5514926561366359, 'epsilon_end': 0.041497723025617404, 'epsilon_decay': 0.5546079369902006, 'tau': 0.49628436000297205, 'grad_clip': 0.18222820362944683}. Best is trial 102 with value: 110.0.
2021-07-16 18:26:44,967 ------------------------------------------------------------------------------
2021-07-16 18:26:44,968 Final task score = 43.0
2021-07-16 18:26:44,975 Trial 145 finished with value: 43.0 and parameters: {'hidden_dim': 110, 'batch_size': 275, 'gamma': 0.5525454770689625, 'epsilon_end': 0.042621317649086096, 'epsilon_decay': 0.5580383456037407, 'tau': 0.4948730452008495, 'grad_clip': 0.1797506537162284}. Best is trial 102 with value: 110.0.
2021-07-16 18:26:53,566 ------------------------------------------------------------------------------
2021-07-16 18:26:53,566 Final task score = 15.0
2021-07-16 18:26:53,573 Trial 146 finished with value: 15.0 and parameters: {'hidden_dim': 110, 'batch_size': 275, 'gamma': 0.5538025205004153, 'epsilon_end': 0.04193525565366732, 'epsilon_decay': 0.5586133474390179, 'tau': 0.4942591447907047, 'grad_clip': 0.18485978766444375}. Best is trial 102 with value: 110.0.
2021-07-16 18:27:02,001 ------------------------------------------------------------------------------
2021-07-16 18:27:02,002 Final task score = 12.0
2021-07-16 18:27:02,009 Trial 147 finished with value: 12.0 and parameters: {'hidden_dim': 110, 'batch_size': 275, 'gamma': 0.5558631701565552, 'epsilon_end': 0.04032067908432579, 'epsilon_decay': 0.5527122962441385, 'tau': 0.49435382941118705, 'grad_clip': 0.1793356764869528}. Best is trial 102 with value: 110.0.
2021-07-16 18:27:11,396 ------------------------------------------------------------------------------
2021-07-16 18:27:11,396 Final task score = 33.0
2021-07-16 18:27:11,403 Trial 148 finished with value: 33.0 and parameters: {'hidden_dim': 110, 'batch_size': 275, 'gamma': 0.5497694637759291, 'epsilon_end': 0.04057041782914968, 'epsilon_decay': 0.5551033919009191, 'tau': 0.49249565916786414, 'grad_clip': 0.17825793731546843}. Best is trial 102 with value: 110.0.
2021-07-16 18:27:19,766 ------------------------------------------------------------------------------
2021-07-16 18:27:19,766 Final task score = 21.0
2021-07-16 18:27:19,773 Trial 149 finished with value: 21.0 and parameters: {'hidden_dim': 110, 'batch_size': 275, 'gamma': 0.5538751908340585, 'epsilon_end': 0.04097979642788118, 'epsilon_decay': 0.5586252733565269, 'tau': 0.4895442352927558, 'grad_clip': 0.17976422409485932}. Best is trial 102 with value: 110.0.
2021-07-16 18:27:28,288 ------------------------------------------------------------------------------
2021-07-16 18:27:28,288 Final task score = 10.0
2021-07-16 18:27:28,295 Trial 150 finished with value: 10.0 and parameters: {'hidden_dim': 110, 'batch_size': 275, 'gamma': 0.5541933900736691, 'epsilon_end': 0.042939897272580366, 'epsilon_decay': 0.5554466285459382, 'tau': 0.49570373970116943, 'grad_clip': 0.1857434588181744}. Best is trial 102 with value: 110.0.
2021-07-16 18:27:36,718 ------------------------------------------------------------------------------
2021-07-16 18:27:36,719 Final task score = 15.0
2021-07-16 18:27:36,725 Trial 151 finished with value: 15.0 and parameters: {'hidden_dim': 110, 'batch_size': 275, 'gamma': 0.5532244969833165, 'epsilon_end': 0.04191936386022948, 'epsilon_decay': 0.5571704922658434, 'tau': 0.4911907889061248, 'grad_clip': 0.18642418336550867}. Best is trial 102 with value: 110.0.
2021-07-16 18:27:52,704 ------------------------------------------------------------------------------
2021-07-16 18:27:52,704 Final task score = 38.0
2021-07-16 18:27:52,719 Trial 152 finished with value: 38.0 and parameters: {'hidden_dim': 110, 'batch_size': 275, 'gamma': 0.5499860249517896, 'epsilon_end': 0.03810336487861876, 'epsilon_decay': 0.5561594060488578, 'tau': 0.49151526068315565, 'grad_clip': 0.18057592084509672}. Best is trial 102 with value: 110.0.
2021-07-16 18:28:10,524 ------------------------------------------------------------------------------
2021-07-16 18:28:10,524 Final task score = 35.0
2021-07-16 18:28:10,540 Trial 153 finished with value: 35.0 and parameters: {'hidden_dim': 110, 'batch_size': 275, 'gamma': 0.5533510555192019, 'epsilon_end': 0.04227924518691159, 'epsilon_decay': 0.5583756423021085, 'tau': 0.49059805814703206, 'grad_clip': 0.18280229655255073}. Best is trial 102 with value: 110.0.
2021-07-16 18:28:19,083 ------------------------------------------------------------------------------
2021-07-16 18:28:19,084 Final task score = 14.0
2021-07-16 18:28:19,090 Trial 154 finished with value: 14.0 and parameters: {'hidden_dim': 110, 'batch_size': 275, 'gamma': 0.5502422408881853, 'epsilon_end': 0.04187376944680935, 'epsilon_decay': 0.5552424496855268, 'tau': 0.49566752264381597, 'grad_clip': 0.18005729357546726}. Best is trial 102 with value: 110.0.
2021-07-16 18:28:27,708 ------------------------------------------------------------------------------
2021-07-16 18:28:27,708 Final task score = 18.0
2021-07-16 18:28:27,715 Trial 155 finished with value: 18.0 and parameters: {'hidden_dim': 110, 'batch_size': 275, 'gamma': 0.5527922299393263, 'epsilon_end': 0.040534676327933866, 'epsilon_decay': 0.5595729224245867, 'tau': 0.49205155812667817, 'grad_clip': 0.18213304459555194}. Best is trial 102 with value: 110.0.
2021-07-16 18:28:36,821 ------------------------------------------------------------------------------
2021-07-16 18:28:36,821 Final task score = 16.0
2021-07-16 18:28:36,829 Trial 156 finished with value: 16.0 and parameters: {'hidden_dim': 110, 'batch_size': 275, 'gamma': 0.5489250344107791, 'epsilon_end': 0.0404535565320959, 'epsilon_decay': 0.5586085105124913, 'tau': 0.49338103405801453, 'grad_clip': 0.18360676092860287}. Best is trial 102 with value: 110.0.
2021-07-16 18:28:45,373 ------------------------------------------------------------------------------
2021-07-16 18:28:45,373 Final task score = 17.0
2021-07-16 18:28:45,379 Trial 157 finished with value: 17.0 and parameters: {'hidden_dim': 110, 'batch_size': 275, 'gamma': 0.5498877066614395, 'epsilon_end': 0.041588184438704295, 'epsilon_decay': 0.555005951183834, 'tau': 0.4902835293492444, 'grad_clip': 0.18338954323314544}. Best is trial 102 with value: 110.0.
2021-07-16 18:28:58,243 ------------------------------------------------------------------------------
2021-07-16 18:28:58,244 Final task score = 27.0
2021-07-16 18:28:58,254 Trial 158 finished with value: 27.0 and parameters: {'hidden_dim': 110, 'batch_size': 275, 'gamma': 0.5541038645810136, 'epsilon_end': 0.0406795652012978, 'epsilon_decay': 0.5557587331030737, 'tau': 0.49424848422385026, 'grad_clip': 0.1804796172050055}. Best is trial 102 with value: 110.0.
2021-07-16 18:29:06,837 ------------------------------------------------------------------------------
2021-07-16 18:29:06,837 Final task score = 10.0
2021-07-16 18:29:06,844 Trial 159 finished with value: 10.0 and parameters: {'hidden_dim': 110, 'batch_size': 275, 'gamma': 0.5519531765283109, 'epsilon_end': 0.04256334080848136, 'epsilon_decay': 0.5559361993280815, 'tau': 0.4928369540689604, 'grad_clip': 0.1786278871954687}. Best is trial 102 with value: 110.0.
2021-07-16 18:29:15,559 ------------------------------------------------------------------------------
2021-07-16 18:29:15,560 Final task score = 61.0
2021-07-16 18:29:15,567 Trial 160 finished with value: 61.0 and parameters: {'hidden_dim': 110, 'batch_size': 275, 'gamma': 0.5503138315896478, 'epsilon_end': 0.040836018020752686, 'epsilon_decay': 0.556717581003098, 'tau': 0.49575455016259534, 'grad_clip': 0.17907078960965805}. Best is trial 102 with value: 110.0.
2021-07-16 18:29:24,555 ------------------------------------------------------------------------------
2021-07-16 18:29:24,555 Final task score = 16.0
2021-07-16 18:29:24,562 Trial 161 finished with value: 16.0 and parameters: {'hidden_dim': 110, 'batch_size': 275, 'gamma': 0.551844273101429, 'epsilon_end': 0.042633385844967904, 'epsilon_decay': 0.557403107172903, 'tau': 0.4945217066110538, 'grad_clip': 0.17689301352826417}. Best is trial 102 with value: 110.0.
2021-07-16 18:39:38,225 ------------------------------------------------------------------------------
2021-07-16 18:39:38,225 Final task score = 10.0
2021-07-16 18:39:38,234 Trial 162 finished with value: 10.0 and parameters: {'hidden_dim': 110, 'batch_size': 275, 'gamma': 0.5505263803932908, 'epsilon_end': 0.03894986566630454, 'epsilon_decay': 0.5586809278117312, 'tau': 0.48924925634524274, 'grad_clip': 0.18152758188212767}. Best is trial 102 with value: 110.0.
2021-07-16 18:39:45,710 ------------------------------------------------------------------------------
2021-07-16 18:39:45,710 Final task score = 14.0
2021-07-16 18:39:45,715 Trial 163 finished with value: 14.0 and parameters: {'hidden_dim': 110, 'batch_size': 275, 'gamma': 0.5504324885235691, 'epsilon_end': 0.03966807769010182, 'epsilon_decay': 0.5562583015071758, 'tau': 0.4944914994887536, 'grad_clip': 0.17827383610181138}. Best is trial 102 with value: 110.0.
2021-07-16 18:39:53,052 ------------------------------------------------------------------------------
2021-07-16 18:39:53,052 Final task score = 14.0
2021-07-16 18:39:53,058 Trial 164 finished with value: 14.0 and parameters: {'hidden_dim': 110, 'batch_size': 275, 'gamma': 0.5490913264457129, 'epsilon_end': 0.04000357795049098, 'epsilon_decay': 0.5559776040068043, 'tau': 0.4932786270162156, 'grad_clip': 0.17974888024103472}. Best is trial 102 with value: 110.0.
2021-07-16 18:40:01,046 ------------------------------------------------------------------------------
2021-07-16 18:40:01,046 Final task score = 36.0
2021-07-16 18:40:01,052 Trial 165 finished with value: 36.0 and parameters: {'hidden_dim': 110, 'batch_size': 275, 'gamma': 0.5523531886336893, 'epsilon_end': 0.0419419413790664, 'epsilon_decay': 0.5544858713543687, 'tau': 0.49312759175164256, 'grad_clip': 0.1783874747873674}. Best is trial 102 with value: 110.0.
2021-07-16 18:40:08,749 ------------------------------------------------------------------------------
2021-07-16 18:40:08,749 Final task score = 11.0
2021-07-16 18:40:08,755 Trial 166 finished with value: 11.0 and parameters: {'hidden_dim': 110, 'batch_size': 275, 'gamma': 0.5525688653594435, 'epsilon_end': 0.04198843109285482, 'epsilon_decay': 0.5563399898930769, 'tau': 0.49658212394479756, 'grad_clip': 0.18071668599530474}. Best is trial 102 with value: 110.0.
2021-07-16 18:40:16,748 ------------------------------------------------------------------------------
2021-07-16 18:40:16,748 Final task score = 11.0
2021-07-16 18:40:16,754 Trial 167 finished with value: 11.0 and parameters: {'hidden_dim': 110, 'batch_size': 275, 'gamma': 0.5498877992327545, 'epsilon_end': 0.04159127940824885, 'epsilon_decay': 0.5581626697932845, 'tau': 0.49303939541892705, 'grad_clip': 0.1823828853477739}. Best is trial 102 with value: 110.0.
2021-07-16 18:40:24,657 ------------------------------------------------------------------------------
2021-07-16 18:40:24,658 Final task score = 23.0
2021-07-16 18:40:24,664 Trial 168 finished with value: 23.0 and parameters: {'hidden_dim': 110, 'batch_size': 275, 'gamma': 0.5550608265644373, 'epsilon_end': 0.042490015327105876, 'epsilon_decay': 0.5587175239366198, 'tau': 0.49524024372476855, 'grad_clip': 0.18013946721567917}. Best is trial 102 with value: 110.0.
2021-07-16 18:40:32,992 ------------------------------------------------------------------------------
2021-07-16 18:40:32,992 Final task score = 13.0
2021-07-16 18:40:32,998 Trial 169 finished with value: 13.0 and parameters: {'hidden_dim': 110, 'batch_size': 275, 'gamma': 0.5519968857936188, 'epsilon_end': 0.0393432827865397, 'epsilon_decay': 0.5553775577292923, 'tau': 0.4938469446032123, 'grad_clip': 0.18031925642319283}. Best is trial 102 with value: 110.0.
2021-07-16 18:40:41,316 ------------------------------------------------------------------------------
2021-07-16 18:40:41,317 Final task score = 17.0
2021-07-16 18:40:41,322 Trial 170 finished with value: 17.0 and parameters: {'hidden_dim': 110, 'batch_size': 275, 'gamma': 0.5522892910010205, 'epsilon_end': 0.039681929738661845, 'epsilon_decay': 0.5562974510601894, 'tau': 0.4941158798104718, 'grad_clip': 0.18155125314656237}. Best is trial 102 with value: 110.0.
2021-07-16 18:40:50,190 ------------------------------------------------------------------------------
2021-07-16 18:40:50,190 Final task score = 18.0
2021-07-16 18:40:50,200 Trial 171 finished with value: 18.0 and parameters: {'hidden_dim': 110, 'batch_size': 275, 'gamma': 0.5535848629503143, 'epsilon_end': 0.04083307891520934, 'epsilon_decay': 0.5553032536807064, 'tau': 0.4920850950185565, 'grad_clip': 0.17934292175071856}. Best is trial 102 with value: 110.0.
2021-07-16 18:40:57,712 ------------------------------------------------------------------------------
2021-07-16 18:40:57,712 Final task score = 15.0
2021-07-16 18:40:57,718 Trial 172 finished with value: 15.0 and parameters: {'hidden_dim': 110, 'batch_size': 275, 'gamma': 0.5505017547565454, 'epsilon_end': 0.03902290652977838, 'epsilon_decay': 0.5567312357798901, 'tau': 0.4944457115581778, 'grad_clip': 0.1779078959264929}. Best is trial 102 with value: 110.0.
2021-07-16 18:41:14,321 ------------------------------------------------------------------------------
2021-07-16 18:41:14,321 Final task score = 34.0
2021-07-16 18:41:14,336 Trial 173 finished with value: 34.0 and parameters: {'hidden_dim': 110, 'batch_size': 275, 'gamma': 0.5516240054926387, 'epsilon_end': 0.03953900178188301, 'epsilon_decay': 0.5550228539461479, 'tau': 0.49497537377380846, 'grad_clip': 0.17887464261061595}. Best is trial 102 with value: 110.0.
2021-07-16 18:41:23,580 ------------------------------------------------------------------------------
2021-07-16 18:41:23,580 Final task score = 32.0
2021-07-16 18:41:23,588 Trial 174 finished with value: 32.0 and parameters: {'hidden_dim': 110, 'batch_size': 275, 'gamma': 0.5541373607918385, 'epsilon_end': 0.04206427984271405, 'epsilon_decay': 0.556690489088856, 'tau': 0.4926153209933669, 'grad_clip': 0.17898444173959932}. Best is trial 102 with value: 110.0.
2021-07-16 18:41:31,855 ------------------------------------------------------------------------------
2021-07-16 18:41:31,855 Final task score = 12.0
2021-07-16 18:41:31,861 Trial 175 finished with value: 12.0 and parameters: {'hidden_dim': 110, 'batch_size': 275, 'gamma': 0.5536850670050303, 'epsilon_end': 0.04224096243175682, 'epsilon_decay': 0.5578991180534302, 'tau': 0.49094742749275216, 'grad_clip': 0.1794847746821605}. Best is trial 102 with value: 110.0.
2021-07-16 18:41:39,571 ------------------------------------------------------------------------------
2021-07-16 18:41:39,571 Final task score = 11.0
2021-07-16 18:41:39,577 Trial 176 finished with value: 11.0 and parameters: {'hidden_dim': 110, 'batch_size': 275, 'gamma': 0.552821307164068, 'epsilon_end': 0.04505839153101482, 'epsilon_decay': 0.5539647337243988, 'tau': 0.4962164948251104, 'grad_clip': 0.1807863925513016}. Best is trial 102 with value: 110.0.
2021-07-16 18:41:48,537 ------------------------------------------------------------------------------
2021-07-16 18:41:48,537 Final task score = 23.0
2021-07-16 18:41:48,544 Trial 177 finished with value: 23.0 and parameters: {'hidden_dim': 110, 'batch_size': 275, 'gamma': 0.5545838333219456, 'epsilon_end': 0.04348423160636246, 'epsilon_decay': 0.5552689862455901, 'tau': 0.4951080529668376, 'grad_clip': 0.17743145363660856}. Best is trial 102 with value: 110.0.
2021-07-16 18:41:56,515 ------------------------------------------------------------------------------
2021-07-16 18:41:56,515 Final task score = 10.0
2021-07-16 18:41:56,521 Trial 178 finished with value: 10.0 and parameters: {'hidden_dim': 110, 'batch_size': 275, 'gamma': 0.553963793346998, 'epsilon_end': 0.04386567806759954, 'epsilon_decay': 0.5564848153669065, 'tau': 0.4941110479507311, 'grad_clip': 0.1790329582925307}. Best is trial 102 with value: 110.0.
2021-07-16 18:42:04,685 ------------------------------------------------------------------------------
2021-07-16 18:42:04,685 Final task score = 23.0
2021-07-16 18:42:04,691 Trial 179 finished with value: 23.0 and parameters: {'hidden_dim': 110, 'batch_size': 275, 'gamma': 0.5520606656960086, 'epsilon_end': 0.04037845136153108, 'epsilon_decay': 0.5557952459084248, 'tau': 0.49322590831870133, 'grad_clip': 0.1801723635150654}. Best is trial 102 with value: 110.0.
2021-07-16 18:42:13,374 ------------------------------------------------------------------------------
2021-07-16 18:42:13,375 Final task score = 42.0
2021-07-16 18:42:13,381 Trial 180 finished with value: 42.0 and parameters: {'hidden_dim': 110, 'batch_size': 275, 'gamma': 0.5554541667697409, 'epsilon_end': 0.04184855422562371, 'epsilon_decay': 0.5565899060771851, 'tau': 0.49544256505118917, 'grad_clip': 0.176688671898672}. Best is trial 102 with value: 110.0.
2021-07-16 18:42:21,846 ------------------------------------------------------------------------------
2021-07-16 18:42:21,846 Final task score = 18.0
2021-07-16 18:42:21,854 Trial 181 finished with value: 18.0 and parameters: {'hidden_dim': 110, 'batch_size': 275, 'gamma': 0.555848440529064, 'epsilon_end': 0.04173707187206996, 'epsilon_decay': 0.5575907598262798, 'tau': 0.4952125494038986, 'grad_clip': 0.1760308457172649}. Best is trial 102 with value: 110.0.
2021-07-16 18:42:30,088 ------------------------------------------------------------------------------
2021-07-16 18:42:30,088 Final task score = 11.0
2021-07-16 18:42:30,094 Trial 182 finished with value: 11.0 and parameters: {'hidden_dim': 110, 'batch_size': 275, 'gamma': 0.5557762913434298, 'epsilon_end': 0.04048525316281256, 'epsilon_decay': 0.5547687968284498, 'tau': 0.4964132333930403, 'grad_clip': 0.17620054759765633}. Best is trial 102 with value: 110.0.
2021-07-16 18:42:38,808 ------------------------------------------------------------------------------
2021-07-16 18:42:38,808 Final task score = 24.0
2021-07-16 18:42:38,814 Trial 183 finished with value: 24.0 and parameters: {'hidden_dim': 110, 'batch_size': 275, 'gamma': 0.5526935681322809, 'epsilon_end': 0.04093319640914309, 'epsilon_decay': 0.5543989476094439, 'tau': 0.49537752796063705, 'grad_clip': 0.17813713480313678}. Best is trial 102 with value: 110.0.
2021-07-16 18:43:01,770 ------------------------------------------------------------------------------
2021-07-16 18:43:01,770 Final task score = 58.0
2021-07-16 18:43:01,791 Trial 184 finished with value: 58.0 and parameters: {'hidden_dim': 110, 'batch_size': 275, 'gamma': 0.5567175221700733, 'epsilon_end': 0.043111350479643006, 'epsilon_decay': 0.5583568928997145, 'tau': 0.49446313954230614, 'grad_clip': 0.1780176334308535}. Best is trial 102 with value: 110.0.
2021-07-16 18:43:10,256 ------------------------------------------------------------------------------
2021-07-16 18:43:10,256 Final task score = 54.0
2021-07-16 18:43:10,262 Trial 185 finished with value: 54.0 and parameters: {'hidden_dim': 110, 'batch_size': 275, 'gamma': 0.551853056067204, 'epsilon_end': 0.0394004511293069, 'epsilon_decay': 0.5539896989062281, 'tau': 0.4952506874499511, 'grad_clip': 0.17851793107773323}. Best is trial 102 with value: 110.0.
2021-07-16 18:43:18,146 ------------------------------------------------------------------------------
2021-07-16 18:43:18,147 Final task score = 12.0
2021-07-16 18:43:18,152 Trial 186 finished with value: 12.0 and parameters: {'hidden_dim': 110, 'batch_size': 275, 'gamma': 0.5513937600089792, 'epsilon_end': 0.03850376881251486, 'epsilon_decay': 0.5549912737539583, 'tau': 0.4932901958241477, 'grad_clip': 0.17874143867833117}. Best is trial 102 with value: 110.0.
2021-07-16 18:43:27,073 ------------------------------------------------------------------------------
2021-07-16 18:43:27,073 Final task score = 58.0
