2021-07-16 18:18:53,265 Trial 93 finished with value: 39.0 and parameters: {'hidden_dim': 110, 'batch_size': 275, 'gamma': 0.5498040465831409, 'epsilon_end': 0.03678161613551793, 'epsilon_decay': 0.5539653413416157, 'tau': 0.4961404090071635, 'grad_clip': 0.18035977982891555}. Best is trial 74 with value: 91.0.
2021-07-16 18:19:01,463 ------------------------------------------------------------------------------
2021-07-16 18:19:01,464 Final task score = 15.0
2021-07-16 18:19:01,471 Trial 94 finished with value: 15.0 and parameters: {'hidden_dim': 110, 'batch_size': 275, 'gamma': 0.5459483835340432, 'epsilon_end': 0.040247311042731174, 'epsilon_decay': 0.5575501418373673, 'tau': 0.4891568699323623, 'grad_clip': 0.1766045829706559}. Best is trial 74 with value: 91.0.
2021-07-16 18:19:09,673 ------------------------------------------------------------------------------
2021-07-16 18:19:09,674 Final task score = 12.0
2021-07-16 18:19:09,682 Trial 95 finished with value: 12.0 and parameters: {'hidden_dim': 110, 'batch_size': 275, 'gamma': 0.5511496234466737, 'epsilon_end': 0.03310056365226983, 'epsilon_decay': 0.547965110707091, 'tau': 0.49029331148299254, 'grad_clip': 0.1747397346645409}. Best is trial 74 with value: 91.0.
2021-07-16 18:19:18,791 ------------------------------------------------------------------------------
2021-07-16 18:19:18,791 Final task score = 16.0
2021-07-16 18:19:18,800 Trial 96 finished with value: 16.0 and parameters: {'hidden_dim': 110, 'batch_size': 275, 'gamma': 0.5503884355336757, 'epsilon_end': 0.043146416183332766, 'epsilon_decay': 0.5560491030095749, 'tau': 0.4943856249609237, 'grad_clip': 0.18260577158324112}. Best is trial 74 with value: 91.0.
2021-07-16 18:19:27,785 ------------------------------------------------------------------------------
2021-07-16 18:19:27,786 Final task score = 14.0
2021-07-16 18:19:27,794 Trial 97 finished with value: 14.0 and parameters: {'hidden_dim': 110, 'batch_size': 275, 'gamma': 0.5505134606293117, 'epsilon_end': 0.04035354264826463, 'epsilon_decay': 0.5553918622873364, 'tau': 0.4893531045943065, 'grad_clip': 0.18188663647933828}. Best is trial 74 with value: 91.0.
2021-07-16 18:19:35,494 ------------------------------------------------------------------------------
2021-07-16 18:19:35,495 Final task score = 15.0
2021-07-16 18:19:35,502 Trial 98 finished with value: 15.0 and parameters: {'hidden_dim': 110, 'batch_size': 275, 'gamma': 0.551057668573979, 'epsilon_end': 0.02982747263984806, 'epsilon_decay': 0.5529574595152216, 'tau': 0.4926085802021757, 'grad_clip': 0.17805754861008016}. Best is trial 74 with value: 91.0.
2021-07-16 18:19:46,049 ------------------------------------------------------------------------------
2021-07-16 18:19:46,050 Final task score = 14.0
2021-07-16 18:19:46,059 Trial 99 finished with value: 14.0 and parameters: {'hidden_dim': 110, 'batch_size': 275, 'gamma': 0.5488476390786381, 'epsilon_end': 0.037937350259479044, 'epsilon_decay': 0.5468379983504055, 'tau': 0.4916949528748957, 'grad_clip': 0.1723929773763937}. Best is trial 74 with value: 91.0.
2021-07-16 18:20:00,545 ------------------------------------------------------------------------------
2021-07-16 18:20:00,546 Final task score = 30.0
2021-07-16 18:20:00,559 Trial 100 finished with value: 30.0 and parameters: {'hidden_dim': 110, 'batch_size': 275, 'gamma': 0.5503381411240644, 'epsilon_end': 0.03439501531084439, 'epsilon_decay': 0.5563958176595848, 'tau': 0.48768055487135414, 'grad_clip': 0.18263775428186985}. Best is trial 74 with value: 91.0.
2021-07-16 18:20:08,272 ------------------------------------------------------------------------------
2021-07-16 18:20:08,273 Final task score = 12.0
2021-07-16 18:20:08,280 Trial 101 finished with value: 12.0 and parameters: {'hidden_dim': 110, 'batch_size': 275, 'gamma': 0.5512978982501355, 'epsilon_end': 0.039633667952130365, 'epsilon_decay': 0.5558791779313412, 'tau': 0.49795590144650687, 'grad_clip': 0.18114898014005523}. Best is trial 74 with value: 91.0.
2021-07-16 18:20:44,259 ------------------------------------------------------------------------------
2021-07-16 18:20:44,261 Final task score = 110.0
2021-07-16 18:20:44,294 Trial 102 finished with value: 110.0 and parameters: {'hidden_dim': 110, 'batch_size': 275, 'gamma': 0.5532532939163043, 'epsilon_end': 0.039888245548997614, 'epsilon_decay': 0.5509837563221286, 'tau': 0.49833502795911666, 'grad_clip': 0.17688913651117932}. Best is trial 102 with value: 110.0.
2021-07-16 18:20:52,130 ------------------------------------------------------------------------------
2021-07-16 18:20:52,131 Final task score = 10.0
2021-07-16 18:20:52,138 Trial 103 finished with value: 10.0 and parameters: {'hidden_dim': 110, 'batch_size': 275, 'gamma': 0.5525435264534704, 'epsilon_end': 0.04236386285934412, 'epsilon_decay': 0.5527707533841435, 'tau': 0.48949921395584006, 'grad_clip': 0.18240332555414707}. Best is trial 102 with value: 110.0.
2021-07-16 18:21:05,887 ------------------------------------------------------------------------------
2021-07-16 18:21:05,888 Final task score = 28.0
2021-07-16 18:21:05,903 Trial 104 finished with value: 28.0 and parameters: {'hidden_dim': 110, 'batch_size': 275, 'gamma': 0.5506191466904468, 'epsilon_end': 0.04634749106948409, 'epsilon_decay': 0.5607255069908204, 'tau': 0.49622125792512317, 'grad_clip': 0.1792752509695174}. Best is trial 102 with value: 110.0.
2021-07-16 18:21:13,522 ------------------------------------------------------------------------------
2021-07-16 18:21:13,523 Final task score = 22.0
2021-07-16 18:21:13,530 Trial 105 finished with value: 22.0 and parameters: {'hidden_dim': 110, 'batch_size': 275, 'gamma': 0.5516207392993231, 'epsilon_end': 0.04498198194162599, 'epsilon_decay': 0.5609174496202017, 'tau': 0.4956834250065677, 'grad_clip': 0.17912855879153097}. Best is trial 102 with value: 110.0.
2021-07-16 18:21:22,952 ------------------------------------------------------------------------------
2021-07-16 18:21:22,953 Final task score = 15.0
2021-07-16 18:21:22,961 Trial 106 finished with value: 15.0 and parameters: {'hidden_dim': 110, 'batch_size': 275, 'gamma': 0.5515400529025964, 'epsilon_end': 0.03393273863361488, 'epsilon_decay': 0.5525856802267007, 'tau': 0.4966993300643916, 'grad_clip': 0.18370823951710122}. Best is trial 102 with value: 110.0.
2021-07-16 18:21:30,927 ------------------------------------------------------------------------------
2021-07-16 18:21:30,927 Final task score = 52.0
2021-07-16 18:21:30,935 Trial 107 finished with value: 52.0 and parameters: {'hidden_dim': 110, 'batch_size': 275, 'gamma': 0.5496435080257135, 'epsilon_end': 0.03626149880022912, 'epsilon_decay': 0.5555032228622764, 'tau': 0.4963151426590065, 'grad_clip': 0.17432427770865608}. Best is trial 102 with value: 110.0.
2021-07-16 18:21:39,196 ------------------------------------------------------------------------------
2021-07-16 18:21:39,196 Final task score = 13.0
2021-07-16 18:21:39,204 Trial 108 finished with value: 13.0 and parameters: {'hidden_dim': 110, 'batch_size': 275, 'gamma': 0.5525868550584386, 'epsilon_end': 0.03217142364708013, 'epsilon_decay': 0.5566143961997925, 'tau': 0.49726188222339607, 'grad_clip': 0.17325617883348424}. Best is trial 102 with value: 110.0.
2021-07-16 18:21:48,670 ------------------------------------------------------------------------------
2021-07-16 18:21:48,670 Final task score = 17.0
2021-07-16 18:21:48,679 Trial 109 finished with value: 17.0 and parameters: {'hidden_dim': 110, 'batch_size': 275, 'gamma': 0.552128844809205, 'epsilon_end': 0.038841406984697804, 'epsilon_decay': 0.5508272958892223, 'tau': 0.4941008134624647, 'grad_clip': 0.17707786233760164}. Best is trial 102 with value: 110.0.
2021-07-16 18:21:55,939 ------------------------------------------------------------------------------
2021-07-16 18:21:55,940 Final task score = 13.0
2021-07-16 18:21:55,945 Trial 110 finished with value: 13.0 and parameters: {'hidden_dim': 110, 'batch_size': 275, 'gamma': 0.5504108879128743, 'epsilon_end': 0.04118813343139385, 'epsilon_decay': 0.5516254334753701, 'tau': 0.4958573641942504, 'grad_clip': 0.17945733592529345}. Best is trial 102 with value: 110.0.
2021-07-16 18:22:03,465 ------------------------------------------------------------------------------
2021-07-16 18:22:03,466 Final task score = 14.0
2021-07-16 18:22:03,473 Trial 111 finished with value: 14.0 and parameters: {'hidden_dim': 110, 'batch_size': 275, 'gamma': 0.5501638686139421, 'epsilon_end': 0.04280621344852994, 'epsilon_decay': 0.5507603791661293, 'tau': 0.4963129250181725, 'grad_clip': 0.17745131181158633}. Best is trial 102 with value: 110.0.
2021-07-16 18:22:11,726 ------------------------------------------------------------------------------
2021-07-16 18:22:11,727 Final task score = 25.0
2021-07-16 18:22:11,734 Trial 112 finished with value: 25.0 and parameters: {'hidden_dim': 110, 'batch_size': 275, 'gamma': 0.5577361698970054, 'epsilon_end': 0.0375739525159623, 'epsilon_decay': 0.5482599641682137, 'tau': 0.5024782689925579, 'grad_clip': 0.1744465911779957}. Best is trial 102 with value: 110.0.
2021-07-16 18:22:19,648 ------------------------------------------------------------------------------
2021-07-16 18:22:19,648 Final task score = 39.0
2021-07-16 18:22:19,654 Trial 113 finished with value: 39.0 and parameters: {'hidden_dim': 110, 'batch_size': 275, 'gamma': 0.5463898750271429, 'epsilon_end': 0.03677803339555397, 'epsilon_decay': 0.5619391782157946, 'tau': 0.4908400797809255, 'grad_clip': 0.17544362576814748}. Best is trial 102 with value: 110.0.
2021-07-16 18:22:27,893 ------------------------------------------------------------------------------
2021-07-16 18:22:27,893 Final task score = 39.0
2021-07-16 18:22:27,900 Trial 114 finished with value: 39.0 and parameters: {'hidden_dim': 110, 'batch_size': 275, 'gamma': 0.5499569365261767, 'epsilon_end': 0.0400916858554106, 'epsilon_decay': 0.5545920797489, 'tau': 0.4937565622991429, 'grad_clip': 0.18040559938076714}. Best is trial 102 with value: 110.0.
2021-07-16 18:22:35,229 ------------------------------------------------------------------------------
2021-07-16 18:22:35,229 Final task score = 46.0
2021-07-16 18:22:35,236 Trial 115 finished with value: 46.0 and parameters: {'hidden_dim': 110, 'batch_size': 275, 'gamma': 0.5550533221293182, 'epsilon_end': 0.037652720923920566, 'epsilon_decay': 0.5527723338148001, 'tau': 0.49390568403840235, 'grad_clip': 0.1779891005522468}. Best is trial 102 with value: 110.0.
2021-07-16 18:22:43,018 ------------------------------------------------------------------------------
2021-07-16 18:22:43,018 Final task score = 31.0
2021-07-16 18:22:43,025 Trial 116 finished with value: 31.0 and parameters: {'hidden_dim': 110, 'batch_size': 275, 'gamma': 0.5569424342432552, 'epsilon_end': 0.03935469793000276, 'epsilon_decay': 0.5518011517962703, 'tau': 0.4982116380369895, 'grad_clip': 0.17901452253177436}. Best is trial 102 with value: 110.0.
2021-07-16 18:22:50,345 ------------------------------------------------------------------------------
2021-07-16 18:22:50,345 Final task score = 15.0
2021-07-16 18:22:50,351 Trial 117 finished with value: 15.0 and parameters: {'hidden_dim': 110, 'batch_size': 275, 'gamma': 0.5568683652104864, 'epsilon_end': 0.035185934913584065, 'epsilon_decay': 0.555824502081966, 'tau': 0.4973447880295147, 'grad_clip': 0.17962844042794215}. Best is trial 102 with value: 110.0.
2021-07-16 18:22:58,071 ------------------------------------------------------------------------------
2021-07-16 18:22:58,071 Final task score = 16.0
2021-07-16 18:22:58,078 Trial 118 finished with value: 16.0 and parameters: {'hidden_dim': 110, 'batch_size': 275, 'gamma': 0.5507001109543046, 'epsilon_end': 0.043457649958709654, 'epsilon_decay': 0.5593909180625751, 'tau': 0.48931351550633156, 'grad_clip': 0.17922599177258353}. Best is trial 102 with value: 110.0.
2021-07-16 18:23:04,944 ------------------------------------------------------------------------------
2021-07-16 18:23:04,944 Final task score = 13.0
2021-07-16 18:23:04,950 Trial 119 finished with value: 13.0 and parameters: {'hidden_dim': 110, 'batch_size': 275, 'gamma': 0.5508363022590173, 'epsilon_end': 0.03366830717411147, 'epsilon_decay': 0.5449110256152463, 'tau': 0.49691386058497394, 'grad_clip': 0.17863486011395535}. Best is trial 102 with value: 110.0.
2021-07-16 18:23:12,073 ------------------------------------------------------------------------------
2021-07-16 18:23:12,073 Final task score = 39.0
2021-07-16 18:23:12,079 Trial 120 finished with value: 39.0 and parameters: {'hidden_dim': 110, 'batch_size': 275, 'gamma': 0.5531970061754293, 'epsilon_end': 0.03916823870709636, 'epsilon_decay': 0.5586720727250234, 'tau': 0.4926458788122963, 'grad_clip': 0.18169654729997015}. Best is trial 102 with value: 110.0.
2021-07-16 18:23:19,186 ------------------------------------------------------------------------------
2021-07-16 18:23:19,186 Final task score = 14.0
2021-07-16 18:23:19,192 Trial 121 finished with value: 14.0 and parameters: {'hidden_dim': 110, 'batch_size': 275, 'gamma': 0.5506048860886387, 'epsilon_end': 0.031689759384019564, 'epsilon_decay': 0.5551641033090877, 'tau': 0.48895836802757836, 'grad_clip': 0.17803830126512918}. Best is trial 102 with value: 110.0.
2021-07-16 18:23:27,195 ------------------------------------------------------------------------------
2021-07-16 18:23:27,195 Final task score = 34.0
2021-07-16 18:23:27,202 Trial 122 finished with value: 34.0 and parameters: {'hidden_dim': 110, 'batch_size': 275, 'gamma': 0.5506050117535135, 'epsilon_end': 0.04143893271175843, 'epsilon_decay': 0.5554749512564413, 'tau': 0.49148458813130536, 'grad_clip': 0.1806885705553198}. Best is trial 102 with value: 110.0.
2021-07-16 18:23:35,047 ------------------------------------------------------------------------------
2021-07-16 18:23:35,047 Final task score = 21.0
2021-07-16 18:23:35,053 Trial 123 finished with value: 21.0 and parameters: {'hidden_dim': 110, 'batch_size': 275, 'gamma': 0.5505787724143714, 'epsilon_end': 0.03465607311755004, 'epsilon_decay': 0.5535958942792615, 'tau': 0.4962278030743147, 'grad_clip': 0.17309541766489678}. Best is trial 102 with value: 110.0.
2021-07-16 18:23:47,210 ------------------------------------------------------------------------------
2021-07-16 18:23:47,210 Final task score = 25.0
2021-07-16 18:23:47,220 Trial 124 finished with value: 25.0 and parameters: {'hidden_dim': 110, 'batch_size': 275, 'gamma': 0.550472392229324, 'epsilon_end': 0.035919070117734465, 'epsilon_decay': 0.5502952127054905, 'tau': 0.49896002404624595, 'grad_clip': 0.1748867516208452}. Best is trial 102 with value: 110.0.
2021-07-16 18:23:54,863 ------------------------------------------------------------------------------
2021-07-16 18:23:54,864 Final task score = 12.0
2021-07-16 18:23:54,869 Trial 125 finished with value: 12.0 and parameters: {'hidden_dim': 110, 'batch_size': 275, 'gamma': 0.5559810122543107, 'epsilon_end': 0.039254351308457364, 'epsilon_decay': 0.5517609997347771, 'tau': 0.4925871151450941, 'grad_clip': 0.18240018652473716}. Best is trial 102 with value: 110.0.
2021-07-16 18:24:02,423 ------------------------------------------------------------------------------
2021-07-16 18:24:02,423 Final task score = 15.0
2021-07-16 18:24:02,429 Trial 126 finished with value: 15.0 and parameters: {'hidden_dim': 110, 'batch_size': 275, 'gamma': 0.5475719596332124, 'epsilon_end': 0.035887524137440466, 'epsilon_decay': 0.5496475357065016, 'tau': 0.4940590510404583, 'grad_clip': 0.17784453783633158}. Best is trial 102 with value: 110.0.
2021-07-16 18:24:09,822 ------------------------------------------------------------------------------
2021-07-16 18:24:09,822 Final task score = 18.0
2021-07-16 18:24:09,828 Trial 127 finished with value: 18.0 and parameters: {'hidden_dim': 110, 'batch_size': 275, 'gamma': 0.5525478339399796, 'epsilon_end': 0.042123171438630626, 'epsilon_decay': 0.5560804682404796, 'tau': 0.49542373137457607, 'grad_clip': 0.17968171325675203}. Best is trial 102 with value: 110.0.
2021-07-16 18:24:18,670 ------------------------------------------------------------------------------
2021-07-16 18:24:18,671 Final task score = 26.0
2021-07-16 18:24:18,678 Trial 128 finished with value: 26.0 and parameters: {'hidden_dim': 110, 'batch_size': 275, 'gamma': 0.5522121722033043, 'epsilon_end': 0.03969413444082732, 'epsilon_decay': 0.5559512850263615, 'tau': 0.4922457539216721, 'grad_clip': 0.18183813608892266}. Best is trial 102 with value: 110.0.
2021-07-16 18:24:26,423 ------------------------------------------------------------------------------
2021-07-16 18:24:26,423 Final task score = 11.0
2021-07-16 18:24:26,430 Trial 129 finished with value: 11.0 and parameters: {'hidden_dim': 110, 'batch_size': 275, 'gamma': 0.5550133854344592, 'epsilon_end': 0.038114225675933845, 'epsilon_decay': 0.5586798627688728, 'tau': 0.48988313938497874, 'grad_clip': 0.17807057330405118}. Best is trial 102 with value: 110.0.
2021-07-16 18:24:33,782 ------------------------------------------------------------------------------
2021-07-16 18:24:33,782 Final task score = 10.0
2021-07-16 18:24:33,788 Trial 130 finished with value: 10.0 and parameters: {'hidden_dim': 110, 'batch_size': 275, 'gamma': 0.5525557476379941, 'epsilon_end': 0.035834207133175956, 'epsilon_decay': 0.5537662638008937, 'tau': 0.4946763715923095, 'grad_clip': 0.17849722935406584}. Best is trial 102 with value: 110.0.
2021-07-16 18:24:41,540 ------------------------------------------------------------------------------
2021-07-16 18:24:41,540 Final task score = 29.0
2021-07-16 18:24:41,546 Trial 131 finished with value: 29.0 and parameters: {'hidden_dim': 110, 'batch_size': 275, 'gamma': 0.5536514222583646, 'epsilon_end': 0.041184031926083484, 'epsilon_decay': 0.5573344101589546, 'tau': 0.49227013173301515, 'grad_clip': 0.17985259909696735}. Best is trial 102 with value: 110.0.
2021-07-16 18:24:49,235 ------------------------------------------------------------------------------
2021-07-16 18:24:49,235 Final task score = 14.0
2021-07-16 18:24:49,242 Trial 132 finished with value: 14.0 and parameters: {'hidden_dim': 110, 'batch_size': 275, 'gamma': 0.5520521259493695, 'epsilon_end': 0.0395434349374486, 'epsilon_decay': 0.5567916160426254, 'tau': 0.4926702332034179, 'grad_clip': 0.18571433100114798}. Best is trial 102 with value: 110.0.
2021-07-16 18:24:57,085 ------------------------------------------------------------------------------
2021-07-16 18:24:57,085 Final task score = 17.0
2021-07-16 18:24:57,091 Trial 133 finished with value: 17.0 and parameters: {'hidden_dim': 110, 'batch_size': 275, 'gamma': 0.5508693754418883, 'epsilon_end': 0.03453240701095005, 'epsilon_decay': 0.5584097835710393, 'tau': 0.4903115782760525, 'grad_clip': 0.1831679842596037}. Best is trial 102 with value: 110.0.
2021-07-16 18:25:04,745 ------------------------------------------------------------------------------
2021-07-16 18:25:04,746 Final task score = 16.0
2021-07-16 18:25:04,751 Trial 134 finished with value: 16.0 and parameters: {'hidden_dim': 110, 'batch_size': 275, 'gamma': 0.5492278175326087, 'epsilon_end': 0.03743570559446735, 'epsilon_decay': 0.5542991997129406, 'tau': 0.4900692756202449, 'grad_clip': 0.1831467618391733}. Best is trial 102 with value: 110.0.
2021-07-16 18:25:13,958 ------------------------------------------------------------------------------
2021-07-16 18:25:13,958 Final task score = 15.0
2021-07-16 18:25:13,966 Trial 135 finished with value: 15.0 and parameters: {'hidden_dim': 110, 'batch_size': 275, 'gamma': 0.550614905943122, 'epsilon_end': 0.0360644858932062, 'epsilon_decay': 0.5554433020042384, 'tau': 0.49555218781460364, 'grad_clip': 0.17966807578346974}. Best is trial 102 with value: 110.0.
2021-07-16 18:25:21,502 ------------------------------------------------------------------------------
2021-07-16 18:25:21,502 Final task score = 27.0
2021-07-16 18:25:21,508 Trial 136 finished with value: 27.0 and parameters: {'hidden_dim': 110, 'batch_size': 275, 'gamma': 0.5530369594573218, 'epsilon_end': 0.04060671642199187, 'epsilon_decay': 0.5591285922571387, 'tau': 0.4906918371559291, 'grad_clip': 0.18073954468568917}. Best is trial 102 with value: 110.0.
2021-07-16 18:25:29,131 ------------------------------------------------------------------------------
2021-07-16 18:25:29,131 Final task score = 19.0
2021-07-16 18:25:29,137 Trial 137 finished with value: 19.0 and parameters: {'hidden_dim': 110, 'batch_size': 275, 'gamma': 0.553489150949384, 'epsilon_end': 0.03989520256809521, 'epsilon_decay': 0.5586691280945397, 'tau': 0.49554372340149316, 'grad_clip': 0.18019224831155767}. Best is trial 102 with value: 110.0.
2021-07-16 18:25:36,813 ------------------------------------------------------------------------------
2021-07-16 18:25:36,813 Final task score = 12.0
2021-07-16 18:25:36,820 Trial 138 finished with value: 12.0 and parameters: {'hidden_dim': 110, 'batch_size': 275, 'gamma': 0.5522220378798463, 'epsilon_end': 0.04074978706413501, 'epsilon_decay': 0.5583937766258618, 'tau': 0.4961153024826454, 'grad_clip': 0.18049567521437074}. Best is trial 102 with value: 110.0.
2021-07-16 18:25:47,422 ------------------------------------------------------------------------------
2021-07-16 18:25:47,422 Final task score = 45.0
2021-07-16 18:25:47,432 Trial 139 finished with value: 45.0 and parameters: {'hidden_dim': 110, 'batch_size': 275, 'gamma': 0.5553819045046536, 'epsilon_end': 0.04161337772769951, 'epsilon_decay': 0.5575415444923305, 'tau': 0.49098663058722325, 'grad_clip': 0.180202915549981}. Best is trial 102 with value: 110.0.
2021-07-16 18:25:55,594 ------------------------------------------------------------------------------
2021-07-16 18:25:55,594 Final task score = 22.0
