2021-07-16 18:16:33,579 Trial 39 finished with value: 9.0 and parameters: {'hidden_dim': 200, 'batch_size': 112, 'gamma': 0.9899999999999999, 'epsilon_end': 0.0001, 'epsilon_decay': 0.1, 'target_update_period': 41, 'grad_clip': 0.05}. Best is trial 17 with value: 293.0.
2021-07-16 18:16:34,353 The parameter 'target_update_period' in trial#40 is sampled independently by using `RandomSampler` instead of `CmaEsSampler` (optimization performance may be degraded). `CmaEsSampler` does not support dynamic search space or `CategoricalDistribution`. You can suppress this warning by setting `warn_independent_sampling` to `False` in the constructor of `CmaEsSampler`, if this independent sampling is intended behavior.
2021-07-16 18:16:39,801 ------------------------------------------------------------------------------
2021-07-16 18:16:39,801 Final task score = 34.0
2021-07-16 18:16:39,813 Trial 40 finished with value: 34.0 and parameters: {'hidden_dim': 20, 'batch_size': 50, 'gamma': 0.1, 'epsilon_end': 0.0001, 'epsilon_decay': 0.9899999999999999, 'target_update_period': 9, 'grad_clip': 0.29999999999999993}. Best is trial 17 with value: 293.0.
2021-07-16 18:16:46,116 ------------------------------------------------------------------------------
2021-07-16 18:16:46,116 Final task score = 18.0
2021-07-16 18:16:46,124 Trial 41 finished with value: 18.0 and parameters: {'hidden_dim': 20, 'batch_size': 334, 'gamma': 0.1, 'epsilon_end': 0.049999999999999996, 'epsilon_decay': 0.1, 'target_update_period': 5, 'grad_clip': 0.29999999999999993}. Best is trial 17 with value: 293.0.
2021-07-16 18:16:46,937 The parameter 'target_update_period' in trial#42 is sampled independently by using `RandomSampler` instead of `CmaEsSampler` (optimization performance may be degraded). `CmaEsSampler` does not support dynamic search space or `CategoricalDistribution`. You can suppress this warning by setting `warn_independent_sampling` to `False` in the constructor of `CmaEsSampler`, if this independent sampling is intended behavior.
2021-07-16 18:16:57,140 ------------------------------------------------------------------------------
2021-07-16 18:16:57,141 Final task score = 131.0
2021-07-16 18:16:57,161 Trial 42 finished with value: 131.0 and parameters: {'hidden_dim': 200, 'batch_size': 50, 'gamma': 0.9899999999999999, 'epsilon_end': 0.049999999999999996, 'epsilon_decay': 0.1, 'target_update_period': 29, 'grad_clip': 0.29999999999999993}. Best is trial 17 with value: 293.0.
2021-07-16 18:16:57,988 The parameter 'target_update_period' in trial#43 is sampled independently by using `RandomSampler` instead of `CmaEsSampler` (optimization performance may be degraded). `CmaEsSampler` does not support dynamic search space or `CategoricalDistribution`. You can suppress this warning by setting `warn_independent_sampling` to `False` in the constructor of `CmaEsSampler`, if this independent sampling is intended behavior.
2021-07-16 18:17:19,236 ------------------------------------------------------------------------------
2021-07-16 18:17:19,237 Final task score = 121.0
2021-07-16 18:17:19,260 Trial 43 finished with value: 121.0 and parameters: {'hidden_dim': 20, 'batch_size': 500, 'gamma': 0.9899999999999999, 'epsilon_end': 0.0001, 'epsilon_decay': 0.9899999999999999, 'target_update_period': 30, 'grad_clip': 0.29999999999999993}. Best is trial 17 with value: 293.0.
2021-07-16 18:17:20,094 The parameter 'target_update_period' in trial#44 is sampled independently by using `RandomSampler` instead of `CmaEsSampler` (optimization performance may be degraded). `CmaEsSampler` does not support dynamic search space or `CategoricalDistribution`. You can suppress this warning by setting `warn_independent_sampling` to `False` in the constructor of `CmaEsSampler`, if this independent sampling is intended behavior.
2021-07-16 18:17:24,452 ------------------------------------------------------------------------------
2021-07-16 18:17:24,453 Final task score = 15.0
2021-07-16 18:17:24,463 Trial 44 finished with value: 15.0 and parameters: {'hidden_dim': 20, 'batch_size': 50, 'gamma': 0.1, 'epsilon_end': 0.049999999999999996, 'epsilon_decay': 0.9899999999999999, 'target_update_period': 48, 'grad_clip': 0.29999999999999993}. Best is trial 17 with value: 293.0.
2021-07-16 18:17:25,644 The parameter 'target_update_period' in trial#45 is sampled independently by using `RandomSampler` instead of `CmaEsSampler` (optimization performance may be degraded). `CmaEsSampler` does not support dynamic search space or `CategoricalDistribution`. You can suppress this warning by setting `warn_independent_sampling` to `False` in the constructor of `CmaEsSampler`, if this independent sampling is intended behavior.
2021-07-16 18:18:19,127 ------------------------------------------------------------------------------
2021-07-16 18:18:19,128 Final task score = 229.0
2021-07-16 18:18:19,189 Trial 45 finished with value: 229.0 and parameters: {'hidden_dim': 20, 'batch_size': 352, 'gamma': 0.9899999999999999, 'epsilon_end': 0.049999999999999996, 'epsilon_decay': 0.9899999999999999, 'target_update_period': 13, 'grad_clip': 0.05}. Best is trial 17 with value: 293.0.
2021-07-16 18:18:20,081 The parameter 'target_update_period' in trial#46 is sampled independently by using `RandomSampler` instead of `CmaEsSampler` (optimization performance may be degraded). `CmaEsSampler` does not support dynamic search space or `CategoricalDistribution`. You can suppress this warning by setting `warn_independent_sampling` to `False` in the constructor of `CmaEsSampler`, if this independent sampling is intended behavior.
2021-07-16 18:18:30,770 ------------------------------------------------------------------------------
2021-07-16 18:18:30,771 Final task score = 19.0
2021-07-16 18:18:30,781 Trial 46 finished with value: 19.0 and parameters: {'hidden_dim': 200, 'batch_size': 500, 'gamma': 0.1, 'epsilon_end': 0.0001, 'epsilon_decay': 0.1, 'target_update_period': 17, 'grad_clip': 0.29999999999999993}. Best is trial 17 with value: 293.0.
2021-07-16 18:18:35,106 ------------------------------------------------------------------------------
2021-07-16 18:18:35,107 Final task score = 10.0
2021-07-16 18:18:35,113 Trial 47 finished with value: 10.0 and parameters: {'hidden_dim': 20, 'batch_size': 171, 'gamma': 0.9899999999999999, 'epsilon_end': 0.0001, 'epsilon_decay': 0.1, 'target_update_period': 5, 'grad_clip': 0.29999999999999993}. Best is trial 17 with value: 293.0.
2021-07-16 18:18:36,100 The parameter 'target_update_period' in trial#48 is sampled independently by using `RandomSampler` instead of `CmaEsSampler` (optimization performance may be degraded). `CmaEsSampler` does not support dynamic search space or `CategoricalDistribution`. You can suppress this warning by setting `warn_independent_sampling` to `False` in the constructor of `CmaEsSampler`, if this independent sampling is intended behavior.
2021-07-16 18:20:21,460 ------------------------------------------------------------------------------
2021-07-16 18:20:21,461 Final task score = 501.0
2021-07-16 18:20:21,537 Trial 48 finished with value: 501.0 and parameters: {'hidden_dim': 200, 'batch_size': 500, 'gamma': 0.9899999999999999, 'epsilon_end': 0.049999999999999996, 'epsilon_decay': 0.9899999999999999, 'target_update_period': 5, 'grad_clip': 0.29999999999999993}. Best is trial 48 with value: 501.0.
2021-07-16 18:20:30,486 ------------------------------------------------------------------------------
2021-07-16 18:20:30,487 Final task score = 35.0
2021-07-16 18:20:30,500 Trial 49 finished with value: 35.0 and parameters: {'hidden_dim': 200, 'batch_size': 50, 'gamma': 0.1, 'epsilon_end': 0.0001, 'epsilon_decay': 0.9899999999999999, 'target_update_period': 5, 'grad_clip': 0.05}. Best is trial 48 with value: 501.0.
2021-07-16 18:20:31,619 The parameter 'target_update_period' in trial#50 is sampled independently by using `RandomSampler` instead of `CmaEsSampler` (optimization performance may be degraded). `CmaEsSampler` does not support dynamic search space or `CategoricalDistribution`. You can suppress this warning by setting `warn_independent_sampling` to `False` in the constructor of `CmaEsSampler`, if this independent sampling is intended behavior.
2021-07-16 18:20:38,265 ------------------------------------------------------------------------------
2021-07-16 18:20:38,266 Final task score = 35.0
2021-07-16 18:20:38,276 Trial 50 finished with value: 35.0 and parameters: {'hidden_dim': 20, 'batch_size': 252, 'gamma': 0.9899999999999999, 'epsilon_end': 0.049999999999999996, 'epsilon_decay': 0.1, 'target_update_period': 26, 'grad_clip': 0.05}. Best is trial 48 with value: 501.0.
2021-07-16 18:20:39,466 The parameter 'target_update_period' in trial#51 is sampled independently by using `RandomSampler` instead of `CmaEsSampler` (optimization performance may be degraded). `CmaEsSampler` does not support dynamic search space or `CategoricalDistribution`. You can suppress this warning by setting `warn_independent_sampling` to `False` in the constructor of `CmaEsSampler`, if this independent sampling is intended behavior.
2021-07-16 18:20:44,491 ------------------------------------------------------------------------------
2021-07-16 18:20:44,491 Final task score = 14.0
2021-07-16 18:20:44,498 Trial 51 finished with value: 14.0 and parameters: {'hidden_dim': 20, 'batch_size': 467, 'gamma': 0.9899999999999999, 'epsilon_end': 0.0001, 'epsilon_decay': 0.1, 'target_update_period': 46, 'grad_clip': 0.05}. Best is trial 48 with value: 501.0.
2021-07-16 18:20:45,989 The parameter 'target_update_period' in trial#52 is sampled independently by using `RandomSampler` instead of `CmaEsSampler` (optimization performance may be degraded). `CmaEsSampler` does not support dynamic search space or `CategoricalDistribution`. You can suppress this warning by setting `warn_independent_sampling` to `False` in the constructor of `CmaEsSampler`, if this independent sampling is intended behavior.
2021-07-16 18:21:17,013 ------------------------------------------------------------------------------
2021-07-16 18:21:17,014 Final task score = 126.0
2021-07-16 18:21:17,042 Trial 52 finished with value: 126.0 and parameters: {'hidden_dim': 20, 'batch_size': 500, 'gamma': 0.9899999999999999, 'epsilon_end': 0.0001, 'epsilon_decay': 0.9899999999999999, 'target_update_period': 48, 'grad_clip': 0.29999999999999993}. Best is trial 48 with value: 501.0.
2021-07-16 18:21:18,215 The parameter 'target_update_period' in trial#53 is sampled independently by using `RandomSampler` instead of `CmaEsSampler` (optimization performance may be degraded). `CmaEsSampler` does not support dynamic search space or `CategoricalDistribution`. You can suppress this warning by setting `warn_independent_sampling` to `False` in the constructor of `CmaEsSampler`, if this independent sampling is intended behavior.
2021-07-16 18:21:30,732 ------------------------------------------------------------------------------
2021-07-16 18:21:30,732 Final task score = 21.0
2021-07-16 18:21:30,743 Trial 53 finished with value: 21.0 and parameters: {'hidden_dim': 103, 'batch_size': 500, 'gamma': 0.1, 'epsilon_end': 0.0001, 'epsilon_decay': 0.9899999999999999, 'target_update_period': 41, 'grad_clip': 0.29999999999999993}. Best is trial 48 with value: 501.0.
2021-07-16 18:21:37,075 ------------------------------------------------------------------------------
2021-07-16 18:21:37,075 Final task score = 10.0
2021-07-16 18:21:37,081 Trial 54 finished with value: 10.0 and parameters: {'hidden_dim': 20, 'batch_size': 500, 'gamma': 0.9899999999999999, 'epsilon_end': 0.0001, 'epsilon_decay': 0.1, 'target_update_period': 5, 'grad_clip': 0.29999999999999993}. Best is trial 48 with value: 501.0.
2021-07-16 18:21:38,287 The parameter 'target_update_period' in trial#55 is sampled independently by using `RandomSampler` instead of `CmaEsSampler` (optimization performance may be degraded). `CmaEsSampler` does not support dynamic search space or `CategoricalDistribution`. You can suppress this warning by setting `warn_independent_sampling` to `False` in the constructor of `CmaEsSampler`, if this independent sampling is intended behavior.
2021-07-16 18:21:43,042 ------------------------------------------------------------------------------
2021-07-16 18:21:43,042 Final task score = 10.0
2021-07-16 18:21:43,048 Trial 55 finished with value: 10.0 and parameters: {'hidden_dim': 20, 'batch_size': 422, 'gamma': 0.1, 'epsilon_end': 0.0001, 'epsilon_decay': 0.1, 'target_update_period': 50, 'grad_clip': 0.05}. Best is trial 48 with value: 501.0.
2021-07-16 18:21:44,286 The parameter 'target_update_period' in trial#56 is sampled independently by using `RandomSampler` instead of `CmaEsSampler` (optimization performance may be degraded). `CmaEsSampler` does not support dynamic search space or `CategoricalDistribution`. You can suppress this warning by setting `warn_independent_sampling` to `False` in the constructor of `CmaEsSampler`, if this independent sampling is intended behavior.
2021-07-16 18:21:50,478 ------------------------------------------------------------------------------
2021-07-16 18:21:50,478 Final task score = 10.0
2021-07-16 18:21:50,486 Trial 56 finished with value: 10.0 and parameters: {'hidden_dim': 200, 'batch_size': 500, 'gamma': 0.1, 'epsilon_end': 0.0001, 'epsilon_decay': 0.1, 'target_update_period': 44, 'grad_clip': 0.05}. Best is trial 48 with value: 501.0.
2021-07-16 18:21:51,887 The parameter 'target_update_period' in trial#57 is sampled independently by using `RandomSampler` instead of `CmaEsSampler` (optimization performance may be degraded). `CmaEsSampler` does not support dynamic search space or `CategoricalDistribution`. You can suppress this warning by setting `warn_independent_sampling` to `False` in the constructor of `CmaEsSampler`, if this independent sampling is intended behavior.
2021-07-16 18:21:58,976 ------------------------------------------------------------------------------
2021-07-16 18:21:58,976 Final task score = 24.0
2021-07-16 18:21:58,987 Trial 57 finished with value: 24.0 and parameters: {'hidden_dim': 20, 'batch_size': 50, 'gamma': 0.1, 'epsilon_end': 0.0001, 'epsilon_decay': 0.9899999999999999, 'target_update_period': 12, 'grad_clip': 0.05}. Best is trial 48 with value: 501.0.
2021-07-16 18:22:00,211 The parameter 'target_update_period' in trial#58 is sampled independently by using `RandomSampler` instead of `CmaEsSampler` (optimization performance may be degraded). `CmaEsSampler` does not support dynamic search space or `CategoricalDistribution`. You can suppress this warning by setting `warn_independent_sampling` to `False` in the constructor of `CmaEsSampler`, if this independent sampling is intended behavior.
2021-07-16 18:22:05,005 ------------------------------------------------------------------------------
2021-07-16 18:22:05,006 Final task score = 10.0
2021-07-16 18:22:05,014 Trial 58 finished with value: 10.0 and parameters: {'hidden_dim': 20, 'batch_size': 500, 'gamma': 0.1, 'epsilon_end': 0.0001, 'epsilon_decay': 0.1, 'target_update_period': 50, 'grad_clip': 0.29999999999999993}. Best is trial 48 with value: 501.0.
2021-07-16 18:22:06,448 The parameter 'target_update_period' in trial#59 is sampled independently by using `RandomSampler` instead of `CmaEsSampler` (optimization performance may be degraded). `CmaEsSampler` does not support dynamic search space or `CategoricalDistribution`. You can suppress this warning by setting `warn_independent_sampling` to `False` in the constructor of `CmaEsSampler`, if this independent sampling is intended behavior.
2021-07-16 18:22:49,642 ------------------------------------------------------------------------------
2021-07-16 18:22:49,643 Final task score = 210.0
2021-07-16 18:22:49,702 Trial 59 finished with value: 210.0 and parameters: {'hidden_dim': 200, 'batch_size': 135, 'gamma': 0.9899999999999999, 'epsilon_end': 0.0001, 'epsilon_decay': 0.9899999999999999, 'target_update_period': 6, 'grad_clip': 0.29999999999999993}. Best is trial 48 with value: 501.0.
2021-07-16 18:23:18,683 ------------------------------------------------------------------------------
2021-07-16 18:23:18,684 Final task score = 137.0
2021-07-16 18:23:18,728 Trial 60 finished with value: 137.0 and parameters: {'hidden_dim': 200, 'batch_size': 50, 'gamma': 0.9899999999999999, 'epsilon_end': 0.049999999999999996, 'epsilon_decay': 0.9899999999999999, 'target_update_period': 5, 'grad_clip': 0.05}. Best is trial 48 with value: 501.0.
2021-07-16 18:23:20,255 The parameter 'target_update_period' in trial#61 is sampled independently by using `RandomSampler` instead of `CmaEsSampler` (optimization performance may be degraded). `CmaEsSampler` does not support dynamic search space or `CategoricalDistribution`. You can suppress this warning by setting `warn_independent_sampling` to `False` in the constructor of `CmaEsSampler`, if this independent sampling is intended behavior.
2021-07-16 18:23:37,804 ------------------------------------------------------------------------------
2021-07-16 18:23:37,804 Final task score = 30.0
2021-07-16 18:23:37,819 Trial 61 finished with value: 30.0 and parameters: {'hidden_dim': 200, 'batch_size': 500, 'gamma': 0.1, 'epsilon_end': 0.049999999999999996, 'epsilon_decay': 0.9899999999999999, 'target_update_period': 8, 'grad_clip': 0.05}. Best is trial 48 with value: 501.0.
2021-07-16 18:23:39,112 The parameter 'target_update_period' in trial#62 is sampled independently by using `RandomSampler` instead of `CmaEsSampler` (optimization performance may be degraded). `CmaEsSampler` does not support dynamic search space or `CategoricalDistribution`. You can suppress this warning by setting `warn_independent_sampling` to `False` in the constructor of `CmaEsSampler`, if this independent sampling is intended behavior.
2021-07-16 18:23:48,649 ------------------------------------------------------------------------------
2021-07-16 18:23:48,650 Final task score = 84.0
2021-07-16 18:23:48,668 Trial 62 finished with value: 84.0 and parameters: {'hidden_dim': 200, 'batch_size': 50, 'gamma': 0.9899999999999999, 'epsilon_end': 0.049999999999999996, 'epsilon_decay': 0.9899999999999999, 'target_update_period': 45, 'grad_clip': 0.05}. Best is trial 48 with value: 501.0.
2021-07-16 18:23:50,327 The parameter 'target_update_period' in trial#63 is sampled independently by using `RandomSampler` instead of `CmaEsSampler` (optimization performance may be degraded). `CmaEsSampler` does not support dynamic search space or `CategoricalDistribution`. You can suppress this warning by setting `warn_independent_sampling` to `False` in the constructor of `CmaEsSampler`, if this independent sampling is intended behavior.
2021-07-16 18:23:56,109 ------------------------------------------------------------------------------
2021-07-16 18:23:56,109 Final task score = 119.0
2021-07-16 18:23:56,122 Trial 63 finished with value: 119.0 and parameters: {'hidden_dim': 20, 'batch_size': 50, 'gamma': 0.1, 'epsilon_end': 0.049999999999999996, 'epsilon_decay': 0.1, 'target_update_period': 49, 'grad_clip': 0.05}. Best is trial 48 with value: 501.0.
2021-07-16 18:24:05,085 ------------------------------------------------------------------------------
2021-07-16 18:24:05,086 Final task score = 21.0
2021-07-16 18:24:05,098 Trial 64 finished with value: 21.0 and parameters: {'hidden_dim': 200, 'batch_size': 50, 'gamma': 0.1, 'epsilon_end': 0.049999999999999996, 'epsilon_decay': 0.9899999999999999, 'target_update_period': 5, 'grad_clip': 0.05}. Best is trial 48 with value: 501.0.
2021-07-16 18:24:06,444 The parameter 'target_update_period' in trial#65 is sampled independently by using `RandomSampler` instead of `CmaEsSampler` (optimization performance may be degraded). `CmaEsSampler` does not support dynamic search space or `CategoricalDistribution`. You can suppress this warning by setting `warn_independent_sampling` to `False` in the constructor of `CmaEsSampler`, if this independent sampling is intended behavior.
2021-07-16 18:24:32,287 ------------------------------------------------------------------------------
2021-07-16 18:24:32,287 Final task score = 151.0
2021-07-16 18:24:32,330 Trial 65 finished with value: 151.0 and parameters: {'hidden_dim': 200, 'batch_size': 50, 'gamma': 0.9899999999999999, 'epsilon_end': 0.0001, 'epsilon_decay': 0.9899999999999999, 'target_update_period': 11, 'grad_clip': 0.29999999999999993}. Best is trial 48 with value: 501.0.
2021-07-16 18:24:50,149 ------------------------------------------------------------------------------
2021-07-16 18:24:50,149 Final task score = 25.0
2021-07-16 18:24:50,166 Trial 66 finished with value: 25.0 and parameters: {'hidden_dim': 200, 'batch_size': 341, 'gamma': 0.1, 'epsilon_end': 0.0001, 'epsilon_decay': 0.9899999999999999, 'target_update_period': 5, 'grad_clip': 0.05}. Best is trial 48 with value: 501.0.
2021-07-16 18:24:57,156 ------------------------------------------------------------------------------
2021-07-16 18:24:57,157 Final task score = 36.0
