2021-07-16 18:44:09,833 Trial 101 finished with value: 11.0 and parameters: {'hidden_dim': 20, 'batch_size': 500, 'gamma': 0.1, 'epsilon_end': 0.049999999999999996, 'epsilon_decay': 0.1, 'target_update_period': 5, 'grad_clip': 0.29999999999999993}. Best is trial 48 with value: 501.0.
2021-07-16 18:44:12,046 The parameter 'target_update_period' in trial#102 is sampled independently by using `RandomSampler` instead of `CmaEsSampler` (optimization performance may be degraded). `CmaEsSampler` does not support dynamic search space or `CategoricalDistribution`. You can suppress this warning by setting `warn_independent_sampling` to `False` in the constructor of `CmaEsSampler`, if this independent sampling is intended behavior.
2021-07-16 18:44:16,729 ------------------------------------------------------------------------------
2021-07-16 18:44:16,730 Final task score = 9.0
2021-07-16 18:44:16,736 Trial 102 finished with value: 9.0 and parameters: {'hidden_dim': 20, 'batch_size': 500, 'gamma': 0.9899999999999999, 'epsilon_end': 0.0001, 'epsilon_decay': 0.1, 'target_update_period': 10, 'grad_clip': 0.05}. Best is trial 48 with value: 501.0.
2021-07-16 18:44:58,571 ------------------------------------------------------------------------------
2021-07-16 18:44:58,571 Final task score = 169.0
2021-07-16 18:44:58,608 Trial 103 finished with value: 169.0 and parameters: {'hidden_dim': 200, 'batch_size': 359, 'gamma': 0.9899999999999999, 'epsilon_end': 0.049999999999999996, 'epsilon_decay': 0.9899999999999999, 'target_update_period': 5, 'grad_clip': 0.05}. Best is trial 48 with value: 501.0.
2021-07-16 18:45:01,038 The parameter 'target_update_period' in trial#104 is sampled independently by using `RandomSampler` instead of `CmaEsSampler` (optimization performance may be degraded). `CmaEsSampler` does not support dynamic search space or `CategoricalDistribution`. You can suppress this warning by setting `warn_independent_sampling` to `False` in the constructor of `CmaEsSampler`, if this independent sampling is intended behavior.
2021-07-16 18:45:17,361 ------------------------------------------------------------------------------
2021-07-16 18:45:17,361 Final task score = 135.0
2021-07-16 18:45:17,393 Trial 104 finished with value: 135.0 and parameters: {'hidden_dim': 200, 'batch_size': 50, 'gamma': 0.9899999999999999, 'epsilon_end': 0.0001, 'epsilon_decay': 0.9899999999999999, 'target_update_period': 35, 'grad_clip': 0.05}. Best is trial 48 with value: 501.0.
2021-07-16 18:45:31,048 ------------------------------------------------------------------------------
2021-07-16 18:45:31,048 Final task score = 37.0
2021-07-16 18:45:31,059 Trial 105 finished with value: 37.0 and parameters: {'hidden_dim': 20, 'batch_size': 500, 'gamma': 0.1, 'epsilon_end': 0.0001, 'epsilon_decay': 0.9899999999999999, 'target_update_period': 5, 'grad_clip': 0.05}. Best is trial 48 with value: 501.0.
2021-07-16 18:45:36,857 ------------------------------------------------------------------------------
2021-07-16 18:45:36,857 Final task score = 10.0
2021-07-16 18:45:36,863 Trial 106 finished with value: 10.0 and parameters: {'hidden_dim': 20, 'batch_size': 500, 'gamma': 0.1, 'epsilon_end': 0.049999999999999996, 'epsilon_decay': 0.1, 'target_update_period': 5, 'grad_clip': 0.05}. Best is trial 48 with value: 501.0.
2021-07-16 18:45:54,350 ------------------------------------------------------------------------------
2021-07-16 18:45:54,350 Final task score = 38.0
2021-07-16 18:45:54,364 Trial 107 finished with value: 38.0 and parameters: {'hidden_dim': 20, 'batch_size': 500, 'gamma': 0.1, 'epsilon_end': 0.0001, 'epsilon_decay': 0.9899999999999999, 'target_update_period': 5, 'grad_clip': 0.29999999999999993}. Best is trial 48 with value: 501.0.
2021-07-16 18:45:56,484 The parameter 'target_update_period' in trial#108 is sampled independently by using `RandomSampler` instead of `CmaEsSampler` (optimization performance may be degraded). `CmaEsSampler` does not support dynamic search space or `CategoricalDistribution`. You can suppress this warning by setting `warn_independent_sampling` to `False` in the constructor of `CmaEsSampler`, if this independent sampling is intended behavior.
2021-07-16 18:46:00,911 ------------------------------------------------------------------------------
2021-07-16 18:46:00,911 Final task score = 10.0
2021-07-16 18:46:00,916 Trial 108 finished with value: 10.0 and parameters: {'hidden_dim': 200, 'batch_size': 466, 'gamma': 0.1, 'epsilon_end': 0.0001, 'epsilon_decay': 0.1, 'target_update_period': 36, 'grad_clip': 0.29999999999999993}. Best is trial 48 with value: 501.0.
2021-07-16 18:46:03,052 The parameter 'target_update_period' in trial#109 is sampled independently by using `RandomSampler` instead of `CmaEsSampler` (optimization performance may be degraded). `CmaEsSampler` does not support dynamic search space or `CategoricalDistribution`. You can suppress this warning by setting `warn_independent_sampling` to `False` in the constructor of `CmaEsSampler`, if this independent sampling is intended behavior.
2021-07-16 18:46:07,383 ------------------------------------------------------------------------------
2021-07-16 18:46:07,383 Final task score = 14.0
2021-07-16 18:46:07,389 Trial 109 finished with value: 14.0 and parameters: {'hidden_dim': 20, 'batch_size': 500, 'gamma': 0.1, 'epsilon_end': 0.049999999999999996, 'epsilon_decay': 0.1, 'target_update_period': 30, 'grad_clip': 0.29999999999999993}. Best is trial 48 with value: 501.0.
2021-07-16 18:46:09,577 The parameter 'target_update_period' in trial#110 is sampled independently by using `RandomSampler` instead of `CmaEsSampler` (optimization performance may be degraded). `CmaEsSampler` does not support dynamic search space or `CategoricalDistribution`. You can suppress this warning by setting `warn_independent_sampling` to `False` in the constructor of `CmaEsSampler`, if this independent sampling is intended behavior.
2021-07-16 18:46:12,335 ------------------------------------------------------------------------------
2021-07-16 18:46:12,336 Final task score = 16.0
2021-07-16 18:46:12,341 Trial 110 finished with value: 16.0 and parameters: {'hidden_dim': 20, 'batch_size': 55, 'gamma': 0.1, 'epsilon_end': 0.049999999999999996, 'epsilon_decay': 0.1, 'target_update_period': 25, 'grad_clip': 0.05}. Best is trial 48 with value: 501.0.
2021-07-16 18:46:38,639 ------------------------------------------------------------------------------
2021-07-16 18:46:38,639 Final task score = 100.0
2021-07-16 18:46:38,661 Trial 111 finished with value: 100.0 and parameters: {'hidden_dim': 200, 'batch_size': 459, 'gamma': 0.9899999999999999, 'epsilon_end': 0.0001, 'epsilon_decay': 0.1, 'target_update_period': 5, 'grad_clip': 0.29999999999999993}. Best is trial 48 with value: 501.0.
2021-07-16 18:46:44,996 ------------------------------------------------------------------------------
2021-07-16 18:46:44,996 Final task score = 15.0
2021-07-16 18:46:45,003 Trial 112 finished with value: 15.0 and parameters: {'hidden_dim': 168, 'batch_size': 102, 'gamma': 0.1, 'epsilon_end': 0.049999999999999996, 'epsilon_decay': 0.1, 'target_update_period': 5, 'grad_clip': 0.29999999999999993}. Best is trial 48 with value: 501.0.
2021-07-16 18:46:47,212 The parameter 'target_update_period' in trial#113 is sampled independently by using `RandomSampler` instead of `CmaEsSampler` (optimization performance may be degraded). `CmaEsSampler` does not support dynamic search space or `CategoricalDistribution`. You can suppress this warning by setting `warn_independent_sampling` to `False` in the constructor of `CmaEsSampler`, if this independent sampling is intended behavior.
2021-07-16 18:46:53,043 ------------------------------------------------------------------------------
2021-07-16 18:46:53,043 Final task score = 15.0
2021-07-16 18:46:53,050 Trial 113 finished with value: 15.0 and parameters: {'hidden_dim': 200, 'batch_size': 416, 'gamma': 0.1, 'epsilon_end': 0.049999999999999996, 'epsilon_decay': 0.1, 'target_update_period': 37, 'grad_clip': 0.05}. Best is trial 48 with value: 501.0.
2021-07-16 18:46:55,276 The parameter 'target_update_period' in trial#114 is sampled independently by using `RandomSampler` instead of `CmaEsSampler` (optimization performance may be degraded). `CmaEsSampler` does not support dynamic search space or `CategoricalDistribution`. You can suppress this warning by setting `warn_independent_sampling` to `False` in the constructor of `CmaEsSampler`, if this independent sampling is intended behavior.
2021-07-16 18:47:06,855 ------------------------------------------------------------------------------
2021-07-16 18:47:06,855 Final task score = 22.0
2021-07-16 18:47:06,867 Trial 114 finished with value: 22.0 and parameters: {'hidden_dim': 200, 'batch_size': 433, 'gamma': 0.1, 'epsilon_end': 0.0001, 'epsilon_decay': 0.9899999999999999, 'target_update_period': 11, 'grad_clip': 0.05}. Best is trial 48 with value: 501.0.
2021-07-16 18:47:15,406 ------------------------------------------------------------------------------
2021-07-16 18:47:15,406 Final task score = 21.0
2021-07-16 18:47:15,414 Trial 115 finished with value: 21.0 and parameters: {'hidden_dim': 200, 'batch_size': 186, 'gamma': 0.1, 'epsilon_end': 0.049999999999999996, 'epsilon_decay': 0.1, 'target_update_period': 5, 'grad_clip': 0.29999999999999993}. Best is trial 48 with value: 501.0.
2021-07-16 18:47:21,364 ------------------------------------------------------------------------------
2021-07-16 18:47:21,365 Final task score = 18.0
2021-07-16 18:47:21,372 Trial 116 finished with value: 18.0 and parameters: {'hidden_dim': 20, 'batch_size': 50, 'gamma': 0.1, 'epsilon_end': 0.0001, 'epsilon_decay': 0.9899999999999999, 'target_update_period': 5, 'grad_clip': 0.29999999999999993}. Best is trial 48 with value: 501.0.
2021-07-16 18:47:53,653 ------------------------------------------------------------------------------
2021-07-16 18:47:53,653 Final task score = 76.0
2021-07-16 18:47:53,677 Trial 117 finished with value: 76.0 and parameters: {'hidden_dim': 200, 'batch_size': 500, 'gamma': 0.9899999999999999, 'epsilon_end': 0.049999999999999996, 'epsilon_decay': 0.9899999999999999, 'target_update_period': 5, 'grad_clip': 0.29999999999999993}. Best is trial 48 with value: 501.0.
2021-07-16 18:48:01,660 ------------------------------------------------------------------------------
2021-07-16 18:48:01,660 Final task score = 18.0
2021-07-16 18:48:01,668 Trial 118 finished with value: 18.0 and parameters: {'hidden_dim': 20, 'batch_size': 500, 'gamma': 0.9899999999999999, 'epsilon_end': 0.049999999999999996, 'epsilon_decay': 0.9899999999999999, 'target_update_period': 5, 'grad_clip': 0.05}. Best is trial 48 with value: 501.0.
2021-07-16 18:48:09,304 ------------------------------------------------------------------------------
2021-07-16 18:48:09,304 Final task score = 29.0
2021-07-16 18:48:09,311 Trial 119 finished with value: 29.0 and parameters: {'hidden_dim': 20, 'batch_size': 500, 'gamma': 0.9899999999999999, 'epsilon_end': 0.049999999999999996, 'epsilon_decay': 0.9899999999999999, 'target_update_period': 5, 'grad_clip': 0.29999999999999993}. Best is trial 48 with value: 501.0.
2021-07-16 18:48:11,665 The parameter 'target_update_period' in trial#120 is sampled independently by using `RandomSampler` instead of `CmaEsSampler` (optimization performance may be degraded). `CmaEsSampler` does not support dynamic search space or `CategoricalDistribution`. You can suppress this warning by setting `warn_independent_sampling` to `False` in the constructor of `CmaEsSampler`, if this independent sampling is intended behavior.
2021-07-16 18:48:15,322 ------------------------------------------------------------------------------
2021-07-16 18:48:15,322 Final task score = 10.0
2021-07-16 18:48:15,327 Trial 120 finished with value: 10.0 and parameters: {'hidden_dim': 20, 'batch_size': 500, 'gamma': 0.1, 'epsilon_end': 0.049999999999999996, 'epsilon_decay': 0.1, 'target_update_period': 37, 'grad_clip': 0.29999999999999993}. Best is trial 48 with value: 501.0.
2021-07-16 18:48:17,656 The parameter 'target_update_period' in trial#121 is sampled independently by using `RandomSampler` instead of `CmaEsSampler` (optimization performance may be degraded). `CmaEsSampler` does not support dynamic search space or `CategoricalDistribution`. You can suppress this warning by setting `warn_independent_sampling` to `False` in the constructor of `CmaEsSampler`, if this independent sampling is intended behavior.
2021-07-16 18:50:27,882 ------------------------------------------------------------------------------
2021-07-16 18:50:27,882 Final task score = 501.0
2021-07-16 18:50:27,986 Trial 121 finished with value: 501.0 and parameters: {'hidden_dim': 200, 'batch_size': 500, 'gamma': 0.9899999999999999, 'epsilon_end': 0.0001, 'epsilon_decay': 0.1, 'target_update_period': 21, 'grad_clip': 0.05}. Best is trial 48 with value: 501.0.
2021-07-16 18:50:40,377 ------------------------------------------------------------------------------
2021-07-16 18:50:40,378 Final task score = 23.0
2021-07-16 18:50:40,390 Trial 122 finished with value: 23.0 and parameters: {'hidden_dim': 200, 'batch_size': 164, 'gamma': 0.1, 'epsilon_end': 0.0001, 'epsilon_decay': 0.9899999999999999, 'target_update_period': 5, 'grad_clip': 0.05}. Best is trial 48 with value: 501.0.
2021-07-16 18:51:06,353 ------------------------------------------------------------------------------
2021-07-16 18:51:06,353 Final task score = 133.0
2021-07-16 18:51:06,387 Trial 123 finished with value: 133.0 and parameters: {'hidden_dim': 144, 'batch_size': 50, 'gamma': 0.9899999999999999, 'epsilon_end': 0.049999999999999996, 'epsilon_decay': 0.9899999999999999, 'target_update_period': 5, 'grad_clip': 0.29999999999999993}. Best is trial 48 with value: 501.0.
2021-07-16 18:51:09,079 The parameter 'target_update_period' in trial#124 is sampled independently by using `RandomSampler` instead of `CmaEsSampler` (optimization performance may be degraded). `CmaEsSampler` does not support dynamic search space or `CategoricalDistribution`. You can suppress this warning by setting `warn_independent_sampling` to `False` in the constructor of `CmaEsSampler`, if this independent sampling is intended behavior.
2021-07-16 18:51:47,799 ------------------------------------------------------------------------------
2021-07-16 18:51:47,799 Final task score = 153.0
2021-07-16 18:51:47,834 Trial 124 finished with value: 153.0 and parameters: {'hidden_dim': 122, 'batch_size': 388, 'gamma': 0.9899999999999999, 'epsilon_end': 0.0001, 'epsilon_decay': 0.9899999999999999, 'target_update_period': 20, 'grad_clip': 0.05}. Best is trial 48 with value: 501.0.
2021-07-16 18:51:50,426 The parameter 'target_update_period' in trial#125 is sampled independently by using `RandomSampler` instead of `CmaEsSampler` (optimization performance may be degraded). `CmaEsSampler` does not support dynamic search space or `CategoricalDistribution`. You can suppress this warning by setting `warn_independent_sampling` to `False` in the constructor of `CmaEsSampler`, if this independent sampling is intended behavior.
2021-07-16 18:52:42,032 ------------------------------------------------------------------------------
2021-07-16 18:52:42,032 Final task score = 191.0
2021-07-16 18:52:42,078 Trial 125 finished with value: 191.0 and parameters: {'hidden_dim': 20, 'batch_size': 500, 'gamma': 0.9899999999999999, 'epsilon_end': 0.0001, 'epsilon_decay': 0.9899999999999999, 'target_update_period': 8, 'grad_clip': 0.05}. Best is trial 48 with value: 501.0.
2021-07-16 18:52:44,542 The parameter 'target_update_period' in trial#126 is sampled independently by using `RandomSampler` instead of `CmaEsSampler` (optimization performance may be degraded). `CmaEsSampler` does not support dynamic search space or `CategoricalDistribution`. You can suppress this warning by setting `warn_independent_sampling` to `False` in the constructor of `CmaEsSampler`, if this independent sampling is intended behavior.
2021-07-16 18:52:52,333 ------------------------------------------------------------------------------
2021-07-16 18:52:52,333 Final task score = 17.0
2021-07-16 18:52:52,342 Trial 126 finished with value: 17.0 and parameters: {'hidden_dim': 200, 'batch_size': 472, 'gamma': 0.1, 'epsilon_end': 0.0001, 'epsilon_decay': 0.1, 'target_update_period': 47, 'grad_clip': 0.29999999999999993}. Best is trial 48 with value: 501.0.
2021-07-16 18:52:54,836 The parameter 'target_update_period' in trial#127 is sampled independently by using `RandomSampler` instead of `CmaEsSampler` (optimization performance may be degraded). `CmaEsSampler` does not support dynamic search space or `CategoricalDistribution`. You can suppress this warning by setting `warn_independent_sampling` to `False` in the constructor of `CmaEsSampler`, if this independent sampling is intended behavior.
2021-07-16 18:52:59,678 ------------------------------------------------------------------------------
2021-07-16 18:52:59,678 Final task score = 13.0
2021-07-16 18:52:59,685 Trial 127 finished with value: 13.0 and parameters: {'hidden_dim': 70, 'batch_size': 424, 'gamma': 0.1, 'epsilon_end': 0.049999999999999996, 'epsilon_decay': 0.1, 'target_update_period': 35, 'grad_clip': 0.05}. Best is trial 48 with value: 501.0.
2021-07-16 18:53:02,423 The parameter 'target_update_period' in trial#128 is sampled independently by using `RandomSampler` instead of `CmaEsSampler` (optimization performance may be degraded). `CmaEsSampler` does not support dynamic search space or `CategoricalDistribution`. You can suppress this warning by setting `warn_independent_sampling` to `False` in the constructor of `CmaEsSampler`, if this independent sampling is intended behavior.
2021-07-16 18:53:12,133 ------------------------------------------------------------------------------
2021-07-16 18:53:12,133 Final task score = 30.0
2021-07-16 18:53:12,144 Trial 128 finished with value: 30.0 and parameters: {'hidden_dim': 20, 'batch_size': 500, 'gamma': 0.1, 'epsilon_end': 0.049999999999999996, 'epsilon_decay': 0.1, 'target_update_period': 38, 'grad_clip': 0.05}. Best is trial 48 with value: 501.0.
2021-07-16 18:53:18,686 ------------------------------------------------------------------------------
2021-07-16 18:53:18,686 Final task score = 19.0
2021-07-16 18:53:18,693 Trial 129 finished with value: 19.0 and parameters: {'hidden_dim': 20, 'batch_size': 50, 'gamma': 0.9899999999999999, 'epsilon_end': 0.049999999999999996, 'epsilon_decay': 0.9899999999999999, 'target_update_period': 5, 'grad_clip': 0.05}. Best is trial 48 with value: 501.0.
2021-07-16 18:53:21,312 The parameter 'target_update_period' in trial#130 is sampled independently by using `RandomSampler` instead of `CmaEsSampler` (optimization performance may be degraded). `CmaEsSampler` does not support dynamic search space or `CategoricalDistribution`. You can suppress this warning by setting `warn_independent_sampling` to `False` in the constructor of `CmaEsSampler`, if this independent sampling is intended behavior.
2021-07-16 18:53:26,435 ------------------------------------------------------------------------------
2021-07-16 18:53:26,435 Final task score = 18.0
2021-07-16 18:53:26,442 Trial 130 finished with value: 18.0 and parameters: {'hidden_dim': 58, 'batch_size': 319, 'gamma': 0.1, 'epsilon_end': 0.049999999999999996, 'epsilon_decay': 0.1, 'target_update_period': 32, 'grad_clip': 0.29999999999999993}. Best is trial 48 with value: 501.0.
2021-07-16 18:53:59,611 ------------------------------------------------------------------------------
2021-07-16 18:53:59,611 Final task score = 115.0
2021-07-16 18:53:59,634 Trial 131 finished with value: 115.0 and parameters: {'hidden_dim': 200, 'batch_size': 474, 'gamma': 0.9899999999999999, 'epsilon_end': 0.049999999999999996, 'epsilon_decay': 0.1, 'target_update_period': 5, 'grad_clip': 0.29999999999999993}. Best is trial 48 with value: 501.0.
2021-07-16 18:54:08,394 ------------------------------------------------------------------------------
2021-07-16 18:54:08,394 Final task score = 21.0
2021-07-16 18:54:08,401 Trial 132 finished with value: 21.0 and parameters: {'hidden_dim': 31, 'batch_size': 500, 'gamma': 0.9899999999999999, 'epsilon_end': 0.049999999999999996, 'epsilon_decay': 0.9899999999999999, 'target_update_period': 5, 'grad_clip': 0.29999999999999993}. Best is trial 48 with value: 501.0.
2021-07-16 18:54:11,051 The parameter 'target_update_period' in trial#133 is sampled independently by using `RandomSampler` instead of `CmaEsSampler` (optimization performance may be degraded). `CmaEsSampler` does not support dynamic search space or `CategoricalDistribution`. You can suppress this warning by setting `warn_independent_sampling` to `False` in the constructor of `CmaEsSampler`, if this independent sampling is intended behavior.
2021-07-16 18:54:15,623 ------------------------------------------------------------------------------
2021-07-16 18:54:15,623 Final task score = 15.0
2021-07-16 18:54:15,629 Trial 133 finished with value: 15.0 and parameters: {'hidden_dim': 20, 'batch_size': 500, 'gamma': 0.1, 'epsilon_end': 0.049999999999999996, 'epsilon_decay': 0.1, 'target_update_period': 34, 'grad_clip': 0.29999999999999993}. Best is trial 48 with value: 501.0.
2021-07-16 18:54:36,263 ------------------------------------------------------------------------------
2021-07-16 18:54:36,264 Final task score = 30.0
2021-07-16 18:54:36,281 Trial 134 finished with value: 30.0 and parameters: {'hidden_dim': 200, 'batch_size': 408, 'gamma': 0.1, 'epsilon_end': 0.0001, 'epsilon_decay': 0.1, 'target_update_period': 5, 'grad_clip': 0.05}. Best is trial 48 with value: 501.0.
2021-07-16 18:54:52,195 ------------------------------------------------------------------------------
2021-07-16 18:54:52,195 Final task score = 28.0
