2021-07-16 19:04:28,296 Trial 168 finished with value: 127.0 and parameters: {'hidden_dim': 61, 'batch_size': 352, 'gamma': 0.9899999999999999, 'epsilon_end': 0.049999999999999996, 'epsilon_decay': 0.9899999999999999, 'target_update_period': 5, 'grad_clip': 0.05}. Best is trial 48 with value: 501.0.
2021-07-16 19:04:31,604 The parameter 'target_update_period' in trial#169 is sampled independently by using `RandomSampler` instead of `CmaEsSampler` (optimization performance may be degraded). `CmaEsSampler` does not support dynamic search space or `CategoricalDistribution`. You can suppress this warning by setting `warn_independent_sampling` to `False` in the constructor of `CmaEsSampler`, if this independent sampling is intended behavior.
2021-07-16 19:04:36,530 ------------------------------------------------------------------------------
2021-07-16 19:04:36,530 Final task score = 15.0
2021-07-16 19:04:36,538 Trial 169 finished with value: 15.0 and parameters: {'hidden_dim': 128, 'batch_size': 188, 'gamma': 0.1, 'epsilon_end': 0.049999999999999996, 'epsilon_decay': 0.1, 'target_update_period': 33, 'grad_clip': 0.05}. Best is trial 48 with value: 501.0.
2021-07-16 19:04:39,872 The parameter 'target_update_period' in trial#170 is sampled independently by using `RandomSampler` instead of `CmaEsSampler` (optimization performance may be degraded). `CmaEsSampler` does not support dynamic search space or `CategoricalDistribution`. You can suppress this warning by setting `warn_independent_sampling` to `False` in the constructor of `CmaEsSampler`, if this independent sampling is intended behavior.
2021-07-16 19:04:47,447 ------------------------------------------------------------------------------
2021-07-16 19:04:47,447 Final task score = 86.0
2021-07-16 19:04:47,457 Trial 170 finished with value: 86.0 and parameters: {'hidden_dim': 138, 'batch_size': 289, 'gamma': 0.9899999999999999, 'epsilon_end': 0.049999999999999996, 'epsilon_decay': 0.1, 'target_update_period': 47, 'grad_clip': 0.05}. Best is trial 48 with value: 501.0.
2021-07-16 19:04:50,810 The parameter 'target_update_period' in trial#171 is sampled independently by using `RandomSampler` instead of `CmaEsSampler` (optimization performance may be degraded). `CmaEsSampler` does not support dynamic search space or `CategoricalDistribution`. You can suppress this warning by setting `warn_independent_sampling` to `False` in the constructor of `CmaEsSampler`, if this independent sampling is intended behavior.
2021-07-16 19:05:00,340 ------------------------------------------------------------------------------
2021-07-16 19:05:00,340 Final task score = 22.0
2021-07-16 19:05:00,350 Trial 171 finished with value: 22.0 and parameters: {'hidden_dim': 190, 'batch_size': 363, 'gamma': 0.1, 'epsilon_end': 0.0001, 'epsilon_decay': 0.9899999999999999, 'target_update_period': 24, 'grad_clip': 0.29999999999999993}. Best is trial 48 with value: 501.0.
2021-07-16 19:05:07,175 ------------------------------------------------------------------------------
2021-07-16 19:05:07,175 Final task score = 10.0
2021-07-16 19:05:07,181 Trial 172 finished with value: 10.0 and parameters: {'hidden_dim': 20, 'batch_size': 405, 'gamma': 0.9899999999999999, 'epsilon_end': 0.049999999999999996, 'epsilon_decay': 0.1, 'target_update_period': 5, 'grad_clip': 0.05}. Best is trial 48 with value: 501.0.
2021-07-16 19:05:18,119 ------------------------------------------------------------------------------
2021-07-16 19:05:18,120 Final task score = 24.0
2021-07-16 19:05:18,128 Trial 173 finished with value: 24.0 and parameters: {'hidden_dim': 200, 'batch_size': 235, 'gamma': 0.1, 'epsilon_end': 0.049999999999999996, 'epsilon_decay': 0.9899999999999999, 'target_update_period': 5, 'grad_clip': 0.29999999999999993}. Best is trial 48 with value: 501.0.
2021-07-16 19:05:27,038 ------------------------------------------------------------------------------
2021-07-16 19:05:27,038 Final task score = 32.0
2021-07-16 19:05:27,045 Trial 174 finished with value: 32.0 and parameters: {'hidden_dim': 140, 'batch_size': 275, 'gamma': 0.9899999999999999, 'epsilon_end': 0.0001, 'epsilon_decay': 0.1, 'target_update_period': 5, 'grad_clip': 0.29999999999999993}. Best is trial 48 with value: 501.0.
2021-07-16 19:05:33,571 ------------------------------------------------------------------------------
2021-07-16 19:05:33,571 Final task score = 10.0
2021-07-16 19:05:33,576 Trial 175 finished with value: 10.0 and parameters: {'hidden_dim': 49, 'batch_size': 276, 'gamma': 0.9899999999999999, 'epsilon_end': 0.049999999999999996, 'epsilon_decay': 0.1, 'target_update_period': 5, 'grad_clip': 0.05}. Best is trial 48 with value: 501.0.
2021-07-16 19:05:37,007 The parameter 'target_update_period' in trial#176 is sampled independently by using `RandomSampler` instead of `CmaEsSampler` (optimization performance may be degraded). `CmaEsSampler` does not support dynamic search space or `CategoricalDistribution`. You can suppress this warning by setting `warn_independent_sampling` to `False` in the constructor of `CmaEsSampler`, if this independent sampling is intended behavior.
2021-07-16 19:05:42,995 ------------------------------------------------------------------------------
2021-07-16 19:05:42,995 Final task score = 21.0
2021-07-16 19:05:43,004 Trial 176 finished with value: 21.0 and parameters: {'hidden_dim': 20, 'batch_size': 335, 'gamma': 0.1, 'epsilon_end': 0.0001, 'epsilon_decay': 0.9899999999999999, 'target_update_period': 20, 'grad_clip': 0.29999999999999993}. Best is trial 48 with value: 501.0.
2021-07-16 19:05:55,921 ------------------------------------------------------------------------------
2021-07-16 19:05:55,921 Final task score = 27.0
2021-07-16 19:05:55,935 Trial 177 finished with value: 27.0 and parameters: {'hidden_dim': 20, 'batch_size': 302, 'gamma': 0.1, 'epsilon_end': 0.049999999999999996, 'epsilon_decay': 0.9899999999999999, 'target_update_period': 5, 'grad_clip': 0.05}. Best is trial 48 with value: 501.0.
2021-07-16 19:06:25,452 ------------------------------------------------------------------------------
2021-07-16 19:06:25,453 Final task score = 143.0
2021-07-16 19:06:25,483 Trial 178 finished with value: 143.0 and parameters: {'hidden_dim': 86, 'batch_size': 345, 'gamma': 0.9899999999999999, 'epsilon_end': 0.049999999999999996, 'epsilon_decay': 0.9899999999999999, 'target_update_period': 5, 'grad_clip': 0.29999999999999993}. Best is trial 48 with value: 501.0.
2021-07-16 19:06:32,137 ------------------------------------------------------------------------------
2021-07-16 19:06:32,138 Final task score = 10.0
2021-07-16 19:06:32,143 Trial 179 finished with value: 10.0 and parameters: {'hidden_dim': 76, 'batch_size': 257, 'gamma': 0.1, 'epsilon_end': 0.0001, 'epsilon_decay': 0.1, 'target_update_period': 5, 'grad_clip': 0.29999999999999993}. Best is trial 48 with value: 501.0.
2021-07-16 19:07:00,667 ------------------------------------------------------------------------------
2021-07-16 19:07:00,668 Final task score = 122.0
2021-07-16 19:07:00,696 Trial 180 finished with value: 122.0 and parameters: {'hidden_dim': 124, 'batch_size': 309, 'gamma': 0.9899999999999999, 'epsilon_end': 0.049999999999999996, 'epsilon_decay': 0.1, 'target_update_period': 5, 'grad_clip': 0.29999999999999993}. Best is trial 48 with value: 501.0.
2021-07-16 19:07:13,389 ------------------------------------------------------------------------------
2021-07-16 19:07:13,389 Final task score = 31.0
2021-07-16 19:07:13,399 Trial 181 finished with value: 31.0 and parameters: {'hidden_dim': 100, 'batch_size': 371, 'gamma': 0.1, 'epsilon_end': 0.049999999999999996, 'epsilon_decay': 0.9899999999999999, 'target_update_period': 5, 'grad_clip': 0.05}. Best is trial 48 with value: 501.0.
2021-07-16 19:07:25,065 ------------------------------------------------------------------------------
2021-07-16 19:07:25,065 Final task score = 20.0
2021-07-16 19:07:25,075 Trial 182 finished with value: 20.0 and parameters: {'hidden_dim': 147, 'batch_size': 276, 'gamma': 0.1, 'epsilon_end': 0.049999999999999996, 'epsilon_decay': 0.9899999999999999, 'target_update_period': 5, 'grad_clip': 0.05}. Best is trial 48 with value: 501.0.
2021-07-16 19:07:35,970 ------------------------------------------------------------------------------
2021-07-16 19:07:35,970 Final task score = 34.0
2021-07-16 19:07:35,980 Trial 183 finished with value: 34.0 and parameters: {'hidden_dim': 110, 'batch_size': 311, 'gamma': 0.9899999999999999, 'epsilon_end': 0.049999999999999996, 'epsilon_decay': 0.1, 'target_update_period': 5, 'grad_clip': 0.29999999999999993}. Best is trial 48 with value: 501.0.
2021-07-16 19:07:39,570 The parameter 'target_update_period' in trial#184 is sampled independently by using `RandomSampler` instead of `CmaEsSampler` (optimization performance may be degraded). `CmaEsSampler` does not support dynamic search space or `CategoricalDistribution`. You can suppress this warning by setting `warn_independent_sampling` to `False` in the constructor of `CmaEsSampler`, if this independent sampling is intended behavior.
2021-07-16 19:07:44,133 ------------------------------------------------------------------------------
2021-07-16 19:07:44,133 Final task score = 11.0
2021-07-16 19:07:44,140 Trial 184 finished with value: 11.0 and parameters: {'hidden_dim': 132, 'batch_size': 376, 'gamma': 0.1, 'epsilon_end': 0.0001, 'epsilon_decay': 0.1, 'target_update_period': 10, 'grad_clip': 0.29999999999999993}. Best is trial 48 with value: 501.0.
2021-07-16 19:07:47,669 The parameter 'target_update_period' in trial#185 is sampled independently by using `RandomSampler` instead of `CmaEsSampler` (optimization performance may be degraded). `CmaEsSampler` does not support dynamic search space or `CategoricalDistribution`. You can suppress this warning by setting `warn_independent_sampling` to `False` in the constructor of `CmaEsSampler`, if this independent sampling is intended behavior.
2021-07-16 19:07:51,012 ------------------------------------------------------------------------------
2021-07-16 19:07:51,012 Final task score = 10.0
2021-07-16 19:07:51,018 Trial 185 finished with value: 10.0 and parameters: {'hidden_dim': 32, 'batch_size': 399, 'gamma': 0.9899999999999999, 'epsilon_end': 0.0001, 'epsilon_decay': 0.1, 'target_update_period': 29, 'grad_clip': 0.05}. Best is trial 48 with value: 501.0.
2021-07-16 19:07:54,617 The parameter 'target_update_period' in trial#186 is sampled independently by using `RandomSampler` instead of `CmaEsSampler` (optimization performance may be degraded). `CmaEsSampler` does not support dynamic search space or `CategoricalDistribution`. You can suppress this warning by setting `warn_independent_sampling` to `False` in the constructor of `CmaEsSampler`, if this independent sampling is intended behavior.
2021-07-16 19:08:32,068 ------------------------------------------------------------------------------
2021-07-16 19:08:32,068 Final task score = 501.0
2021-07-16 19:08:32,108 Trial 186 finished with value: 501.0 and parameters: {'hidden_dim': 188, 'batch_size': 305, 'gamma': 0.9899999999999999, 'epsilon_end': 0.049999999999999996, 'epsilon_decay': 0.1, 'target_update_period': 13, 'grad_clip': 0.05}. Best is trial 48 with value: 501.0.
2021-07-16 19:08:35,705 The parameter 'target_update_period' in trial#187 is sampled independently by using `RandomSampler` instead of `CmaEsSampler` (optimization performance may be degraded). `CmaEsSampler` does not support dynamic search space or `CategoricalDistribution`. You can suppress this warning by setting `warn_independent_sampling` to `False` in the constructor of `CmaEsSampler`, if this independent sampling is intended behavior.
2021-07-16 19:09:03,816 ------------------------------------------------------------------------------
2021-07-16 19:09:03,816 Final task score = 133.0
2021-07-16 19:09:03,848 Trial 187 finished with value: 133.0 and parameters: {'hidden_dim': 46, 'batch_size': 373, 'gamma': 0.9899999999999999, 'epsilon_end': 0.049999999999999996, 'epsilon_decay': 0.9899999999999999, 'target_update_period': 17, 'grad_clip': 0.29999999999999993}. Best is trial 48 with value: 501.0.
2021-07-16 19:09:14,563 ------------------------------------------------------------------------------
2021-07-16 19:09:14,563 Final task score = 25.0
2021-07-16 19:09:14,573 Trial 188 finished with value: 25.0 and parameters: {'hidden_dim': 26, 'batch_size': 330, 'gamma': 0.1, 'epsilon_end': 0.049999999999999996, 'epsilon_decay': 0.9899999999999999, 'target_update_period': 5, 'grad_clip': 0.05}. Best is trial 48 with value: 501.0.
2021-07-16 19:09:29,261 ------------------------------------------------------------------------------
2021-07-16 19:09:29,262 Final task score = 25.0
2021-07-16 19:09:29,274 Trial 189 finished with value: 25.0 and parameters: {'hidden_dim': 185, 'batch_size': 310, 'gamma': 0.1, 'epsilon_end': 0.0001, 'epsilon_decay': 0.9899999999999999, 'target_update_period': 5, 'grad_clip': 0.05}. Best is trial 48 with value: 501.0.
2021-07-16 19:09:33,140 The parameter 'target_update_period' in trial#190 is sampled independently by using `RandomSampler` instead of `CmaEsSampler` (optimization performance may be degraded). `CmaEsSampler` does not support dynamic search space or `CategoricalDistribution`. You can suppress this warning by setting `warn_independent_sampling` to `False` in the constructor of `CmaEsSampler`, if this independent sampling is intended behavior.
2021-07-16 19:09:37,177 ------------------------------------------------------------------------------
2021-07-16 19:09:37,178 Final task score = 10.0
2021-07-16 19:09:37,183 Trial 190 finished with value: 10.0 and parameters: {'hidden_dim': 197, 'batch_size': 342, 'gamma': 0.9899999999999999, 'epsilon_end': 0.0001, 'epsilon_decay': 0.1, 'target_update_period': 15, 'grad_clip': 0.29999999999999993}. Best is trial 48 with value: 501.0.
2021-07-16 19:09:50,978 ------------------------------------------------------------------------------
2021-07-16 19:09:50,978 Final task score = 24.0
2021-07-16 19:09:50,988 Trial 191 finished with value: 24.0 and parameters: {'hidden_dim': 200, 'batch_size': 305, 'gamma': 0.1, 'epsilon_end': 0.049999999999999996, 'epsilon_decay': 0.9899999999999999, 'target_update_period': 5, 'grad_clip': 0.29999999999999993}. Best is trial 48 with value: 501.0.
2021-07-16 19:10:01,397 ------------------------------------------------------------------------------
2021-07-16 19:10:01,397 Final task score = 26.0
2021-07-16 19:10:01,407 Trial 192 finished with value: 26.0 and parameters: {'hidden_dim': 73, 'batch_size': 332, 'gamma': 0.1, 'epsilon_end': 0.049999999999999996, 'epsilon_decay': 0.9899999999999999, 'target_update_period': 5, 'grad_clip': 0.29999999999999993}. Best is trial 48 with value: 501.0.
2021-07-16 19:10:17,696 ------------------------------------------------------------------------------
2021-07-16 19:10:17,697 Final task score = 44.0
2021-07-16 19:10:17,711 Trial 193 finished with value: 44.0 and parameters: {'hidden_dim': 200, 'batch_size': 303, 'gamma': 0.1, 'epsilon_end': 0.049999999999999996, 'epsilon_decay': 0.1, 'target_update_period': 5, 'grad_clip': 0.29999999999999993}. Best is trial 48 with value: 501.0.
2021-07-16 19:10:26,766 ------------------------------------------------------------------------------
2021-07-16 19:10:26,766 Final task score = 13.0
2021-07-16 19:10:26,772 Trial 194 finished with value: 13.0 and parameters: {'hidden_dim': 181, 'batch_size': 310, 'gamma': 0.1, 'epsilon_end': 0.049999999999999996, 'epsilon_decay': 0.1, 'target_update_period': 5, 'grad_clip': 0.29999999999999993}. Best is trial 48 with value: 501.0.
2021-07-16 19:10:56,724 ------------------------------------------------------------------------------
2021-07-16 19:10:56,725 Final task score = 123.0
2021-07-16 19:10:56,752 Trial 195 finished with value: 123.0 and parameters: {'hidden_dim': 143, 'batch_size': 328, 'gamma': 0.9899999999999999, 'epsilon_end': 0.049999999999999996, 'epsilon_decay': 0.1, 'target_update_period': 5, 'grad_clip': 0.05}. Best is trial 48 with value: 501.0.
2021-07-16 19:11:09,368 ------------------------------------------------------------------------------
2021-07-16 19:11:09,368 Final task score = 26.0
2021-07-16 19:11:09,379 Trial 196 finished with value: 26.0 and parameters: {'hidden_dim': 94, 'batch_size': 354, 'gamma': 0.1, 'epsilon_end': 0.049999999999999996, 'epsilon_decay': 0.9899999999999999, 'target_update_period': 5, 'grad_clip': 0.29999999999999993}. Best is trial 48 with value: 501.0.
2021-07-16 19:11:21,322 ------------------------------------------------------------------------------
2021-07-16 19:11:21,322 Final task score = 52.0
2021-07-16 19:11:21,332 Trial 197 finished with value: 52.0 and parameters: {'hidden_dim': 200, 'batch_size': 329, 'gamma': 0.9899999999999999, 'epsilon_end': 0.049999999999999996, 'epsilon_decay': 0.1, 'target_update_period': 5, 'grad_clip': 0.05}. Best is trial 48 with value: 501.0.
2021-07-16 19:11:29,632 ------------------------------------------------------------------------------
2021-07-16 19:11:29,632 Final task score = 24.0
2021-07-16 19:11:29,639 Trial 198 finished with value: 24.0 and parameters: {'hidden_dim': 20, 'batch_size': 328, 'gamma': 0.9899999999999999, 'epsilon_end': 0.0001, 'epsilon_decay': 0.9899999999999999, 'target_update_period': 5, 'grad_clip': 0.05}. Best is trial 48 with value: 501.0.
2021-07-16 19:12:03,885 ------------------------------------------------------------------------------
2021-07-16 19:12:03,885 Final task score = 118.0
2021-07-16 19:12:03,918 Trial 199 finished with value: 118.0 and parameters: {'hidden_dim': 156, 'batch_size': 302, 'gamma': 0.9899999999999999, 'epsilon_end': 0.049999999999999996, 'epsilon_decay': 0.9899999999999999, 'target_update_period': 5, 'grad_clip': 0.29999999999999993}. Best is trial 48 with value: 501.0.
2021-07-16 19:12:08,068 Study statistics: 
2021-07-16 19:12:08,128 Number of finished trials: 200
2021-07-16 19:12:08,128 Number of pruned trials: 0
2021-07-16 19:12:08,128 Number of complete trials: 200
2021-07-16 19:12:08,128 Best trial: 
2021-07-16 19:12:08,129 Score: 501.0
2021-07-16 19:12:08,129 Params: 
2021-07-16 19:12:08,129     hidden_dim: 200
2021-07-16 19:12:08,129     batch_size: 500
2021-07-16 19:12:08,129     gamma: 0.9899999999999999
2021-07-16 19:12:08,129     epsilon_end: 0.049999999999999996
2021-07-16 19:12:08,129     epsilon_decay: 0.9899999999999999
2021-07-16 19:12:08,129     target_update_period: 5
2021-07-16 19:12:08,129     grad_clip: 0.29999999999999993
