2021-07-16 18:24:57,167 Trial 67 finished with value: 36.0 and parameters: {'hidden_dim': 20, 'batch_size': 50, 'gamma': 0.1, 'epsilon_end': 0.049999999999999996, 'epsilon_decay': 0.9899999999999999, 'target_update_period': 5, 'grad_clip': 0.29999999999999993}. Best is trial 48 with value: 501.0.
2021-07-16 18:24:59,056 The parameter 'target_update_period' in trial#68 is sampled independently by using `RandomSampler` instead of `CmaEsSampler` (optimization performance may be degraded). `CmaEsSampler` does not support dynamic search space or `CategoricalDistribution`. You can suppress this warning by setting `warn_independent_sampling` to `False` in the constructor of `CmaEsSampler`, if this independent sampling is intended behavior.
2021-07-16 18:25:05,960 ------------------------------------------------------------------------------
2021-07-16 18:25:05,960 Final task score = 62.0
2021-07-16 18:25:05,975 Trial 68 finished with value: 62.0 and parameters: {'hidden_dim': 20, 'batch_size': 50, 'gamma': 0.9899999999999999, 'epsilon_end': 0.049999999999999996, 'epsilon_decay': 0.9899999999999999, 'target_update_period': 46, 'grad_clip': 0.29999999999999993}. Best is trial 48 with value: 501.0.
2021-07-16 18:25:46,289 ------------------------------------------------------------------------------
2021-07-16 18:25:46,290 Final task score = 159.0
2021-07-16 18:25:46,343 Trial 69 finished with value: 159.0 and parameters: {'hidden_dim': 200, 'batch_size': 121, 'gamma': 0.9899999999999999, 'epsilon_end': 0.049999999999999996, 'epsilon_decay': 0.1, 'target_update_period': 5, 'grad_clip': 0.29999999999999993}. Best is trial 48 with value: 501.0.
2021-07-16 18:25:47,894 The parameter 'target_update_period' in trial#70 is sampled independently by using `RandomSampler` instead of `CmaEsSampler` (optimization performance may be degraded). `CmaEsSampler` does not support dynamic search space or `CategoricalDistribution`. You can suppress this warning by setting `warn_independent_sampling` to `False` in the constructor of `CmaEsSampler`, if this independent sampling is intended behavior.
2021-07-16 18:25:57,569 ------------------------------------------------------------------------------
2021-07-16 18:25:57,569 Final task score = 25.0
2021-07-16 18:25:57,579 Trial 70 finished with value: 25.0 and parameters: {'hidden_dim': 200, 'batch_size': 500, 'gamma': 0.9899999999999999, 'epsilon_end': 0.0001, 'epsilon_decay': 0.1, 'target_update_period': 35, 'grad_clip': 0.05}. Best is trial 48 with value: 501.0.
2021-07-16 18:26:02,659 ------------------------------------------------------------------------------
2021-07-16 18:26:02,659 Final task score = 10.0
2021-07-16 18:26:02,665 Trial 71 finished with value: 10.0 and parameters: {'hidden_dim': 20, 'batch_size': 50, 'gamma': 0.9899999999999999, 'epsilon_end': 0.049999999999999996, 'epsilon_decay': 0.1, 'target_update_period': 5, 'grad_clip': 0.29999999999999993}. Best is trial 48 with value: 501.0.
2021-07-16 18:26:13,448 ------------------------------------------------------------------------------
2021-07-16 18:26:13,448 Final task score = 38.0
2021-07-16 18:26:13,466 Trial 72 finished with value: 38.0 and parameters: {'hidden_dim': 200, 'batch_size': 50, 'gamma': 0.1, 'epsilon_end': 0.049999999999999996, 'epsilon_decay': 0.1, 'target_update_period': 5, 'grad_clip': 0.29999999999999993}. Best is trial 48 with value: 501.0.
2021-07-16 18:26:37,430 ------------------------------------------------------------------------------
2021-07-16 18:26:37,431 Final task score = 75.0
2021-07-16 18:26:37,449 Trial 73 finished with value: 75.0 and parameters: {'hidden_dim': 200, 'batch_size': 500, 'gamma': 0.9899999999999999, 'epsilon_end': 0.049999999999999996, 'epsilon_decay': 0.1, 'target_update_period': 5, 'grad_clip': 0.29999999999999993}. Best is trial 48 with value: 501.0.
2021-07-16 18:26:42,702 ------------------------------------------------------------------------------
2021-07-16 18:26:42,702 Final task score = 10.0
2021-07-16 18:26:42,710 Trial 74 finished with value: 10.0 and parameters: {'hidden_dim': 20, 'batch_size': 50, 'gamma': 0.9899999999999999, 'epsilon_end': 0.049999999999999996, 'epsilon_decay': 0.1, 'target_update_period': 5, 'grad_clip': 0.05}. Best is trial 48 with value: 501.0.
2021-07-16 18:26:44,297 The parameter 'target_update_period' in trial#75 is sampled independently by using `RandomSampler` instead of `CmaEsSampler` (optimization performance may be degraded). `CmaEsSampler` does not support dynamic search space or `CategoricalDistribution`. You can suppress this warning by setting `warn_independent_sampling` to `False` in the constructor of `CmaEsSampler`, if this independent sampling is intended behavior.
2021-07-16 18:26:50,190 ------------------------------------------------------------------------------
2021-07-16 18:26:50,190 Final task score = 11.0
2021-07-16 18:26:50,198 Trial 75 finished with value: 11.0 and parameters: {'hidden_dim': 20, 'batch_size': 500, 'gamma': 0.1, 'epsilon_end': 0.0001, 'epsilon_decay': 0.1, 'target_update_period': 43, 'grad_clip': 0.05}. Best is trial 48 with value: 501.0.
2021-07-16 18:26:57,083 ------------------------------------------------------------------------------
2021-07-16 18:26:57,083 Final task score = 12.0
2021-07-16 18:26:57,090 Trial 76 finished with value: 12.0 and parameters: {'hidden_dim': 20, 'batch_size': 500, 'gamma': 0.9899999999999999, 'epsilon_end': 0.049999999999999996, 'epsilon_decay': 0.1, 'target_update_period': 5, 'grad_clip': 0.05}. Best is trial 48 with value: 501.0.
2021-07-16 18:26:58,766 The parameter 'target_update_period' in trial#77 is sampled independently by using `RandomSampler` instead of `CmaEsSampler` (optimization performance may be degraded). `CmaEsSampler` does not support dynamic search space or `CategoricalDistribution`. You can suppress this warning by setting `warn_independent_sampling` to `False` in the constructor of `CmaEsSampler`, if this independent sampling is intended behavior.
2021-07-16 18:27:05,530 ------------------------------------------------------------------------------
2021-07-16 18:27:05,531 Final task score = 27.0
2021-07-16 18:27:05,538 Trial 77 finished with value: 27.0 and parameters: {'hidden_dim': 20, 'batch_size': 500, 'gamma': 0.9899999999999999, 'epsilon_end': 0.049999999999999996, 'epsilon_decay': 0.1, 'target_update_period': 37, 'grad_clip': 0.05}. Best is trial 48 with value: 501.0.
2021-07-16 18:27:07,171 The parameter 'target_update_period' in trial#78 is sampled independently by using `RandomSampler` instead of `CmaEsSampler` (optimization performance may be degraded). `CmaEsSampler` does not support dynamic search space or `CategoricalDistribution`. You can suppress this warning by setting `warn_independent_sampling` to `False` in the constructor of `CmaEsSampler`, if this independent sampling is intended behavior.
2021-07-16 18:27:15,236 ------------------------------------------------------------------------------
2021-07-16 18:27:15,236 Final task score = 17.0
2021-07-16 18:27:15,245 Trial 78 finished with value: 17.0 and parameters: {'hidden_dim': 20, 'batch_size': 500, 'gamma': 0.1, 'epsilon_end': 0.0001, 'epsilon_decay': 0.1, 'target_update_period': 45, 'grad_clip': 0.05}. Best is trial 48 with value: 501.0.
2021-07-16 18:27:16,943 The parameter 'target_update_period' in trial#79 is sampled independently by using `RandomSampler` instead of `CmaEsSampler` (optimization performance may be degraded). `CmaEsSampler` does not support dynamic search space or `CategoricalDistribution`. You can suppress this warning by setting `warn_independent_sampling` to `False` in the constructor of `CmaEsSampler`, if this independent sampling is intended behavior.
2021-07-16 18:27:27,775 ------------------------------------------------------------------------------
2021-07-16 18:27:27,780 Final task score = 45.0
2021-07-16 18:27:27,792 Trial 79 finished with value: 45.0 and parameters: {'hidden_dim': 20, 'batch_size': 500, 'gamma': 0.9899999999999999, 'epsilon_end': 0.049999999999999996, 'epsilon_decay': 0.1, 'target_update_period': 12, 'grad_clip': 0.05}. Best is trial 48 with value: 501.0.
2021-07-16 18:27:29,890 The parameter 'target_update_period' in trial#80 is sampled independently by using `RandomSampler` instead of `CmaEsSampler` (optimization performance may be degraded). `CmaEsSampler` does not support dynamic search space or `CategoricalDistribution`. You can suppress this warning by setting `warn_independent_sampling` to `False` in the constructor of `CmaEsSampler`, if this independent sampling is intended behavior.
2021-07-16 18:27:33,357 ------------------------------------------------------------------------------
2021-07-16 18:27:33,357 Final task score = 11.0
2021-07-16 18:27:33,362 Trial 80 finished with value: 11.0 and parameters: {'hidden_dim': 20, 'batch_size': 50, 'gamma': 0.9899999999999999, 'epsilon_end': 0.0001, 'epsilon_decay': 0.1, 'target_update_period': 11, 'grad_clip': 0.05}. Best is trial 48 with value: 501.0.
2021-07-16 18:27:39,936 ------------------------------------------------------------------------------
2021-07-16 18:27:39,936 Final task score = 15.0
2021-07-16 18:27:39,943 Trial 81 finished with value: 15.0 and parameters: {'hidden_dim': 20, 'batch_size': 50, 'gamma': 0.9899999999999999, 'epsilon_end': 0.049999999999999996, 'epsilon_decay': 0.9899999999999999, 'target_update_period': 5, 'grad_clip': 0.29999999999999993}. Best is trial 48 with value: 501.0.
2021-07-16 18:27:41,542 The parameter 'target_update_period' in trial#82 is sampled independently by using `RandomSampler` instead of `CmaEsSampler` (optimization performance may be degraded). `CmaEsSampler` does not support dynamic search space or `CategoricalDistribution`. You can suppress this warning by setting `warn_independent_sampling` to `False` in the constructor of `CmaEsSampler`, if this independent sampling is intended behavior.
2021-07-16 18:27:45,935 ------------------------------------------------------------------------------
2021-07-16 18:27:45,935 Final task score = 17.0
2021-07-16 18:27:45,942 Trial 82 finished with value: 17.0 and parameters: {'hidden_dim': 195, 'batch_size': 50, 'gamma': 0.1, 'epsilon_end': 0.049999999999999996, 'epsilon_decay': 0.1, 'target_update_period': 9, 'grad_clip': 0.29999999999999993}. Best is trial 48 with value: 501.0.
2021-07-16 18:27:47,759 The parameter 'target_update_period' in trial#83 is sampled independently by using `RandomSampler` instead of `CmaEsSampler` (optimization performance may be degraded). `CmaEsSampler` does not support dynamic search space or `CategoricalDistribution`. You can suppress this warning by setting `warn_independent_sampling` to `False` in the constructor of `CmaEsSampler`, if this independent sampling is intended behavior.
2021-07-16 18:28:46,175 ------------------------------------------------------------------------------
2021-07-16 18:28:46,176 Final task score = 136.0
2021-07-16 18:28:46,218 Trial 83 finished with value: 136.0 and parameters: {'hidden_dim': 200, 'batch_size': 462, 'gamma': 0.9899999999999999, 'epsilon_end': 0.0001, 'epsilon_decay': 0.9899999999999999, 'target_update_period': 13, 'grad_clip': 0.05}. Best is trial 48 with value: 501.0.
2021-07-16 18:28:48,539 The parameter 'target_update_period' in trial#84 is sampled independently by using `RandomSampler` instead of `CmaEsSampler` (optimization performance may be degraded). `CmaEsSampler` does not support dynamic search space or `CategoricalDistribution`. You can suppress this warning by setting `warn_independent_sampling` to `False` in the constructor of `CmaEsSampler`, if this independent sampling is intended behavior.
2021-07-16 18:29:05,819 ------------------------------------------------------------------------------
2021-07-16 18:29:05,820 Final task score = 42.0
2021-07-16 18:29:05,833 Trial 84 finished with value: 42.0 and parameters: {'hidden_dim': 200, 'batch_size': 500, 'gamma': 0.9899999999999999, 'epsilon_end': 0.0001, 'epsilon_decay': 0.9899999999999999, 'target_update_period': 45, 'grad_clip': 0.05}. Best is trial 48 with value: 501.0.
2021-07-16 18:29:08,147 The parameter 'target_update_period' in trial#85 is sampled independently by using `RandomSampler` instead of `CmaEsSampler` (optimization performance may be degraded). `CmaEsSampler` does not support dynamic search space or `CategoricalDistribution`. You can suppress this warning by setting `warn_independent_sampling` to `False` in the constructor of `CmaEsSampler`, if this independent sampling is intended behavior.
2021-07-16 18:29:19,672 ------------------------------------------------------------------------------
2021-07-16 18:29:19,672 Final task score = 21.0
2021-07-16 18:29:19,682 Trial 85 finished with value: 21.0 and parameters: {'hidden_dim': 88, 'batch_size': 500, 'gamma': 0.1, 'epsilon_end': 0.049999999999999996, 'epsilon_decay': 0.9899999999999999, 'target_update_period': 27, 'grad_clip': 0.05}. Best is trial 48 with value: 501.0.
2021-07-16 18:40:25,611 ------------------------------------------------------------------------------
2021-07-16 18:40:25,612 Final task score = 118.0
2021-07-16 18:40:25,657 Trial 86 finished with value: 118.0 and parameters: {'hidden_dim': 200, 'batch_size': 500, 'gamma': 0.9899999999999999, 'epsilon_end': 0.0001, 'epsilon_decay': 0.9899999999999999, 'target_update_period': 5, 'grad_clip': 0.29999999999999993}. Best is trial 48 with value: 501.0.
2021-07-16 18:40:34,594 ------------------------------------------------------------------------------
2021-07-16 18:40:34,594 Final task score = 37.0
2021-07-16 18:40:34,603 Trial 87 finished with value: 37.0 and parameters: {'hidden_dim': 20, 'batch_size': 500, 'gamma': 0.9899999999999999, 'epsilon_end': 0.0001, 'epsilon_decay': 0.9899999999999999, 'target_update_period': 5, 'grad_clip': 0.29999999999999993}. Best is trial 48 with value: 501.0.
2021-07-16 18:40:36,919 The parameter 'target_update_period' in trial#88 is sampled independently by using `RandomSampler` instead of `CmaEsSampler` (optimization performance may be degraded). `CmaEsSampler` does not support dynamic search space or `CategoricalDistribution`. You can suppress this warning by setting `warn_independent_sampling` to `False` in the constructor of `CmaEsSampler`, if this independent sampling is intended behavior.
2021-07-16 18:40:48,098 ------------------------------------------------------------------------------
2021-07-16 18:40:48,098 Final task score = 33.0
2021-07-16 18:40:48,108 Trial 88 finished with value: 33.0 and parameters: {'hidden_dim': 200, 'batch_size': 500, 'gamma': 0.1, 'epsilon_end': 0.0001, 'epsilon_decay': 0.1, 'target_update_period': 7, 'grad_clip': 0.05}. Best is trial 48 with value: 501.0.
2021-07-16 18:41:02,539 ------------------------------------------------------------------------------
2021-07-16 18:41:02,539 Final task score = 25.0
2021-07-16 18:41:02,551 Trial 89 finished with value: 25.0 and parameters: {'hidden_dim': 200, 'batch_size': 294, 'gamma': 0.1, 'epsilon_end': 0.049999999999999996, 'epsilon_decay': 0.9899999999999999, 'target_update_period': 5, 'grad_clip': 0.29999999999999993}. Best is trial 48 with value: 501.0.
2021-07-16 18:41:04,257 The parameter 'target_update_period' in trial#90 is sampled independently by using `RandomSampler` instead of `CmaEsSampler` (optimization performance may be degraded). `CmaEsSampler` does not support dynamic search space or `CategoricalDistribution`. You can suppress this warning by setting `warn_independent_sampling` to `False` in the constructor of `CmaEsSampler`, if this independent sampling is intended behavior.
2021-07-16 18:41:08,336 ------------------------------------------------------------------------------
2021-07-16 18:41:08,336 Final task score = 11.0
2021-07-16 18:41:08,342 Trial 90 finished with value: 11.0 and parameters: {'hidden_dim': 20, 'batch_size': 500, 'gamma': 0.1, 'epsilon_end': 0.0001, 'epsilon_decay': 0.1, 'target_update_period': 35, 'grad_clip': 0.29999999999999993}. Best is trial 48 with value: 501.0.
2021-07-16 18:41:27,894 ------------------------------------------------------------------------------
2021-07-16 18:41:27,895 Final task score = 37.0
2021-07-16 18:41:27,908 Trial 91 finished with value: 37.0 and parameters: {'hidden_dim': 200, 'batch_size': 500, 'gamma': 0.1, 'epsilon_end': 0.049999999999999996, 'epsilon_decay': 0.9899999999999999, 'target_update_period': 5, 'grad_clip': 0.05}. Best is trial 48 with value: 501.0.
2021-07-16 18:41:41,564 ------------------------------------------------------------------------------
2021-07-16 18:41:41,565 Final task score = 39.0
2021-07-16 18:41:41,579 Trial 92 finished with value: 39.0 and parameters: {'hidden_dim': 20, 'batch_size': 500, 'gamma': 0.9899999999999999, 'epsilon_end': 0.049999999999999996, 'epsilon_decay': 0.9899999999999999, 'target_update_period': 5, 'grad_clip': 0.05}. Best is trial 48 with value: 501.0.
2021-07-16 18:41:43,855 The parameter 'target_update_period' in trial#93 is sampled independently by using `RandomSampler` instead of `CmaEsSampler` (optimization performance may be degraded). `CmaEsSampler` does not support dynamic search space or `CategoricalDistribution`. You can suppress this warning by setting `warn_independent_sampling` to `False` in the constructor of `CmaEsSampler`, if this independent sampling is intended behavior.
2021-07-16 18:42:09,412 ------------------------------------------------------------------------------
2021-07-16 18:42:09,412 Final task score = 133.0
2021-07-16 18:42:09,431 Trial 93 finished with value: 133.0 and parameters: {'hidden_dim': 200, 'batch_size': 500, 'gamma': 0.9899999999999999, 'epsilon_end': 0.049999999999999996, 'epsilon_decay': 0.1, 'target_update_period': 45, 'grad_clip': 0.05}. Best is trial 48 with value: 501.0.
2021-07-16 18:42:15,813 ------------------------------------------------------------------------------
2021-07-16 18:42:15,813 Final task score = 10.0
2021-07-16 18:42:15,820 Trial 94 finished with value: 10.0 and parameters: {'hidden_dim': 200, 'batch_size': 189, 'gamma': 0.9899999999999999, 'epsilon_end': 0.0001, 'epsilon_decay': 0.1, 'target_update_period': 5, 'grad_clip': 0.05}. Best is trial 48 with value: 501.0.
2021-07-16 18:42:20,615 ------------------------------------------------------------------------------
2021-07-16 18:42:20,615 Final task score = 10.0
2021-07-16 18:42:20,620 Trial 95 finished with value: 10.0 and parameters: {'hidden_dim': 20, 'batch_size': 50, 'gamma': 0.9899999999999999, 'epsilon_end': 0.0001, 'epsilon_decay': 0.1, 'target_update_period': 5, 'grad_clip': 0.29999999999999993}. Best is trial 48 with value: 501.0.
2021-07-16 18:42:45,538 ------------------------------------------------------------------------------
2021-07-16 18:42:45,538 Final task score = 128.0
2021-07-16 18:42:45,554 Trial 96 finished with value: 128.0 and parameters: {'hidden_dim': 200, 'batch_size': 500, 'gamma': 0.9899999999999999, 'epsilon_end': 0.0001, 'epsilon_decay': 0.1, 'target_update_period': 5, 'grad_clip': 0.29999999999999993}. Best is trial 48 with value: 501.0.
2021-07-16 18:43:21,939 ------------------------------------------------------------------------------
2021-07-16 18:43:21,940 Final task score = 103.0
2021-07-16 18:43:21,969 Trial 97 finished with value: 103.0 and parameters: {'hidden_dim': 200, 'batch_size': 293, 'gamma': 0.9899999999999999, 'epsilon_end': 0.049999999999999996, 'epsilon_decay': 0.9899999999999999, 'target_update_period': 5, 'grad_clip': 0.29999999999999993}. Best is trial 48 with value: 501.0.
2021-07-16 18:43:38,380 ------------------------------------------------------------------------------
2021-07-16 18:43:38,380 Final task score = 25.0
2021-07-16 18:43:38,394 Trial 98 finished with value: 25.0 and parameters: {'hidden_dim': 200, 'batch_size': 500, 'gamma': 0.1, 'epsilon_end': 0.049999999999999996, 'epsilon_decay': 0.9899999999999999, 'target_update_period': 5, 'grad_clip': 0.05}. Best is trial 48 with value: 501.0.
2021-07-16 18:43:40,732 The parameter 'target_update_period' in trial#99 is sampled independently by using `RandomSampler` instead of `CmaEsSampler` (optimization performance may be degraded). `CmaEsSampler` does not support dynamic search space or `CategoricalDistribution`. You can suppress this warning by setting `warn_independent_sampling` to `False` in the constructor of `CmaEsSampler`, if this independent sampling is intended behavior.
2021-07-16 18:43:56,323 ------------------------------------------------------------------------------
2021-07-16 18:43:56,324 Final task score = 23.0
2021-07-16 18:43:56,336 Trial 99 finished with value: 23.0 and parameters: {'hidden_dim': 200, 'batch_size': 500, 'gamma': 0.1, 'epsilon_end': 0.0001, 'epsilon_decay': 0.9899999999999999, 'target_update_period': 28, 'grad_clip': 0.05}. Best is trial 48 with value: 501.0.
2021-07-16 18:43:58,239 The parameter 'target_update_period' in trial#100 is sampled independently by using `RandomSampler` instead of `CmaEsSampler` (optimization performance may be degraded). `CmaEsSampler` does not support dynamic search space or `CategoricalDistribution`. You can suppress this warning by setting `warn_independent_sampling` to `False` in the constructor of `CmaEsSampler`, if this independent sampling is intended behavior.
2021-07-16 18:44:02,696 ------------------------------------------------------------------------------
2021-07-16 18:44:02,696 Final task score = 10.0
2021-07-16 18:44:02,704 Trial 100 finished with value: 10.0 and parameters: {'hidden_dim': 20, 'batch_size': 465, 'gamma': 0.1, 'epsilon_end': 0.0001, 'epsilon_decay': 0.1, 'target_update_period': 9, 'grad_clip': 0.05}. Best is trial 48 with value: 501.0.
2021-07-16 18:44:09,827 ------------------------------------------------------------------------------
2021-07-16 18:44:09,827 Final task score = 11.0
