2021-07-16 18:08:03,722 Experiment dir : saves/DQN-OPTUNA-HARD-20210716-180803
2021-07-16 18:08:03,722 Args: Namespace(gpu='0', update='hard', save='DQN-OPTUNA-HARD', max_episodes=200, trials=200)
2021-07-16 18:08:03,728 A new study created in memory with name: DQN
2021-07-16 18:08:27,561 ------------------------------------------------------------------------------
2021-07-16 18:08:27,561 Final task score = 146.0
2021-07-16 18:08:27,589 Trial 0 finished with value: 146.0 and parameters: {'hidden_dim': 129, 'batch_size': 202, 'gamma': 0.4864054692405074, 'epsilon_end': 0.04655801426246507, 'epsilon_decay': 0.8174300622036343, 'target_update_period': 18, 'grad_clip': 0.11583042349585422}. Best is trial 0 with value: 146.0.
2021-07-16 18:08:51,755 ------------------------------------------------------------------------------
2021-07-16 18:08:51,755 Final task score = 109.0
2021-07-16 18:08:51,783 Trial 1 finished with value: 109.0 and parameters: {'hidden_dim': 110, 'batch_size': 275, 'gamma': 0.5420425371878527, 'epsilon_end': 0.008012869990197291, 'epsilon_decay': 0.5319569926255064, 'target_update_period': 28, 'grad_clip': 0.18401335869112392}. Best is trial 0 with value: 146.0.
2021-07-16 18:08:58,389 ------------------------------------------------------------------------------
2021-07-16 18:08:58,389 Final task score = 26.0
2021-07-16 18:08:58,398 Trial 2 finished with value: 26.0 and parameters: {'hidden_dim': 110, 'batch_size': 275, 'gamma': 0.5287157380677993, 'epsilon_end': 0.04280320823137782, 'epsilon_decay': 0.538715809184539, 'target_update_period': 27, 'grad_clip': 0.16855841913663205}. Best is trial 0 with value: 146.0.
2021-07-16 18:09:03,856 ------------------------------------------------------------------------------
2021-07-16 18:09:03,856 Final task score = 18.0
2021-07-16 18:09:03,864 Trial 3 finished with value: 18.0 and parameters: {'hidden_dim': 110, 'batch_size': 275, 'gamma': 0.5362308837395865, 'epsilon_end': 0.03601096451910368, 'epsilon_decay': 0.5456951725352844, 'target_update_period': 28, 'grad_clip': 0.18060490958076977}. Best is trial 0 with value: 146.0.
2021-07-16 18:09:09,450 ------------------------------------------------------------------------------
2021-07-16 18:09:09,450 Final task score = 16.0
2021-07-16 18:09:09,457 Trial 4 finished with value: 16.0 and parameters: {'hidden_dim': 110, 'batch_size': 275, 'gamma': 0.5356164674325758, 'epsilon_end': 0.023313738233117918, 'epsilon_decay': 0.5479264870937032, 'target_update_period': 27, 'grad_clip': 0.16572015741177779}. Best is trial 0 with value: 146.0.
2021-07-16 18:09:18,756 ------------------------------------------------------------------------------
2021-07-16 18:09:18,756 Final task score = 69.0
2021-07-16 18:09:18,767 Trial 5 finished with value: 69.0 and parameters: {'hidden_dim': 110, 'batch_size': 275, 'gamma': 0.5328333292076569, 'epsilon_end': 0.01963610651251743, 'epsilon_decay': 0.5492693521632969, 'target_update_period': 28, 'grad_clip': 0.1729063259716096}. Best is trial 0 with value: 146.0.
2021-07-16 18:09:24,444 ------------------------------------------------------------------------------
2021-07-16 18:09:24,444 Final task score = 22.0
2021-07-16 18:09:24,451 Trial 6 finished with value: 22.0 and parameters: {'hidden_dim': 110, 'batch_size': 275, 'gamma': 0.5503900740564223, 'epsilon_end': 0.025010442762393257, 'epsilon_decay': 0.5516078682385533, 'target_update_period': 28, 'grad_clip': 0.17953491896634552}. Best is trial 0 with value: 146.0.
2021-07-16 18:09:30,717 ------------------------------------------------------------------------------
2021-07-16 18:09:30,717 Final task score = 40.0
2021-07-16 18:09:30,725 Trial 7 finished with value: 40.0 and parameters: {'hidden_dim': 110, 'batch_size': 275, 'gamma': 0.5465116967148373, 'epsilon_end': 0.02784528352919183, 'epsilon_decay': 0.5484122924118745, 'target_update_period': 28, 'grad_clip': 0.18777590647511327}. Best is trial 0 with value: 146.0.
2021-07-16 18:09:49,602 ------------------------------------------------------------------------------
2021-07-16 18:09:49,602 Final task score = 74.0
2021-07-16 18:09:49,626 Trial 8 finished with value: 74.0 and parameters: {'hidden_dim': 110, 'batch_size': 275, 'gamma': 0.5455642366247055, 'epsilon_end': 0.03720324868976596, 'epsilon_decay': 0.547608325852424, 'target_update_period': 27, 'grad_clip': 0.1853823159398686}. Best is trial 0 with value: 146.0.
2021-07-16 18:10:05,429 ------------------------------------------------------------------------------
2021-07-16 18:10:05,429 Final task score = 88.0
2021-07-16 18:10:05,448 Trial 9 finished with value: 88.0 and parameters: {'hidden_dim': 110, 'batch_size': 275, 'gamma': 0.5314112687824689, 'epsilon_end': 0.015590574178878382, 'epsilon_decay': 0.5321220881757701, 'target_update_period': 28, 'grad_clip': 0.175225220823985}. Best is trial 0 with value: 146.0.
2021-07-16 18:10:10,958 ------------------------------------------------------------------------------
2021-07-16 18:10:10,958 Final task score = 16.0
2021-07-16 18:10:10,965 Trial 10 finished with value: 16.0 and parameters: {'hidden_dim': 111, 'batch_size': 274, 'gamma': 0.1, 'epsilon_end': 0.049999999999999996, 'epsilon_decay': 0.1, 'target_update_period': 46, 'grad_clip': 0.29999999999999993}. Best is trial 0 with value: 146.0.
2021-07-16 18:10:33,335 ------------------------------------------------------------------------------
2021-07-16 18:10:33,336 Final task score = 143.0
2021-07-16 18:10:33,363 Trial 11 finished with value: 143.0 and parameters: {'hidden_dim': 111, 'batch_size': 275, 'gamma': 0.9899999999999999, 'epsilon_end': 0.0001, 'epsilon_decay': 0.1, 'target_update_period': 29, 'grad_clip': 0.05}. Best is trial 0 with value: 146.0.
2021-07-16 18:10:38,850 ------------------------------------------------------------------------------
2021-07-16 18:10:38,850 Final task score = 15.0
2021-07-16 18:10:38,857 Trial 12 finished with value: 15.0 and parameters: {'hidden_dim': 109, 'batch_size': 274, 'gamma': 0.34326479921101477, 'epsilon_end': 0.049999999999999996, 'epsilon_decay': 0.5478320708692063, 'target_update_period': 35, 'grad_clip': 0.29999999999999993}. Best is trial 0 with value: 146.0.
2021-07-16 18:10:59,838 ------------------------------------------------------------------------------
2021-07-16 18:10:59,840 Final task score = 155.0
2021-07-16 18:10:59,867 Trial 13 finished with value: 155.0 and parameters: {'hidden_dim': 111, 'batch_size': 275, 'gamma': 0.6259720574164674, 'epsilon_end': 0.005035652546993128, 'epsilon_decay': 0.2971448652854036, 'target_update_period': 11, 'grad_clip': 0.15019984436537148}. Best is trial 13 with value: 155.0.
2021-07-16 18:11:27,131 ------------------------------------------------------------------------------
2021-07-16 18:11:27,132 Final task score = 120.0
2021-07-16 18:11:27,165 Trial 14 finished with value: 120.0 and parameters: {'hidden_dim': 109, 'batch_size': 274, 'gamma': 0.9602888508313425, 'epsilon_end': 0.049999999999999996, 'epsilon_decay': 0.17720818197743327, 'target_update_period': 12, 'grad_clip': 0.05}. Best is trial 13 with value: 155.0.
2021-07-16 18:11:49,571 ------------------------------------------------------------------------------
2021-07-16 18:11:49,571 Final task score = 138.0
2021-07-16 18:11:49,599 Trial 15 finished with value: 138.0 and parameters: {'hidden_dim': 112, 'batch_size': 275, 'gamma': 0.9899999999999999, 'epsilon_end': 0.049999999999999996, 'epsilon_decay': 0.1, 'target_update_period': 28, 'grad_clip': 0.29999999999999993}. Best is trial 13 with value: 155.0.
2021-07-16 18:11:58,634 ------------------------------------------------------------------------------
2021-07-16 18:11:58,635 Final task score = 27.0
2021-07-16 18:11:58,646 Trial 16 finished with value: 27.0 and parameters: {'hidden_dim': 109, 'batch_size': 275, 'gamma': 0.1, 'epsilon_end': 0.0001, 'epsilon_decay': 0.9899999999999999, 'target_update_period': 27, 'grad_clip': 0.05}. Best is trial 13 with value: 155.0.
2021-07-16 18:13:01,450 ------------------------------------------------------------------------------
2021-07-16 18:13:01,451 Final task score = 293.0
2021-07-16 18:13:01,528 Trial 17 finished with value: 293.0 and parameters: {'hidden_dim': 110, 'batch_size': 275, 'gamma': 0.9899999999999999, 'epsilon_end': 0.049999999999999996, 'epsilon_decay': 0.3161387184880059, 'target_update_period': 25, 'grad_clip': 0.29999999999999993}. Best is trial 17 with value: 293.0.
2021-07-16 18:13:10,202 ------------------------------------------------------------------------------
2021-07-16 18:13:10,202 Final task score = 23.0
2021-07-16 18:13:10,213 Trial 18 finished with value: 23.0 and parameters: {'hidden_dim': 109, 'batch_size': 276, 'gamma': 0.19674389490628402, 'epsilon_end': 0.049999999999999996, 'epsilon_decay': 0.4861870204322816, 'target_update_period': 41, 'grad_clip': 0.29999999999999993}. Best is trial 17 with value: 293.0.
2021-07-16 18:13:10,609 The parameter 'target_update_period' in trial#19 is sampled independently by using `RandomSampler` instead of `CmaEsSampler` (optimization performance may be degraded). `CmaEsSampler` does not support dynamic search space or `CategoricalDistribution`. You can suppress this warning by setting `warn_independent_sampling` to `False` in the constructor of `CmaEsSampler`, if this independent sampling is intended behavior.
2021-07-16 18:13:20,343 ------------------------------------------------------------------------------
2021-07-16 18:13:20,343 Final task score = 40.0
2021-07-16 18:13:20,355 Trial 19 finished with value: 40.0 and parameters: {'hidden_dim': 95, 'batch_size': 290, 'gamma': 0.1, 'epsilon_end': 0.0001, 'epsilon_decay': 0.9899999999999999, 'target_update_period': 5, 'grad_clip': 0.05}. Best is trial 17 with value: 293.0.
2021-07-16 18:13:28,517 ------------------------------------------------------------------------------
2021-07-16 18:13:28,518 Final task score = 20.0
2021-07-16 18:13:28,528 Trial 20 finished with value: 20.0 and parameters: {'hidden_dim': 123, 'batch_size': 257, 'gamma': 0.1, 'epsilon_end': 0.0001, 'epsilon_decay': 0.9899999999999999, 'target_update_period': 5, 'grad_clip': 0.05}. Best is trial 17 with value: 293.0.
2021-07-16 18:13:37,887 ------------------------------------------------------------------------------
2021-07-16 18:13:37,887 Final task score = 47.0
2021-07-16 18:13:37,898 Trial 21 finished with value: 47.0 and parameters: {'hidden_dim': 108, 'batch_size': 270, 'gamma': 0.1, 'epsilon_end': 0.049999999999999996, 'epsilon_decay': 0.9899999999999999, 'target_update_period': 5, 'grad_clip': 0.29999999999999993}. Best is trial 17 with value: 293.0.
2021-07-16 18:13:38,355 The parameter 'target_update_period' in trial#22 is sampled independently by using `RandomSampler` instead of `CmaEsSampler` (optimization performance may be degraded). `CmaEsSampler` does not support dynamic search space or `CategoricalDistribution`. You can suppress this warning by setting `warn_independent_sampling` to `False` in the constructor of `CmaEsSampler`, if this independent sampling is intended behavior.
2021-07-16 18:13:47,531 ------------------------------------------------------------------------------
2021-07-16 18:13:47,532 Final task score = 32.0
2021-07-16 18:13:47,542 Trial 22 finished with value: 32.0 and parameters: {'hidden_dim': 128, 'batch_size': 281, 'gamma': 0.1, 'epsilon_end': 0.049999999999999996, 'epsilon_decay': 0.9899999999999999, 'target_update_period': 5, 'grad_clip': 0.05}. Best is trial 17 with value: 293.0.
2021-07-16 18:13:51,816 ------------------------------------------------------------------------------
2021-07-16 18:13:51,816 Final task score = 11.0
2021-07-16 18:13:51,823 Trial 23 finished with value: 11.0 and parameters: {'hidden_dim': 86, 'batch_size': 275, 'gamma': 0.9899999999999999, 'epsilon_end': 0.0001, 'epsilon_decay': 0.1, 'target_update_period': 9, 'grad_clip': 0.05}. Best is trial 17 with value: 293.0.
2021-07-16 18:14:00,509 ------------------------------------------------------------------------------
2021-07-16 18:14:00,509 Final task score = 20.0
2021-07-16 18:14:00,519 Trial 24 finished with value: 20.0 and parameters: {'hidden_dim': 109, 'batch_size': 259, 'gamma': 0.1, 'epsilon_end': 0.0001, 'epsilon_decay': 0.9899999999999999, 'target_update_period': 5, 'grad_clip': 0.29999999999999993}. Best is trial 17 with value: 293.0.
2021-07-16 18:14:09,156 ------------------------------------------------------------------------------
2021-07-16 18:14:09,157 Final task score = 23.0
2021-07-16 18:14:09,167 Trial 25 finished with value: 23.0 and parameters: {'hidden_dim': 84, 'batch_size': 272, 'gamma': 0.1, 'epsilon_end': 0.049999999999999996, 'epsilon_decay': 0.1, 'target_update_period': 5, 'grad_clip': 0.05}. Best is trial 17 with value: 293.0.
2021-07-16 18:14:15,112 ------------------------------------------------------------------------------
2021-07-16 18:14:15,113 Final task score = 13.0
2021-07-16 18:14:15,120 Trial 26 finished with value: 13.0 and parameters: {'hidden_dim': 122, 'batch_size': 240, 'gamma': 0.1, 'epsilon_end': 0.049999999999999996, 'epsilon_decay': 0.1, 'target_update_period': 5, 'grad_clip': 0.05}. Best is trial 17 with value: 293.0.
2021-07-16 18:14:24,978 ------------------------------------------------------------------------------
2021-07-16 18:14:24,978 Final task score = 24.0
2021-07-16 18:14:24,993 Trial 27 finished with value: 24.0 and parameters: {'hidden_dim': 84, 'batch_size': 266, 'gamma': 0.1, 'epsilon_end': 0.0001, 'epsilon_decay': 0.9899999999999999, 'target_update_period': 5, 'grad_clip': 0.29999999999999993}. Best is trial 17 with value: 293.0.
2021-07-16 18:14:25,558 The parameter 'target_update_period' in trial#28 is sampled independently by using `RandomSampler` instead of `CmaEsSampler` (optimization performance may be degraded). `CmaEsSampler` does not support dynamic search space or `CategoricalDistribution`. You can suppress this warning by setting `warn_independent_sampling` to `False` in the constructor of `CmaEsSampler`, if this independent sampling is intended behavior.
2021-07-16 18:14:36,445 ------------------------------------------------------------------------------
2021-07-16 18:14:36,446 Final task score = 26.0
2021-07-16 18:14:36,458 Trial 28 finished with value: 26.0 and parameters: {'hidden_dim': 20, 'batch_size': 378, 'gamma': 0.1, 'epsilon_end': 0.0001, 'epsilon_decay': 0.9899999999999999, 'target_update_period': 20, 'grad_clip': 0.29999999999999993}. Best is trial 17 with value: 293.0.
2021-07-16 18:14:39,886 ------------------------------------------------------------------------------
2021-07-16 18:14:39,886 Final task score = 10.0
2021-07-16 18:14:39,892 Trial 29 finished with value: 10.0 and parameters: {'hidden_dim': 66, 'batch_size': 109, 'gamma': 0.9899999999999999, 'epsilon_end': 0.0001, 'epsilon_decay': 0.1, 'target_update_period': 5, 'grad_clip': 0.29999999999999993}. Best is trial 17 with value: 293.0.
2021-07-16 18:14:40,480 The parameter 'target_update_period' in trial#30 is sampled independently by using `RandomSampler` instead of `CmaEsSampler` (optimization performance may be degraded). `CmaEsSampler` does not support dynamic search space or `CategoricalDistribution`. You can suppress this warning by setting `warn_independent_sampling` to `False` in the constructor of `CmaEsSampler`, if this independent sampling is intended behavior.
2021-07-16 18:14:45,621 ------------------------------------------------------------------------------
2021-07-16 18:14:45,622 Final task score = 92.0
2021-07-16 18:14:45,635 Trial 30 finished with value: 92.0 and parameters: {'hidden_dim': 20, 'batch_size': 177, 'gamma': 0.9899999999999999, 'epsilon_end': 0.049999999999999996, 'epsilon_decay': 0.1, 'target_update_period': 37, 'grad_clip': 0.05}. Best is trial 17 with value: 293.0.
2021-07-16 18:14:59,757 ------------------------------------------------------------------------------
2021-07-16 18:14:59,758 Final task score = 39.0
2021-07-16 18:14:59,774 Trial 31 finished with value: 39.0 and parameters: {'hidden_dim': 100, 'batch_size': 288, 'gamma': 0.1, 'epsilon_end': 0.049999999999999996, 'epsilon_decay': 0.1, 'target_update_period': 5, 'grad_clip': 0.29999999999999993}. Best is trial 17 with value: 293.0.
2021-07-16 18:15:00,400 The parameter 'target_update_period' in trial#32 is sampled independently by using `RandomSampler` instead of `CmaEsSampler` (optimization performance may be degraded). `CmaEsSampler` does not support dynamic search space or `CategoricalDistribution`. You can suppress this warning by setting `warn_independent_sampling` to `False` in the constructor of `CmaEsSampler`, if this independent sampling is intended behavior.
2021-07-16 18:15:10,908 ------------------------------------------------------------------------------
2021-07-16 18:15:10,908 Final task score = 70.0
2021-07-16 18:15:10,923 Trial 32 finished with value: 70.0 and parameters: {'hidden_dim': 20, 'batch_size': 250, 'gamma': 0.1, 'epsilon_end': 0.0001, 'epsilon_decay': 0.1, 'target_update_period': 12, 'grad_clip': 0.05}. Best is trial 17 with value: 293.0.
2021-07-16 18:15:23,364 ------------------------------------------------------------------------------
2021-07-16 18:15:23,365 Final task score = 20.0
2021-07-16 18:15:23,376 Trial 33 finished with value: 20.0 and parameters: {'hidden_dim': 147, 'batch_size': 416, 'gamma': 0.1, 'epsilon_end': 0.0001, 'epsilon_decay': 0.9899999999999999, 'target_update_period': 5, 'grad_clip': 0.29999999999999993}. Best is trial 17 with value: 293.0.
2021-07-16 18:15:31,097 ------------------------------------------------------------------------------
2021-07-16 18:15:31,097 Final task score = 20.0
2021-07-16 18:15:31,105 Trial 34 finished with value: 20.0 and parameters: {'hidden_dim': 194, 'batch_size': 280, 'gamma': 0.1, 'epsilon_end': 0.0001, 'epsilon_decay': 0.1, 'target_update_period': 5, 'grad_clip': 0.05}. Best is trial 17 with value: 293.0.
2021-07-16 18:15:31,775 The parameter 'target_update_period' in trial#35 is sampled independently by using `RandomSampler` instead of `CmaEsSampler` (optimization performance may be degraded). `CmaEsSampler` does not support dynamic search space or `CategoricalDistribution`. You can suppress this warning by setting `warn_independent_sampling` to `False` in the constructor of `CmaEsSampler`, if this independent sampling is intended behavior.
2021-07-16 18:15:48,813 ------------------------------------------------------------------------------
2021-07-16 18:15:48,813 Final task score = 90.0
2021-07-16 18:15:48,836 Trial 35 finished with value: 90.0 and parameters: {'hidden_dim': 189, 'batch_size': 186, 'gamma': 0.9899999999999999, 'epsilon_end': 0.049999999999999996, 'epsilon_decay': 0.9899999999999999, 'target_update_period': 43, 'grad_clip': 0.29999999999999993}. Best is trial 17 with value: 293.0.
2021-07-16 18:15:49,801 The parameter 'target_update_period' in trial#36 is sampled independently by using `RandomSampler` instead of `CmaEsSampler` (optimization performance may be degraded). `CmaEsSampler` does not support dynamic search space or `CategoricalDistribution`. You can suppress this warning by setting `warn_independent_sampling` to `False` in the constructor of `CmaEsSampler`, if this independent sampling is intended behavior.
2021-07-16 18:15:53,256 ------------------------------------------------------------------------------
2021-07-16 18:15:53,257 Final task score = 10.0
2021-07-16 18:15:53,262 Trial 36 finished with value: 10.0 and parameters: {'hidden_dim': 41, 'batch_size': 200, 'gamma': 0.9899999999999999, 'epsilon_end': 0.0001, 'epsilon_decay': 0.1, 'target_update_period': 10, 'grad_clip': 0.05}. Best is trial 17 with value: 293.0.
2021-07-16 18:16:17,708 ------------------------------------------------------------------------------
2021-07-16 18:16:17,709 Final task score = 159.0
2021-07-16 18:16:17,748 Trial 37 finished with value: 159.0 and parameters: {'hidden_dim': 200, 'batch_size': 68, 'gamma': 0.9899999999999999, 'epsilon_end': 0.049999999999999996, 'epsilon_decay': 0.9899999999999999, 'target_update_period': 5, 'grad_clip': 0.29999999999999993}. Best is trial 17 with value: 293.0.
2021-07-16 18:16:18,489 The parameter 'target_update_period' in trial#38 is sampled independently by using `RandomSampler` instead of `CmaEsSampler` (optimization performance may be degraded). `CmaEsSampler` does not support dynamic search space or `CategoricalDistribution`. You can suppress this warning by setting `warn_independent_sampling` to `False` in the constructor of `CmaEsSampler`, if this independent sampling is intended behavior.
2021-07-16 18:16:29,502 ------------------------------------------------------------------------------
2021-07-16 18:16:29,503 Final task score = 29.0
2021-07-16 18:16:29,516 Trial 38 finished with value: 29.0 and parameters: {'hidden_dim': 200, 'batch_size': 349, 'gamma': 0.1, 'epsilon_end': 0.0001, 'epsilon_decay': 0.9899999999999999, 'target_update_period': 16, 'grad_clip': 0.29999999999999993}. Best is trial 17 with value: 293.0.
2021-07-16 18:16:30,446 The parameter 'target_update_period' in trial#39 is sampled independently by using `RandomSampler` instead of `CmaEsSampler` (optimization performance may be degraded). `CmaEsSampler` does not support dynamic search space or `CategoricalDistribution`. You can suppress this warning by setting `warn_independent_sampling` to `False` in the constructor of `CmaEsSampler`, if this independent sampling is intended behavior.
2021-07-16 18:16:33,572 ------------------------------------------------------------------------------
2021-07-16 18:16:33,573 Final task score = 9.0
