2021-07-16 18:54:52,215 Trial 135 finished with value: 28.0 and parameters: {'hidden_dim': 83, 'batch_size': 477, 'gamma': 0.1, 'epsilon_end': 0.049999999999999996, 'epsilon_decay': 0.1, 'target_update_period': 5, 'grad_clip': 0.05}. Best is trial 48 with value: 501.0.
2021-07-16 18:55:30,622 ------------------------------------------------------------------------------
2021-07-16 18:55:30,622 Final task score = 230.0
2021-07-16 18:55:30,654 Trial 136 finished with value: 230.0 and parameters: {'hidden_dim': 20, 'batch_size': 500, 'gamma': 0.9899999999999999, 'epsilon_end': 0.049999999999999996, 'epsilon_decay': 0.9899999999999999, 'target_update_period': 5, 'grad_clip': 0.05}. Best is trial 48 with value: 501.0.
2021-07-16 18:55:33,313 The parameter 'target_update_period' in trial#137 is sampled independently by using `RandomSampler` instead of `CmaEsSampler` (optimization performance may be degraded). `CmaEsSampler` does not support dynamic search space or `CategoricalDistribution`. You can suppress this warning by setting `warn_independent_sampling` to `False` in the constructor of `CmaEsSampler`, if this independent sampling is intended behavior.
2021-07-16 18:55:49,511 ------------------------------------------------------------------------------
2021-07-16 18:55:49,511 Final task score = 26.0
2021-07-16 18:55:49,525 Trial 137 finished with value: 26.0 and parameters: {'hidden_dim': 200, 'batch_size': 407, 'gamma': 0.1, 'epsilon_end': 0.049999999999999996, 'epsilon_decay': 0.1, 'target_update_period': 43, 'grad_clip': 0.05}. Best is trial 48 with value: 501.0.
2021-07-16 18:56:05,831 ------------------------------------------------------------------------------
2021-07-16 18:56:05,832 Final task score = 66.0
2021-07-16 18:56:05,855 Trial 138 finished with value: 66.0 and parameters: {'hidden_dim': 20, 'batch_size': 473, 'gamma': 0.1, 'epsilon_end': 0.0001, 'epsilon_decay': 0.9899999999999999, 'target_update_period': 5, 'grad_clip': 0.29999999999999993}. Best is trial 48 with value: 501.0.
2021-07-16 18:56:08,904 The parameter 'target_update_period' in trial#139 is sampled independently by using `RandomSampler` instead of `CmaEsSampler` (optimization performance may be degraded). `CmaEsSampler` does not support dynamic search space or `CategoricalDistribution`. You can suppress this warning by setting `warn_independent_sampling` to `False` in the constructor of `CmaEsSampler`, if this independent sampling is intended behavior.
2021-07-16 18:56:20,883 ------------------------------------------------------------------------------
2021-07-16 18:56:20,883 Final task score = 32.0
2021-07-16 18:56:20,896 Trial 139 finished with value: 32.0 and parameters: {'hidden_dim': 20, 'batch_size': 500, 'gamma': 0.1, 'epsilon_end': 0.049999999999999996, 'epsilon_decay': 0.1, 'target_update_period': 25, 'grad_clip': 0.05}. Best is trial 48 with value: 501.0.
2021-07-16 18:56:33,284 ------------------------------------------------------------------------------
2021-07-16 18:56:33,285 Final task score = 24.0
2021-07-16 18:56:33,297 Trial 140 finished with value: 24.0 and parameters: {'hidden_dim': 20, 'batch_size': 377, 'gamma': 0.1, 'epsilon_end': 0.049999999999999996, 'epsilon_decay': 0.9899999999999999, 'target_update_period': 5, 'grad_clip': 0.05}. Best is trial 48 with value: 501.0.
2021-07-16 18:56:36,205 The parameter 'target_update_period' in trial#141 is sampled independently by using `RandomSampler` instead of `CmaEsSampler` (optimization performance may be degraded). `CmaEsSampler` does not support dynamic search space or `CategoricalDistribution`. You can suppress this warning by setting `warn_independent_sampling` to `False` in the constructor of `CmaEsSampler`, if this independent sampling is intended behavior.
2021-07-16 18:57:34,629 ------------------------------------------------------------------------------
2021-07-16 18:57:34,629 Final task score = 222.0
2021-07-16 18:57:34,686 Trial 141 finished with value: 222.0 and parameters: {'hidden_dim': 200, 'batch_size': 500, 'gamma': 0.9899999999999999, 'epsilon_end': 0.0001, 'epsilon_decay': 0.9899999999999999, 'target_update_period': 18, 'grad_clip': 0.29999999999999993}. Best is trial 48 with value: 501.0.
2021-07-16 18:57:47,809 ------------------------------------------------------------------------------
2021-07-16 18:57:47,810 Final task score = 18.0
2021-07-16 18:57:47,819 Trial 142 finished with value: 18.0 and parameters: {'hidden_dim': 200, 'batch_size': 500, 'gamma': 0.1, 'epsilon_end': 0.049999999999999996, 'epsilon_decay': 0.1, 'target_update_period': 5, 'grad_clip': 0.05}. Best is trial 48 with value: 501.0.
2021-07-16 18:58:25,103 ------------------------------------------------------------------------------
2021-07-16 18:58:25,103 Final task score = 282.0
2021-07-16 18:58:25,150 Trial 143 finished with value: 282.0 and parameters: {'hidden_dim': 200, 'batch_size': 100, 'gamma': 0.9899999999999999, 'epsilon_end': 0.0001, 'epsilon_decay': 0.9899999999999999, 'target_update_period': 5, 'grad_clip': 0.05}. Best is trial 48 with value: 501.0.
2021-07-16 18:58:28,071 The parameter 'target_update_period' in trial#144 is sampled independently by using `RandomSampler` instead of `CmaEsSampler` (optimization performance may be degraded). `CmaEsSampler` does not support dynamic search space or `CategoricalDistribution`. You can suppress this warning by setting `warn_independent_sampling` to `False` in the constructor of `CmaEsSampler`, if this independent sampling is intended behavior.
2021-07-16 18:58:54,219 ------------------------------------------------------------------------------
2021-07-16 18:58:54,219 Final task score = 104.0
2021-07-16 18:58:54,246 Trial 144 finished with value: 104.0 and parameters: {'hidden_dim': 20, 'batch_size': 500, 'gamma': 0.9899999999999999, 'epsilon_end': 0.049999999999999996, 'epsilon_decay': 0.9899999999999999, 'target_update_period': 38, 'grad_clip': 0.29999999999999993}. Best is trial 48 with value: 501.0.
2021-07-16 18:59:00,994 ------------------------------------------------------------------------------
2021-07-16 18:59:00,994 Final task score = 41.0
2021-07-16 18:59:01,000 Trial 145 finished with value: 41.0 and parameters: {'hidden_dim': 20, 'batch_size': 201, 'gamma': 0.9899999999999999, 'epsilon_end': 0.049999999999999996, 'epsilon_decay': 0.9899999999999999, 'target_update_period': 5, 'grad_clip': 0.05}. Best is trial 48 with value: 501.0.
2021-07-16 18:59:09,549 ------------------------------------------------------------------------------
2021-07-16 18:59:09,549 Final task score = 24.0
2021-07-16 18:59:09,559 Trial 146 finished with value: 24.0 and parameters: {'hidden_dim': 25, 'batch_size': 261, 'gamma': 0.1, 'epsilon_end': 0.0001, 'epsilon_decay': 0.9899999999999999, 'target_update_period': 5, 'grad_clip': 0.05}. Best is trial 48 with value: 501.0.
2021-07-16 18:59:12,455 The parameter 'target_update_period' in trial#147 is sampled independently by using `RandomSampler` instead of `CmaEsSampler` (optimization performance may be degraded). `CmaEsSampler` does not support dynamic search space or `CategoricalDistribution`. You can suppress this warning by setting `warn_independent_sampling` to `False` in the constructor of `CmaEsSampler`, if this independent sampling is intended behavior.
2021-07-16 18:59:19,362 ------------------------------------------------------------------------------
2021-07-16 18:59:19,362 Final task score = 18.0
2021-07-16 18:59:19,372 Trial 147 finished with value: 18.0 and parameters: {'hidden_dim': 200, 'batch_size': 179, 'gamma': 0.1, 'epsilon_end': 0.0001, 'epsilon_decay': 0.9899999999999999, 'target_update_period': 16, 'grad_clip': 0.05}. Best is trial 48 with value: 501.0.
2021-07-16 18:59:22,260 The parameter 'target_update_period' in trial#148 is sampled independently by using `RandomSampler` instead of `CmaEsSampler` (optimization performance may be degraded). `CmaEsSampler` does not support dynamic search space or `CategoricalDistribution`. You can suppress this warning by setting `warn_independent_sampling` to `False` in the constructor of `CmaEsSampler`, if this independent sampling is intended behavior.
2021-07-16 18:59:32,714 ------------------------------------------------------------------------------
2021-07-16 18:59:32,714 Final task score = 90.0
2021-07-16 18:59:32,727 Trial 148 finished with value: 90.0 and parameters: {'hidden_dim': 200, 'batch_size': 221, 'gamma': 0.9899999999999999, 'epsilon_end': 0.049999999999999996, 'epsilon_decay': 0.1, 'target_update_period': 40, 'grad_clip': 0.05}. Best is trial 48 with value: 501.0.
2021-07-16 18:59:35,624 The parameter 'target_update_period' in trial#149 is sampled independently by using `RandomSampler` instead of `CmaEsSampler` (optimization performance may be degraded). `CmaEsSampler` does not support dynamic search space or `CategoricalDistribution`. You can suppress this warning by setting `warn_independent_sampling` to `False` in the constructor of `CmaEsSampler`, if this independent sampling is intended behavior.
2021-07-16 18:59:56,432 ------------------------------------------------------------------------------
2021-07-16 18:59:56,432 Final task score = 149.0
2021-07-16 18:59:56,459 Trial 149 finished with value: 149.0 and parameters: {'hidden_dim': 121, 'batch_size': 251, 'gamma': 0.9899999999999999, 'epsilon_end': 0.049999999999999996, 'epsilon_decay': 0.1, 'target_update_period': 32, 'grad_clip': 0.05}. Best is trial 48 with value: 501.0.
2021-07-16 18:59:59,685 The parameter 'target_update_period' in trial#150 is sampled independently by using `RandomSampler` instead of `CmaEsSampler` (optimization performance may be degraded). `CmaEsSampler` does not support dynamic search space or `CategoricalDistribution`. You can suppress this warning by setting `warn_independent_sampling` to `False` in the constructor of `CmaEsSampler`, if this independent sampling is intended behavior.
2021-07-16 19:00:21,087 ------------------------------------------------------------------------------
2021-07-16 19:00:21,087 Final task score = 123.0
2021-07-16 19:00:21,116 Trial 150 finished with value: 123.0 and parameters: {'hidden_dim': 110, 'batch_size': 360, 'gamma': 0.9899999999999999, 'epsilon_end': 0.049999999999999996, 'epsilon_decay': 0.1, 'target_update_period': 18, 'grad_clip': 0.29999999999999993}. Best is trial 48 with value: 501.0.
2021-07-16 19:00:31,743 ------------------------------------------------------------------------------
2021-07-16 19:00:31,743 Final task score = 32.0
2021-07-16 19:00:31,753 Trial 151 finished with value: 32.0 and parameters: {'hidden_dim': 61, 'batch_size': 252, 'gamma': 0.1, 'epsilon_end': 0.049999999999999996, 'epsilon_decay': 0.9899999999999999, 'target_update_period': 5, 'grad_clip': 0.05}. Best is trial 48 with value: 501.0.
2021-07-16 19:00:34,746 The parameter 'target_update_period' in trial#152 is sampled independently by using `RandomSampler` instead of `CmaEsSampler` (optimization performance may be degraded). `CmaEsSampler` does not support dynamic search space or `CategoricalDistribution`. You can suppress this warning by setting `warn_independent_sampling` to `False` in the constructor of `CmaEsSampler`, if this independent sampling is intended behavior.
2021-07-16 19:00:39,450 ------------------------------------------------------------------------------
2021-07-16 19:00:39,450 Final task score = 11.0
2021-07-16 19:00:39,457 Trial 152 finished with value: 11.0 and parameters: {'hidden_dim': 20, 'batch_size': 454, 'gamma': 0.1, 'epsilon_end': 0.0001, 'epsilon_decay': 0.1, 'target_update_period': 36, 'grad_clip': 0.05}. Best is trial 48 with value: 501.0.
2021-07-16 19:00:47,853 ------------------------------------------------------------------------------
2021-07-16 19:00:47,853 Final task score = 12.0
2021-07-16 19:00:47,860 Trial 153 finished with value: 12.0 and parameters: {'hidden_dim': 138, 'batch_size': 409, 'gamma': 0.1, 'epsilon_end': 0.0001, 'epsilon_decay': 0.1, 'target_update_period': 5, 'grad_clip': 0.05}. Best is trial 48 with value: 501.0.
2021-07-16 19:01:00,357 ------------------------------------------------------------------------------
2021-07-16 19:01:00,357 Final task score = 45.0
2021-07-16 19:01:00,373 Trial 154 finished with value: 45.0 and parameters: {'hidden_dim': 77, 'batch_size': 252, 'gamma': 0.1, 'epsilon_end': 0.0001, 'epsilon_decay': 0.1, 'target_update_period': 5, 'grad_clip': 0.05}. Best is trial 48 with value: 501.0.
2021-07-16 19:01:03,482 The parameter 'target_update_period' in trial#155 is sampled independently by using `RandomSampler` instead of `CmaEsSampler` (optimization performance may be degraded). `CmaEsSampler` does not support dynamic search space or `CategoricalDistribution`. You can suppress this warning by setting `warn_independent_sampling` to `False` in the constructor of `CmaEsSampler`, if this independent sampling is intended behavior.
2021-07-16 19:01:44,762 ------------------------------------------------------------------------------
2021-07-16 19:01:44,762 Final task score = 188.0
2021-07-16 19:01:44,828 Trial 155 finished with value: 188.0 and parameters: {'hidden_dim': 119, 'batch_size': 281, 'gamma': 0.9899999999999999, 'epsilon_end': 0.049999999999999996, 'epsilon_decay': 0.9899999999999999, 'target_update_period': 27, 'grad_clip': 0.29999999999999993}. Best is trial 48 with value: 501.0.
2021-07-16 19:01:53,798 ------------------------------------------------------------------------------
2021-07-16 19:01:53,799 Final task score = 15.0
2021-07-16 19:01:53,805 Trial 156 finished with value: 15.0 and parameters: {'hidden_dim': 200, 'batch_size': 187, 'gamma': 0.1, 'epsilon_end': 0.0001, 'epsilon_decay': 0.1, 'target_update_period': 5, 'grad_clip': 0.05}. Best is trial 48 with value: 501.0.
2021-07-16 19:02:01,263 ------------------------------------------------------------------------------
2021-07-16 19:02:01,263 Final task score = 18.0
2021-07-16 19:02:01,270 Trial 157 finished with value: 18.0 and parameters: {'hidden_dim': 20, 'batch_size': 299, 'gamma': 0.9899999999999999, 'epsilon_end': 0.049999999999999996, 'epsilon_decay': 0.1, 'target_update_period': 5, 'grad_clip': 0.29999999999999993}. Best is trial 48 with value: 501.0.
2021-07-16 19:02:07,528 ------------------------------------------------------------------------------
2021-07-16 19:02:07,528 Final task score = 10.0
2021-07-16 19:02:07,534 Trial 158 finished with value: 10.0 and parameters: {'hidden_dim': 91, 'batch_size': 123, 'gamma': 0.9899999999999999, 'epsilon_end': 0.0001, 'epsilon_decay': 0.1, 'target_update_period': 5, 'grad_clip': 0.29999999999999993}. Best is trial 48 with value: 501.0.
2021-07-16 19:02:10,680 The parameter 'target_update_period' in trial#159 is sampled independently by using `RandomSampler` instead of `CmaEsSampler` (optimization performance may be degraded). `CmaEsSampler` does not support dynamic search space or `CategoricalDistribution`. You can suppress this warning by setting `warn_independent_sampling` to `False` in the constructor of `CmaEsSampler`, if this independent sampling is intended behavior.
2021-07-16 19:02:15,914 ------------------------------------------------------------------------------
2021-07-16 19:02:15,914 Final task score = 10.0
2021-07-16 19:02:15,920 Trial 159 finished with value: 10.0 and parameters: {'hidden_dim': 141, 'batch_size': 376, 'gamma': 0.1, 'epsilon_end': 0.0001, 'epsilon_decay': 0.1, 'target_update_period': 29, 'grad_clip': 0.29999999999999993}. Best is trial 48 with value: 501.0.
2021-07-16 19:02:22,838 ------------------------------------------------------------------------------
2021-07-16 19:02:22,839 Final task score = 10.0
2021-07-16 19:02:22,844 Trial 160 finished with value: 10.0 and parameters: {'hidden_dim': 20, 'batch_size': 242, 'gamma': 0.9899999999999999, 'epsilon_end': 0.049999999999999996, 'epsilon_decay': 0.1, 'target_update_period': 5, 'grad_clip': 0.29999999999999993}. Best is trial 48 with value: 501.0.
2021-07-16 19:02:26,163 The parameter 'target_update_period' in trial#161 is sampled independently by using `RandomSampler` instead of `CmaEsSampler` (optimization performance may be degraded). `CmaEsSampler` does not support dynamic search space or `CategoricalDistribution`. You can suppress this warning by setting `warn_independent_sampling` to `False` in the constructor of `CmaEsSampler`, if this independent sampling is intended behavior.
2021-07-16 19:02:34,640 ------------------------------------------------------------------------------
2021-07-16 19:02:34,640 Final task score = 19.0
2021-07-16 19:02:34,649 Trial 161 finished with value: 19.0 and parameters: {'hidden_dim': 200, 'batch_size': 352, 'gamma': 0.1, 'epsilon_end': 0.049999999999999996, 'epsilon_decay': 0.1, 'target_update_period': 15, 'grad_clip': 0.05}. Best is trial 48 with value: 501.0.
2021-07-16 19:02:43,481 ------------------------------------------------------------------------------
2021-07-16 19:02:43,482 Final task score = 19.0
2021-07-16 19:02:43,489 Trial 162 finished with value: 19.0 and parameters: {'hidden_dim': 20, 'batch_size': 312, 'gamma': 0.9899999999999999, 'epsilon_end': 0.0001, 'epsilon_decay': 0.9899999999999999, 'target_update_period': 5, 'grad_clip': 0.05}. Best is trial 48 with value: 501.0.
2021-07-16 19:02:46,731 The parameter 'target_update_period' in trial#163 is sampled independently by using `RandomSampler` instead of `CmaEsSampler` (optimization performance may be degraded). `CmaEsSampler` does not support dynamic search space or `CategoricalDistribution`. You can suppress this warning by setting `warn_independent_sampling` to `False` in the constructor of `CmaEsSampler`, if this independent sampling is intended behavior.
2021-07-16 19:02:50,743 ------------------------------------------------------------------------------
2021-07-16 19:02:50,743 Final task score = 9.0
2021-07-16 19:02:50,748 Trial 163 finished with value: 9.0 and parameters: {'hidden_dim': 179, 'batch_size': 306, 'gamma': 0.9899999999999999, 'epsilon_end': 0.0001, 'epsilon_decay': 0.1, 'target_update_period': 50, 'grad_clip': 0.05}. Best is trial 48 with value: 501.0.
2021-07-16 19:02:53,966 The parameter 'target_update_period' in trial#164 is sampled independently by using `RandomSampler` instead of `CmaEsSampler` (optimization performance may be degraded). `CmaEsSampler` does not support dynamic search space or `CategoricalDistribution`. You can suppress this warning by setting `warn_independent_sampling` to `False` in the constructor of `CmaEsSampler`, if this independent sampling is intended behavior.
2021-07-16 19:02:57,061 ------------------------------------------------------------------------------
2021-07-16 19:02:57,061 Final task score = 10.0
2021-07-16 19:02:57,066 Trial 164 finished with value: 10.0 and parameters: {'hidden_dim': 110, 'batch_size': 243, 'gamma': 0.1, 'epsilon_end': 0.0001, 'epsilon_decay': 0.1, 'target_update_period': 16, 'grad_clip': 0.05}. Best is trial 48 with value: 501.0.
2021-07-16 19:03:04,051 ------------------------------------------------------------------------------
2021-07-16 19:03:04,051 Final task score = 12.0
2021-07-16 19:03:04,057 Trial 165 finished with value: 12.0 and parameters: {'hidden_dim': 29, 'batch_size': 314, 'gamma': 0.1, 'epsilon_end': 0.049999999999999996, 'epsilon_decay': 0.1, 'target_update_period': 5, 'grad_clip': 0.05}. Best is trial 48 with value: 501.0.
2021-07-16 19:03:07,320 The parameter 'target_update_period' in trial#166 is sampled independently by using `RandomSampler` instead of `CmaEsSampler` (optimization performance may be degraded). `CmaEsSampler` does not support dynamic search space or `CategoricalDistribution`. You can suppress this warning by setting `warn_independent_sampling` to `False` in the constructor of `CmaEsSampler`, if this independent sampling is intended behavior.
2021-07-16 19:03:46,744 ------------------------------------------------------------------------------
2021-07-16 19:03:46,744 Final task score = 232.0
2021-07-16 19:03:46,794 Trial 166 finished with value: 232.0 and parameters: {'hidden_dim': 37, 'batch_size': 280, 'gamma': 0.9899999999999999, 'epsilon_end': 0.0001, 'epsilon_decay': 0.9899999999999999, 'target_update_period': 29, 'grad_clip': 0.05}. Best is trial 48 with value: 501.0.
2021-07-16 19:03:50,075 The parameter 'target_update_period' in trial#167 is sampled independently by using `RandomSampler` instead of `CmaEsSampler` (optimization performance may be degraded). `CmaEsSampler` does not support dynamic search space or `CategoricalDistribution`. You can suppress this warning by setting `warn_independent_sampling` to `False` in the constructor of `CmaEsSampler`, if this independent sampling is intended behavior.
2021-07-16 19:03:53,531 ------------------------------------------------------------------------------
2021-07-16 19:03:53,531 Final task score = 10.0
2021-07-16 19:03:53,536 Trial 167 finished with value: 10.0 and parameters: {'hidden_dim': 20, 'batch_size': 438, 'gamma': 0.9899999999999999, 'epsilon_end': 0.0001, 'epsilon_decay': 0.1, 'target_update_period': 45, 'grad_clip': 0.05}. Best is trial 48 with value: 501.0.
2021-07-16 19:04:28,260 ------------------------------------------------------------------------------
2021-07-16 19:04:28,260 Final task score = 127.0
