2021-07-17 13:54:28,746 Trial 99 finished with value: 403.0 and parameters: {'hidden_dim': 199, 'epsilon_end': 0.0034276442191842477, 'epsilon_decay': 0.368381007545174, 'grad_clip': 0.23589767461872144, 'target_update_period': 7, 'batch_size': 440}. Best is trial 34 with value: 501.0.
2021-07-17 13:56:01,581 ------------------------------------------------------------------------------
2021-07-17 13:56:01,581 Final task score = 330.0
2021-07-17 13:56:01,648 Trial 100 finished with value: 330.0 and parameters: {'hidden_dim': 197, 'epsilon_end': 0.011122782092606568, 'epsilon_decay': 0.36169043800693995, 'grad_clip': 0.22523487364251618, 'target_update_period': 8, 'batch_size': 443}. Best is trial 34 with value: 501.0.
2021-07-17 13:56:45,215 ------------------------------------------------------------------------------
2021-07-17 13:56:45,216 Final task score = 130.0
2021-07-17 13:56:45,252 Trial 101 finished with value: 130.0 and parameters: {'hidden_dim': 200, 'epsilon_end': 0.012298884452201819, 'epsilon_decay': 0.36733860164020493, 'grad_clip': 0.22230942512556498, 'target_update_period': 8, 'batch_size': 446}. Best is trial 34 with value: 501.0.
2021-07-17 13:57:07,886 ------------------------------------------------------------------------------
2021-07-17 13:57:07,886 Final task score = 147.0
2021-07-17 13:57:07,905 Trial 102 finished with value: 147.0 and parameters: {'hidden_dim': 197, 'epsilon_end': 0.002779300997765949, 'epsilon_decay': 0.5369749713933519, 'grad_clip': 0.21465622771683332, 'target_update_period': 9, 'batch_size': 440}. Best is trial 34 with value: 501.0.
2021-07-17 13:57:53,790 ------------------------------------------------------------------------------
2021-07-17 13:57:53,791 Final task score = 158.0
2021-07-17 13:57:53,826 Trial 103 finished with value: 158.0 and parameters: {'hidden_dim': 185, 'epsilon_end': 0.009139652933480288, 'epsilon_decay': 0.3030901552792163, 'grad_clip': 0.2350529014106024, 'target_update_period': 10, 'batch_size': 432}. Best is trial 34 with value: 501.0.
2021-07-17 13:59:14,300 ------------------------------------------------------------------------------
2021-07-17 13:59:14,300 Final task score = 234.0
2021-07-17 13:59:14,364 Trial 104 finished with value: 234.0 and parameters: {'hidden_dim': 190, 'epsilon_end': 0.0032993692352286455, 'epsilon_decay': 0.3274661963387105, 'grad_clip': 0.24054727196164752, 'target_update_period': 7, 'batch_size': 422}. Best is trial 34 with value: 501.0.
2021-07-17 13:59:58,462 ------------------------------------------------------------------------------
2021-07-17 13:59:58,462 Final task score = 153.0
2021-07-17 13:59:58,496 Trial 105 finished with value: 153.0 and parameters: {'hidden_dim': 192, 'epsilon_end': 0.011699664507328273, 'epsilon_decay': 0.3561531051348939, 'grad_clip': 0.21909455395977007, 'target_update_period': 10, 'batch_size': 464}. Best is trial 34 with value: 501.0.
2021-07-17 14:00:15,723 ------------------------------------------------------------------------------
2021-07-17 14:00:15,723 Final task score = 99.0
2021-07-17 14:00:15,737 Trial 106 finished with value: 99.0 and parameters: {'hidden_dim': 197, 'epsilon_end': 0.0054364019548580785, 'epsilon_decay': 0.44345684863659596, 'grad_clip': 0.24446240478612372, 'target_update_period': 13, 'batch_size': 476}. Best is trial 34 with value: 501.0.
2021-07-17 14:01:22,182 ------------------------------------------------------------------------------
2021-07-17 14:01:22,182 Final task score = 290.0
2021-07-17 14:01:22,234 Trial 107 finished with value: 290.0 and parameters: {'hidden_dim': 188, 'epsilon_end': 0.016100308312325784, 'epsilon_decay': 0.2783545012524238, 'grad_clip': 0.22763201806710706, 'target_update_period': 8, 'batch_size': 403}. Best is trial 34 with value: 501.0.
2021-07-17 14:01:49,965 ------------------------------------------------------------------------------
2021-07-17 14:01:49,965 Final task score = 115.0
2021-07-17 14:01:49,989 Trial 108 finished with value: 115.0 and parameters: {'hidden_dim': 178, 'epsilon_end': 0.010582588185780738, 'epsilon_decay': 0.25704246106143086, 'grad_clip': 0.19549006532044172, 'target_update_period': 8, 'batch_size': 442}. Best is trial 34 with value: 501.0.
2021-07-17 14:02:19,880 ------------------------------------------------------------------------------
2021-07-17 14:02:19,880 Final task score = 119.0
2021-07-17 14:02:19,904 Trial 109 finished with value: 119.0 and parameters: {'hidden_dim': 184, 'epsilon_end': 0.015462129707879496, 'epsilon_decay': 0.28013945374835797, 'grad_clip': 0.21099501585870634, 'target_update_period': 7, 'batch_size': 403}. Best is trial 34 with value: 501.0.
2021-07-17 14:03:01,341 ------------------------------------------------------------------------------
2021-07-17 14:03:01,341 Final task score = 129.0
2021-07-17 14:03:01,373 Trial 110 finished with value: 129.0 and parameters: {'hidden_dim': 173, 'epsilon_end': 0.016882916223045753, 'epsilon_decay': 0.414418209702346, 'grad_clip': 0.2282625367871676, 'target_update_period': 6, 'batch_size': 417}. Best is trial 34 with value: 501.0.
2021-07-17 14:03:11,166 ------------------------------------------------------------------------------
2021-07-17 14:03:11,166 Final task score = 77.0
2021-07-17 14:03:11,174 Trial 111 finished with value: 77.0 and parameters: {'hidden_dim': 191, 'epsilon_end': 0.014339398812163657, 'epsilon_decay': 0.3014122098472282, 'grad_clip': 0.23693846376914351, 'target_update_period': 9, 'batch_size': 431}. Best is trial 34 with value: 501.0.
2021-07-17 14:03:49,256 ------------------------------------------------------------------------------
2021-07-17 14:03:49,256 Final task score = 147.0
2021-07-17 14:03:49,287 Trial 112 finished with value: 147.0 and parameters: {'hidden_dim': 188, 'epsilon_end': 0.006875386847403343, 'epsilon_decay': 0.38454287719229874, 'grad_clip': 0.18071045990395818, 'target_update_period': 11, 'batch_size': 385}. Best is trial 34 with value: 501.0.
2021-07-17 14:03:55,161 ------------------------------------------------------------------------------
2021-07-17 14:03:55,161 Final task score = 24.0
2021-07-17 14:03:55,168 Trial 113 finished with value: 24.0 and parameters: {'hidden_dim': 200, 'epsilon_end': 0.018590314917464105, 'epsilon_decay': 0.24466768627237478, 'grad_clip': 0.25295383618438655, 'target_update_period': 50, 'batch_size': 410}. Best is trial 34 with value: 501.0.
2021-07-17 14:05:47,706 ------------------------------------------------------------------------------
2021-07-17 14:05:47,706 Final task score = 302.0
2021-07-17 14:05:47,797 Trial 114 finished with value: 302.0 and parameters: {'hidden_dim': 194, 'epsilon_end': 0.011358502249581815, 'epsilon_decay': 0.3240399127006743, 'grad_clip': 0.23114760793272118, 'target_update_period': 8, 'batch_size': 399}. Best is trial 34 with value: 501.0.
2021-07-17 14:07:17,925 ------------------------------------------------------------------------------
2021-07-17 14:07:17,925 Final task score = 226.0
2021-07-17 14:07:17,996 Trial 115 finished with value: 226.0 and parameters: {'hidden_dim': 195, 'epsilon_end': 0.010747242336740114, 'epsilon_decay': 0.3338379158506373, 'grad_clip': 0.22450294343472543, 'target_update_period': 7, 'batch_size': 400}. Best is trial 34 with value: 501.0.
2021-07-17 14:08:06,182 ------------------------------------------------------------------------------
2021-07-17 14:08:06,183 Final task score = 241.0
2021-07-17 14:08:06,219 Trial 116 finished with value: 241.0 and parameters: {'hidden_dim': 187, 'epsilon_end': 0.00881882255840128, 'epsilon_decay': 0.34845580600327525, 'grad_clip': 0.23287525634561662, 'target_update_period': 8, 'batch_size': 421}. Best is trial 34 with value: 501.0.
2021-07-17 14:08:38,149 ------------------------------------------------------------------------------
2021-07-17 14:08:38,149 Final task score = 114.0
2021-07-17 14:08:38,174 Trial 117 finished with value: 114.0 and parameters: {'hidden_dim': 183, 'epsilon_end': 0.012538240029391731, 'epsilon_decay': 0.3720644588733383, 'grad_clip': 0.20966141781883976, 'target_update_period': 5, 'batch_size': 451}. Best is trial 34 with value: 501.0.
2021-07-17 14:09:24,094 ------------------------------------------------------------------------------
2021-07-17 14:09:24,094 Final task score = 133.0
2021-07-17 14:09:24,128 Trial 118 finished with value: 133.0 and parameters: {'hidden_dim': 193, 'epsilon_end': 0.004767647986789242, 'epsilon_decay': 0.3216355811256585, 'grad_clip': 0.22866142472377313, 'target_update_period': 9, 'batch_size': 463}. Best is trial 34 with value: 501.0.
2021-07-17 14:10:21,960 ------------------------------------------------------------------------------
2021-07-17 14:10:21,960 Final task score = 209.0
2021-07-17 14:10:22,007 Trial 119 finished with value: 209.0 and parameters: {'hidden_dim': 200, 'epsilon_end': 0.010995765283270719, 'epsilon_decay': 0.22599994886149624, 'grad_clip': 0.2412809978709278, 'target_update_period': 12, 'batch_size': 396}. Best is trial 34 with value: 501.0.
2021-07-17 14:11:05,616 ------------------------------------------------------------------------------
2021-07-17 14:11:05,616 Final task score = 143.0
2021-07-17 14:11:05,654 Trial 120 finished with value: 143.0 and parameters: {'hidden_dim': 179, 'epsilon_end': 0.007362012373948705, 'epsilon_decay': 0.39863634732771386, 'grad_clip': 0.25980852740094434, 'target_update_period': 6, 'batch_size': 375}. Best is trial 34 with value: 501.0.
2021-07-17 14:11:46,710 ------------------------------------------------------------------------------
2021-07-17 14:11:46,710 Final task score = 131.0
2021-07-17 14:11:46,742 Trial 121 finished with value: 131.0 and parameters: {'hidden_dim': 168, 'epsilon_end': 0.02116037994122269, 'epsilon_decay': 0.28143224194286565, 'grad_clip': 0.23596997498889885, 'target_update_period': 10, 'batch_size': 427}. Best is trial 34 with value: 501.0.
2021-07-17 14:12:23,685 ------------------------------------------------------------------------------
2021-07-17 14:12:23,685 Final task score = 122.0
2021-07-17 14:12:23,717 Trial 122 finished with value: 122.0 and parameters: {'hidden_dim': 174, 'epsilon_end': 0.013512551883694478, 'epsilon_decay': 0.2969722789550634, 'grad_clip': 0.24748432687145244, 'target_update_period': 8, 'batch_size': 408}. Best is trial 34 with value: 501.0.
2021-07-17 14:13:41,534 ------------------------------------------------------------------------------
2021-07-17 14:13:41,534 Final task score = 501.0
2021-07-17 14:13:41,600 Trial 123 finished with value: 501.0 and parameters: {'hidden_dim': 188, 'epsilon_end': 0.009736854436858943, 'epsilon_decay': 0.31491261435836926, 'grad_clip': 0.16269195841742573, 'target_update_period': 10, 'batch_size': 363}. Best is trial 34 with value: 501.0.
2021-07-17 14:45:01,619 ------------------------------------------------------------------------------
2021-07-17 14:45:01,620 Final task score = 286.0
2021-07-17 14:45:01,669 Trial 124 finished with value: 286.0 and parameters: {'hidden_dim': 189, 'epsilon_end': 0.009715026654148633, 'epsilon_decay': 0.35547864089729725, 'grad_clip': 0.1571199572259102, 'target_update_period': 7, 'batch_size': 365}. Best is trial 34 with value: 501.0.
2021-07-17 14:46:09,152 ------------------------------------------------------------------------------
2021-07-17 14:46:09,152 Final task score = 252.0
2021-07-17 14:46:09,201 Trial 125 finished with value: 252.0 and parameters: {'hidden_dim': 189, 'epsilon_end': 0.008050765525507356, 'epsilon_decay': 0.3510521577578494, 'grad_clip': 0.15531593168821786, 'target_update_period': 7, 'batch_size': 434}. Best is trial 34 with value: 501.0.
2021-07-17 14:46:29,213 ------------------------------------------------------------------------------
2021-07-17 14:46:29,213 Final task score = 103.0
2021-07-17 14:46:29,233 Trial 126 finished with value: 103.0 and parameters: {'hidden_dim': 195, 'epsilon_end': 0.006422549408311354, 'epsilon_decay': 0.3136651677150623, 'grad_clip': 0.15845685498872608, 'target_update_period': 5, 'batch_size': 366}. Best is trial 34 with value: 501.0.
2021-07-17 14:47:10,195 ------------------------------------------------------------------------------
2021-07-17 14:47:10,195 Final task score = 164.0
2021-07-17 14:47:10,231 Trial 127 finished with value: 164.0 and parameters: {'hidden_dim': 183, 'epsilon_end': 0.011523892509139913, 'epsilon_decay': 0.47762210245946995, 'grad_clip': 0.1431545701016109, 'target_update_period': 8, 'batch_size': 390}. Best is trial 34 with value: 501.0.
2021-07-17 15:14:02,958 ------------------------------------------------------------------------------
2021-07-17 15:14:02,958 Final task score = 45.0
2021-07-17 15:14:02,967 Trial 128 finished with value: 45.0 and parameters: {'hidden_dim': 198, 'epsilon_end': 0.010102520597274723, 'epsilon_decay': 0.443939405584587, 'grad_clip': 0.14389603186629502, 'target_update_period': 6, 'batch_size': 182}. Best is trial 34 with value: 501.0.
2021-07-17 15:14:09,224 ------------------------------------------------------------------------------
2021-07-17 15:14:09,224 Final task score = 81.0
2021-07-17 15:14:09,229 Trial 129 finished with value: 81.0 and parameters: {'hidden_dim': 187, 'epsilon_end': 0.009848994523206762, 'epsilon_decay': 0.3651757255155813, 'grad_clip': 0.16604087439601048, 'target_update_period': 43, 'batch_size': 416}. Best is trial 34 with value: 501.0.
2021-07-17 15:15:02,505 ------------------------------------------------------------------------------
2021-07-17 15:15:02,506 Final task score = 241.0
2021-07-17 15:15:02,554 Trial 130 finished with value: 241.0 and parameters: {'hidden_dim': 192, 'epsilon_end': 0.012804427525166402, 'epsilon_decay': 0.195410579264645, 'grad_clip': 0.15289184514873638, 'target_update_period': 9, 'batch_size': 383}. Best is trial 34 with value: 501.0.
2021-07-17 15:15:30,015 ------------------------------------------------------------------------------
2021-07-17 15:15:30,016 Final task score = 131.0
2021-07-17 15:15:30,041 Trial 131 finished with value: 131.0 and parameters: {'hidden_dim': 181, 'epsilon_end': 0.008392343119480877, 'epsilon_decay': 0.33866983898969377, 'grad_clip': 0.17424819974622308, 'target_update_period': 11, 'batch_size': 375}. Best is trial 34 with value: 501.0.
2021-07-17 15:16:04,395 ------------------------------------------------------------------------------
2021-07-17 15:16:04,395 Final task score = 153.0
2021-07-17 15:16:04,428 Trial 132 finished with value: 153.0 and parameters: {'hidden_dim': 175, 'epsilon_end': 0.016371435448871156, 'epsilon_decay': 0.26300758940464963, 'grad_clip': 0.1714936111999811, 'target_update_period': 10, 'batch_size': 351}. Best is trial 34 with value: 501.0.
2021-07-17 15:16:43,787 ------------------------------------------------------------------------------
2021-07-17 15:16:43,787 Final task score = 198.0
2021-07-17 15:16:43,822 Trial 133 finished with value: 198.0 and parameters: {'hidden_dim': 186, 'epsilon_end': 0.025069253485921972, 'epsilon_decay': 0.37958549351319504, 'grad_clip': 0.16798086356497546, 'target_update_period': 7, 'batch_size': 399}. Best is trial 34 with value: 501.0.
2021-07-17 15:17:15,228 ------------------------------------------------------------------------------
2021-07-17 15:17:15,228 Final task score = 292.0
2021-07-17 15:17:15,258 Trial 134 finished with value: 292.0 and parameters: {'hidden_dim': 191, 'epsilon_end': 0.014688576316704168, 'epsilon_decay': 0.3149842054300237, 'grad_clip': 0.15070990627695643, 'target_update_period': 13, 'batch_size': 364}. Best is trial 34 with value: 501.0.
2021-07-17 15:18:02,193 ------------------------------------------------------------------------------
2021-07-17 15:18:02,193 Final task score = 208.0
2021-07-17 15:18:02,233 Trial 135 finished with value: 208.0 and parameters: {'hidden_dim': 192, 'epsilon_end': 0.014411105370771771, 'epsilon_decay': 0.3207077554816794, 'grad_clip': 0.12450949575601675, 'target_update_period': 14, 'batch_size': 441}. Best is trial 34 with value: 501.0.
2021-07-17 15:18:53,103 ------------------------------------------------------------------------------
2021-07-17 15:18:53,103 Final task score = 181.0
2021-07-17 15:18:53,150 Trial 136 finished with value: 181.0 and parameters: {'hidden_dim': 198, 'epsilon_end': 0.015384229794299768, 'epsilon_decay': 0.28491651537999213, 'grad_clip': 0.137145140052869, 'target_update_period': 9, 'batch_size': 361}. Best is trial 34 with value: 501.0.
2021-07-17 15:19:15,648 ------------------------------------------------------------------------------
2021-07-17 15:19:15,648 Final task score = 135.0
2021-07-17 15:19:15,670 Trial 137 finished with value: 135.0 and parameters: {'hidden_dim': 189, 'epsilon_end': 0.00014758142229338508, 'epsilon_decay': 0.40486998753696435, 'grad_clip': 0.16056784498597998, 'target_update_period': 17, 'batch_size': 343}. Best is trial 34 with value: 501.0.
2021-07-17 15:19:20,658 ------------------------------------------------------------------------------
2021-07-17 15:19:20,658 Final task score = 23.0
2021-07-17 15:19:20,663 Trial 138 finished with value: 23.0 and parameters: {'hidden_dim': 178, 'epsilon_end': 0.013715165205941071, 'epsilon_decay': 0.3352660491396851, 'grad_clip': 0.18105515482277187, 'target_update_period': 6, 'batch_size': 409}. Best is trial 34 with value: 501.0.
2021-07-17 15:20:31,634 ------------------------------------------------------------------------------
2021-07-17 15:20:31,634 Final task score = 211.0
2021-07-17 15:20:31,693 Trial 139 finished with value: 211.0 and parameters: {'hidden_dim': 196, 'epsilon_end': 0.01772292805276716, 'epsilon_decay': 0.22796122255425733, 'grad_clip': 0.15101301297861566, 'target_update_period': 8, 'batch_size': 426}. Best is trial 34 with value: 501.0.
2021-07-17 15:20:46,523 ------------------------------------------------------------------------------
2021-07-17 15:20:46,524 Final task score = 101.0
2021-07-17 15:20:46,538 Trial 140 finished with value: 101.0 and parameters: {'hidden_dim': 184, 'epsilon_end': 0.011291806485273717, 'epsilon_decay': 0.3537028579274724, 'grad_clip': 0.2177119532141461, 'target_update_period': 13, 'batch_size': 391}. Best is trial 34 with value: 501.0.
2021-07-17 15:22:04,203 ------------------------------------------------------------------------------
2021-07-17 15:22:04,203 Final task score = 293.0
2021-07-17 15:22:04,273 Trial 141 finished with value: 293.0 and parameters: {'hidden_dim': 193, 'epsilon_end': 0.012709804237448297, 'epsilon_decay': 0.3049375807129989, 'grad_clip': 0.14945981300085545, 'target_update_period': 11, 'batch_size': 373}. Best is trial 34 with value: 501.0.
2021-07-17 15:22:48,901 ------------------------------------------------------------------------------
2021-07-17 15:22:48,901 Final task score = 199.0
2021-07-17 15:22:48,942 Trial 142 finished with value: 199.0 and parameters: {'hidden_dim': 200, 'epsilon_end': 0.012121568803723254, 'epsilon_decay': 0.3048333619325775, 'grad_clip': 0.1620492139090155, 'target_update_period': 11, 'batch_size': 379}. Best is trial 34 with value: 501.0.
2021-07-17 15:23:33,154 ------------------------------------------------------------------------------
2021-07-17 15:23:33,154 Final task score = 212.0
2021-07-17 15:23:33,195 Trial 143 finished with value: 212.0 and parameters: {'hidden_dim': 193, 'epsilon_end': 0.010121553828763646, 'epsilon_decay': 0.42393416654254806, 'grad_clip': 0.1340510305614481, 'target_update_period': 12, 'batch_size': 365}. Best is trial 34 with value: 501.0.
2021-07-17 15:24:04,067 ------------------------------------------------------------------------------
2021-07-17 15:24:04,067 Final task score = 150.0
2021-07-17 15:24:04,095 Trial 144 finished with value: 150.0 and parameters: {'hidden_dim': 189, 'epsilon_end': 0.014834629047097248, 'epsilon_decay': 0.2642346335441929, 'grad_clip': 0.15073391758517007, 'target_update_period': 10, 'batch_size': 396}. Best is trial 34 with value: 501.0.
2021-07-17 15:25:00,209 ------------------------------------------------------------------------------
2021-07-17 15:25:00,209 Final task score = 141.0
2021-07-17 15:25:00,257 Trial 145 finished with value: 141.0 and parameters: {'hidden_dim': 195, 'epsilon_end': 0.013012254782843517, 'epsilon_decay': 0.29332794604617746, 'grad_clip': 0.13405669411735247, 'target_update_period': 8, 'batch_size': 332}. Best is trial 34 with value: 501.0.
2021-07-17 15:26:27,313 ------------------------------------------------------------------------------
2021-07-17 15:26:27,313 Final task score = 501.0
2021-07-17 15:26:27,385 Trial 146 finished with value: 501.0 and parameters: {'hidden_dim': 183, 'epsilon_end': 0.0038492453118772604, 'epsilon_decay': 0.37442980176515694, 'grad_clip': 0.1634670633602611, 'target_update_period': 7, 'batch_size': 404}. Best is trial 34 with value: 501.0.
2021-07-17 15:27:41,652 ------------------------------------------------------------------------------
2021-07-17 15:27:41,652 Final task score = 206.0
2021-07-17 15:27:41,713 Trial 147 finished with value: 206.0 and parameters: {'hidden_dim': 172, 'epsilon_end': 0.0018283371467554055, 'epsilon_decay': 0.3838470387548144, 'grad_clip': 0.14631431907295614, 'target_update_period': 7, 'batch_size': 406}. Best is trial 34 with value: 501.0.
2021-07-17 15:28:12,315 ------------------------------------------------------------------------------
2021-07-17 15:28:12,315 Final task score = 112.0
