2021-07-17 16:06:52,429 Trial 198 finished with value: 145.0 and parameters: {'hidden_dim': 193, 'epsilon_end': 0.010477540095159691, 'epsilon_decay': 0.3656621367156629, 'grad_clip': 0.27798005527214664, 'target_update_period': 7, 'batch_size': 382}. Best is trial 34 with value: 501.0.
2021-07-17 16:07:03,104 ------------------------------------------------------------------------------
2021-07-17 16:07:03,104 Final task score = 62.0
2021-07-17 16:07:03,113 Trial 199 finished with value: 62.0 and parameters: {'hidden_dim': 186, 'epsilon_end': 0.0074315307489134196, 'epsilon_decay': 0.4172523751664968, 'grad_clip': 0.23173708893319744, 'target_update_period': 11, 'batch_size': 427}. Best is trial 34 with value: 501.0.
2021-07-17 16:07:03,606 Study statistics: 
2021-07-17 16:07:03,668 Number of finished trials: 200
2021-07-17 16:07:03,669 Number of pruned trials: 0
2021-07-17 16:07:03,669 Number of complete trials: 200
2021-07-17 16:07:03,669 Best trial: 
2021-07-17 16:07:03,669 Score: 501.0
2021-07-17 16:07:03,669 Params: 
2021-07-17 16:07:03,669     hidden_dim: 154
2021-07-17 16:07:03,669     epsilon_end: 0.04333746376187501
2021-07-17 16:07:03,669     epsilon_decay: 0.2583378644061504
2021-07-17 16:07:03,670     grad_clip: 0.2445614718796103
2021-07-17 16:07:03,670     target_update_period: 7
2021-07-17 16:07:03,670     batch_size: 407
