2021-07-17 15:28:12,338 Trial 148 finished with value: 112.0 and parameters: {'hidden_dim': 181, 'epsilon_end': 0.004516687523896005, 'epsilon_decay': 0.3710378253410364, 'grad_clip': 0.16714267504707175, 'target_update_period': 5, 'batch_size': 416}. Best is trial 34 with value: 501.0.
2021-07-17 15:29:00,045 ------------------------------------------------------------------------------
2021-07-17 15:29:00,045 Final task score = 170.0
2021-07-17 15:29:00,087 Trial 149 finished with value: 170.0 and parameters: {'hidden_dim': 176, 'epsilon_end': 0.003920550907986039, 'epsilon_decay': 0.3358240851058001, 'grad_clip': 0.16311997994353272, 'target_update_period': 10, 'batch_size': 371}. Best is trial 34 with value: 501.0.
2021-07-17 15:29:56,625 ------------------------------------------------------------------------------
2021-07-17 15:29:56,625 Final task score = 167.0
2021-07-17 15:29:56,666 Trial 150 finished with value: 167.0 and parameters: {'hidden_dim': 185, 'epsilon_end': 0.011733355861789389, 'epsilon_decay': 0.3171164065926127, 'grad_clip': 0.15710275249613587, 'target_update_period': 7, 'batch_size': 450}. Best is trial 34 with value: 501.0.
2021-07-17 15:30:44,606 ------------------------------------------------------------------------------
2021-07-17 15:30:44,606 Final task score = 252.0
2021-07-17 15:30:44,646 Trial 151 finished with value: 252.0 and parameters: {'hidden_dim': 189, 'epsilon_end': 0.008827281437001185, 'epsilon_decay': 0.359986304461354, 'grad_clip': 0.23263345589922632, 'target_update_period': 9, 'batch_size': 385}. Best is trial 34 with value: 501.0.
2021-07-17 15:31:37,253 ------------------------------------------------------------------------------
2021-07-17 15:31:37,254 Final task score = 217.0
2021-07-17 15:31:37,298 Trial 152 finished with value: 217.0 and parameters: {'hidden_dim': 200, 'epsilon_end': 0.030544009245358848, 'epsilon_decay': 0.25059870916918087, 'grad_clip': 0.17275618535464982, 'target_update_period': 8, 'batch_size': 357}. Best is trial 34 with value: 501.0.
2021-07-17 15:32:29,244 ------------------------------------------------------------------------------
2021-07-17 15:32:29,244 Final task score = 193.0
2021-07-17 15:32:29,284 Trial 153 finished with value: 193.0 and parameters: {'hidden_dim': 193, 'epsilon_end': 0.0057460113155266244, 'epsilon_decay': 0.2751113576632024, 'grad_clip': 0.14055853226414958, 'target_update_period': 9, 'batch_size': 436}. Best is trial 34 with value: 501.0.
2021-07-17 15:33:01,835 ------------------------------------------------------------------------------
2021-07-17 15:33:01,835 Final task score = 165.0
2021-07-17 15:33:01,862 Trial 154 finished with value: 165.0 and parameters: {'hidden_dim': 181, 'epsilon_end': 0.020373003767603794, 'epsilon_decay': 0.39475693418137586, 'grad_clip': 0.14801576454999296, 'target_update_period': 7, 'batch_size': 401}. Best is trial 34 with value: 501.0.
2021-07-17 15:33:27,629 ------------------------------------------------------------------------------
2021-07-17 15:33:27,629 Final task score = 122.0
2021-07-17 15:33:27,650 Trial 155 finished with value: 122.0 and parameters: {'hidden_dim': 163, 'epsilon_end': 0.010695786911093264, 'epsilon_decay': 0.32380691264706574, 'grad_clip': 0.22342404773491514, 'target_update_period': 6, 'batch_size': 421}. Best is trial 34 with value: 501.0.
2021-07-17 15:34:55,244 ------------------------------------------------------------------------------
2021-07-17 15:34:55,244 Final task score = 328.0
2021-07-17 15:34:55,314 Trial 156 finished with value: 328.0 and parameters: {'hidden_dim': 186, 'epsilon_end': 0.0018068016794678676, 'epsilon_decay': 0.3496432969189717, 'grad_clip': 0.24318729659426597, 'target_update_period': 11, 'batch_size': 390}. Best is trial 34 with value: 501.0.
2021-07-17 15:35:38,940 ------------------------------------------------------------------------------
2021-07-17 15:35:38,940 Final task score = 174.0
2021-07-17 15:35:38,976 Trial 157 finished with value: 174.0 and parameters: {'hidden_dim': 186, 'epsilon_end': 0.0018826908887513212, 'epsilon_decay': 0.3459321593577473, 'grad_clip': 0.24033894808436362, 'target_update_period': 11, 'batch_size': 377}. Best is trial 34 with value: 501.0.
2021-07-17 15:36:21,245 ------------------------------------------------------------------------------
2021-07-17 15:36:21,245 Final task score = 232.0
2021-07-17 15:36:21,280 Trial 158 finished with value: 232.0 and parameters: {'hidden_dim': 178, 'epsilon_end': 0.006678047295393072, 'epsilon_decay': 0.36413530317834214, 'grad_clip': 0.25058327034029576, 'target_update_period': 12, 'batch_size': 408}. Best is trial 34 with value: 501.0.
2021-07-17 15:36:38,108 ------------------------------------------------------------------------------
2021-07-17 15:36:38,108 Final task score = 93.0
2021-07-17 15:36:38,124 Trial 159 finished with value: 93.0 and parameters: {'hidden_dim': 169, 'epsilon_end': 0.01583158081454677, 'epsilon_decay': 0.42107346640547183, 'grad_clip': 0.23229132443498, 'target_update_period': 10, 'batch_size': 390}. Best is trial 34 with value: 501.0.
2021-07-17 15:37:07,759 ------------------------------------------------------------------------------
2021-07-17 15:37:07,759 Final task score = 102.0
2021-07-17 15:37:07,782 Trial 160 finished with value: 102.0 and parameters: {'hidden_dim': 183, 'epsilon_end': 0.0005596558343754733, 'epsilon_decay': 0.39096335871322974, 'grad_clip': 0.24293599029672944, 'target_update_period': 5, 'batch_size': 424}. Best is trial 34 with value: 501.0.
2021-07-17 15:37:42,423 ------------------------------------------------------------------------------
2021-07-17 15:37:42,424 Final task score = 211.0
2021-07-17 15:37:42,480 Trial 161 finished with value: 211.0 and parameters: {'hidden_dim': 191, 'epsilon_end': 0.0031954510690752657, 'epsilon_decay': 0.30845136509452364, 'grad_clip': 0.2367848787941676, 'target_update_period': 13, 'batch_size': 96}. Best is trial 34 with value: 501.0.
2021-07-17 15:38:08,849 ------------------------------------------------------------------------------
2021-07-17 15:38:08,849 Final task score = 105.0
2021-07-17 15:38:08,872 Trial 162 finished with value: 105.0 and parameters: {'hidden_dim': 197, 'epsilon_end': 0.0016582042884746, 'epsilon_decay': 0.3277598878131293, 'grad_clip': 0.2273503870710103, 'target_update_period': 9, 'batch_size': 396}. Best is trial 34 with value: 501.0.
2021-07-17 15:38:42,000 ------------------------------------------------------------------------------
2021-07-17 15:38:42,000 Final task score = 137.0
2021-07-17 15:38:42,028 Trial 163 finished with value: 137.0 and parameters: {'hidden_dim': 187, 'epsilon_end': 0.012577690353716243, 'epsilon_decay': 0.2889743097069832, 'grad_clip': 0.1861079586289676, 'target_update_period': 15, 'batch_size': 367}. Best is trial 34 with value: 501.0.
2021-07-17 15:39:14,222 ------------------------------------------------------------------------------
2021-07-17 15:39:14,222 Final task score = 136.0
2021-07-17 15:39:14,247 Trial 164 finished with value: 136.0 and parameters: {'hidden_dim': 200, 'epsilon_end': 0.009467512444522904, 'epsilon_decay': 0.3517106938714737, 'grad_clip': 0.1558685582374269, 'target_update_period': 11, 'batch_size': 412}. Best is trial 34 with value: 501.0.
2021-07-17 15:40:09,919 ------------------------------------------------------------------------------
2021-07-17 15:40:09,920 Final task score = 224.0
2021-07-17 15:40:09,965 Trial 165 finished with value: 224.0 and parameters: {'hidden_dim': 194, 'epsilon_end': 0.013723687331802799, 'epsilon_decay': 0.3770968787398839, 'grad_clip': 0.24470651751654965, 'target_update_period': 8, 'batch_size': 386}. Best is trial 34 with value: 501.0.
2021-07-17 15:40:51,240 ------------------------------------------------------------------------------
2021-07-17 15:40:51,240 Final task score = 207.0
2021-07-17 15:40:51,272 Trial 166 finished with value: 207.0 and parameters: {'hidden_dim': 190, 'epsilon_end': 0.011425667540904468, 'epsilon_decay': 0.30830851379691004, 'grad_clip': 0.22219413294320517, 'target_update_period': 6, 'batch_size': 443}. Best is trial 34 with value: 501.0.
2021-07-17 15:41:53,214 ------------------------------------------------------------------------------
2021-07-17 15:41:53,214 Final task score = 213.0
2021-07-17 15:41:53,267 Trial 167 finished with value: 213.0 and parameters: {'hidden_dim': 184, 'epsilon_end': 0.008206058656244186, 'epsilon_decay': 0.2757862737793765, 'grad_clip': 0.23765873524404957, 'target_update_period': 10, 'batch_size': 349}. Best is trial 34 with value: 501.0.
2021-07-17 15:42:28,555 ------------------------------------------------------------------------------
2021-07-17 15:42:28,556 Final task score = 126.0
2021-07-17 15:42:28,585 Trial 168 finished with value: 126.0 and parameters: {'hidden_dim': 176, 'epsilon_end': 0.009868702236026091, 'epsilon_decay': 0.34308955337021696, 'grad_clip': 0.2540122123996832, 'target_update_period': 7, 'batch_size': 402}. Best is trial 34 with value: 501.0.
2021-07-17 15:43:30,777 ------------------------------------------------------------------------------
2021-07-17 15:43:30,777 Final task score = 209.0
2021-07-17 15:43:30,827 Trial 169 finished with value: 209.0 and parameters: {'hidden_dim': 196, 'epsilon_end': 0.017753479351512013, 'epsilon_decay': 0.24340856198838756, 'grad_clip': 0.2304506176874199, 'target_update_period': 9, 'batch_size': 432}. Best is trial 34 with value: 501.0.
2021-07-17 15:44:25,338 ------------------------------------------------------------------------------
2021-07-17 15:44:25,338 Final task score = 226.0
2021-07-17 15:44:25,397 Trial 170 finished with value: 226.0 and parameters: {'hidden_dim': 173, 'epsilon_end': 0.014248604908302355, 'epsilon_decay': 0.2956522776848882, 'grad_clip': 0.16645445535439596, 'target_update_period': 8, 'batch_size': 228}. Best is trial 34 with value: 501.0.
2021-07-17 15:44:33,497 ------------------------------------------------------------------------------
2021-07-17 15:44:33,497 Final task score = 70.0
2021-07-17 15:44:33,505 Trial 171 finished with value: 70.0 and parameters: {'hidden_dim': 179, 'epsilon_end': 0.04850581538068586, 'epsilon_decay': 0.6010042744405655, 'grad_clip': 0.29597227359704353, 'target_update_period': 12, 'batch_size': 377}. Best is trial 34 with value: 501.0.
2021-07-17 15:45:17,944 ------------------------------------------------------------------------------
2021-07-17 15:45:17,945 Final task score = 219.0
2021-07-17 15:45:17,981 Trial 172 finished with value: 219.0 and parameters: {'hidden_dim': 188, 'epsilon_end': 0.046148161848531724, 'epsilon_decay': 0.32732116395254335, 'grad_clip': 0.28510850933500487, 'target_update_period': 19, 'batch_size': 356}. Best is trial 34 with value: 501.0.
2021-07-17 15:45:53,092 ------------------------------------------------------------------------------
2021-07-17 15:45:53,092 Final task score = 123.0
2021-07-17 15:45:53,122 Trial 173 finished with value: 123.0 and parameters: {'hidden_dim': 182, 'epsilon_end': 0.04412458022717676, 'epsilon_decay': 0.3531061697925745, 'grad_clip': 0.149564768793509, 'target_update_period': 14, 'batch_size': 367}. Best is trial 34 with value: 501.0.
2021-07-17 15:46:40,862 ------------------------------------------------------------------------------
2021-07-17 15:46:40,863 Final task score = 169.0
2021-07-17 15:46:40,904 Trial 174 finished with value: 169.0 and parameters: {'hidden_dim': 192, 'epsilon_end': 0.04768536406186626, 'epsilon_decay': 0.4491533555335395, 'grad_clip': 0.2915725367618275, 'target_update_period': 11, 'batch_size': 385}. Best is trial 34 with value: 501.0.
2021-07-17 15:47:22,329 ------------------------------------------------------------------------------
2021-07-17 15:47:22,329 Final task score = 149.0
2021-07-17 15:47:22,361 Trial 175 finished with value: 149.0 and parameters: {'hidden_dim': 187, 'epsilon_end': 0.028571810061953716, 'epsilon_decay': 0.3733290287746802, 'grad_clip': 0.2454061791501245, 'target_update_period': 10, 'batch_size': 395}. Best is trial 34 with value: 501.0.
2021-07-17 15:48:16,290 ------------------------------------------------------------------------------
2021-07-17 15:48:16,290 Final task score = 194.0
2021-07-17 15:48:16,334 Trial 176 finished with value: 194.0 and parameters: {'hidden_dim': 171, 'epsilon_end': 0.045424575519706065, 'epsilon_decay': 0.4085963056597094, 'grad_clip': 0.2996832806630392, 'target_update_period': 6, 'batch_size': 414}. Best is trial 34 with value: 501.0.
2021-07-17 15:49:45,109 ------------------------------------------------------------------------------
2021-07-17 15:49:45,109 Final task score = 501.0
2021-07-17 15:49:45,182 Trial 177 finished with value: 501.0 and parameters: {'hidden_dim': 179, 'epsilon_end': 0.025536463218341222, 'epsilon_decay': 0.5446428550547299, 'grad_clip': 0.1609562563195795, 'target_update_period': 9, 'batch_size': 380}. Best is trial 34 with value: 501.0.
2021-07-17 15:50:56,187 ------------------------------------------------------------------------------
2021-07-17 15:50:56,188 Final task score = 256.0
2021-07-17 15:50:56,247 Trial 178 finished with value: 256.0 and parameters: {'hidden_dim': 200, 'epsilon_end': 0.023298510448082742, 'epsilon_decay': 0.5705401977029843, 'grad_clip': 0.13971899485725783, 'target_update_period': 8, 'batch_size': 376}. Best is trial 34 with value: 501.0.
2021-07-17 15:51:48,370 ------------------------------------------------------------------------------
2021-07-17 15:51:48,371 Final task score = 121.0
2021-07-17 15:51:48,410 Trial 179 finished with value: 121.0 and parameters: {'hidden_dim': 178, 'epsilon_end': 0.012287868457663477, 'epsilon_decay': 0.5502779080889647, 'grad_clip': 0.17717750092645093, 'target_update_period': 9, 'batch_size': 457}. Best is trial 34 with value: 501.0.
2021-07-17 15:52:46,915 ------------------------------------------------------------------------------
2021-07-17 15:52:46,916 Final task score = 218.0
2021-07-17 15:52:46,963 Trial 180 finished with value: 218.0 and parameters: {'hidden_dim': 192, 'epsilon_end': 0.010908287793399522, 'epsilon_decay': 0.5039090486194172, 'grad_clip': 0.16047200950477924, 'target_update_period': 7, 'batch_size': 407}. Best is trial 34 with value: 501.0.
2021-07-17 15:53:00,497 ------------------------------------------------------------------------------
2021-07-17 15:53:00,497 Final task score = 140.0
2021-07-17 15:53:00,509 Trial 181 finished with value: 140.0 and parameters: {'hidden_dim': 184, 'epsilon_end': 0.0129503511632764, 'epsilon_decay': 0.4735142024066679, 'grad_clip': 0.15398177754871067, 'target_update_period': 10, 'batch_size': 364}. Best is trial 34 with value: 501.0.
2021-07-17 15:53:42,662 ------------------------------------------------------------------------------
2021-07-17 15:53:42,662 Final task score = 145.0
2021-07-17 15:53:42,697 Trial 182 finished with value: 145.0 and parameters: {'hidden_dim': 167, 'epsilon_end': 0.043277289112452495, 'epsilon_decay': 0.5475823759498696, 'grad_clip': 0.16999193764027773, 'target_update_period': 11, 'batch_size': 387}. Best is trial 34 with value: 501.0.
2021-07-17 15:54:43,468 ------------------------------------------------------------------------------
2021-07-17 15:54:43,468 Final task score = 201.0
2021-07-17 15:54:43,518 Trial 183 finished with value: 201.0 and parameters: {'hidden_dim': 179, 'epsilon_end': 0.025446931325479594, 'epsilon_decay': 0.31517565401839387, 'grad_clip': 0.16477749556533045, 'target_update_period': 13, 'batch_size': 399}. Best is trial 34 with value: 501.0.
2021-07-17 15:56:09,448 ------------------------------------------------------------------------------
2021-07-17 15:56:09,448 Final task score = 501.0
2021-07-17 15:56:09,523 Trial 184 finished with value: 501.0 and parameters: {'hidden_dim': 175, 'epsilon_end': 0.04655015966358401, 'epsilon_decay': 0.5327284896680747, 'grad_clip': 0.15890831188262358, 'target_update_period': 8, 'batch_size': 344}. Best is trial 34 with value: 501.0.
2021-07-17 15:56:54,777 ------------------------------------------------------------------------------
2021-07-17 15:56:54,777 Final task score = 169.0
2021-07-17 15:56:54,819 Trial 185 finished with value: 169.0 and parameters: {'hidden_dim': 174, 'epsilon_end': 0.0472089354748565, 'epsilon_decay': 0.5327106448793528, 'grad_clip': 0.16064731318166917, 'target_update_period': 8, 'batch_size': 348}. Best is trial 34 with value: 501.0.
2021-07-17 15:57:35,983 ------------------------------------------------------------------------------
2021-07-17 15:57:36,001 Final task score = 130.0
2021-07-17 15:57:36,035 Trial 186 finished with value: 130.0 and parameters: {'hidden_dim': 196, 'epsilon_end': 0.014804681333063492, 'epsilon_decay': 0.5863064077329088, 'grad_clip': 0.1519216160942997, 'target_update_period': 7, 'batch_size': 422}. Best is trial 34 with value: 501.0.
2021-07-17 15:57:39,306 ------------------------------------------------------------------------------
2021-07-17 15:57:39,306 Final task score = 10.0
2021-07-17 15:57:39,311 Trial 187 finished with value: 10.0 and parameters: {'hidden_dim': 47, 'epsilon_end': 0.0024567215218790988, 'epsilon_decay': 0.3371618281265049, 'grad_clip': 0.14625572211590934, 'target_update_period': 9, 'batch_size': 265}. Best is trial 34 with value: 501.0.
2021-07-17 15:58:26,959 ------------------------------------------------------------------------------
2021-07-17 15:58:26,960 Final task score = 150.0
2021-07-17 15:58:26,999 Trial 188 finished with value: 150.0 and parameters: {'hidden_dim': 186, 'epsilon_end': 0.004952149775193713, 'epsilon_decay': 0.5167742827165669, 'grad_clip': 0.16068780602141133, 'target_update_period': 6, 'batch_size': 374}. Best is trial 34 with value: 501.0.
2021-07-17 15:59:14,454 ------------------------------------------------------------------------------
2021-07-17 15:59:14,454 Final task score = 210.0
2021-07-17 15:59:14,494 Trial 189 finished with value: 210.0 and parameters: {'hidden_dim': 181, 'epsilon_end': 0.032438783645761096, 'epsilon_decay': 0.26249909840788715, 'grad_clip': 0.1572027577726869, 'target_update_period': 8, 'batch_size': 340}. Best is trial 34 with value: 501.0.
2021-07-17 15:59:53,525 ------------------------------------------------------------------------------
2021-07-17 15:59:53,526 Final task score = 121.0
2021-07-17 15:59:53,559 Trial 190 finished with value: 121.0 and parameters: {'hidden_dim': 190, 'epsilon_end': 0.04609268569554132, 'epsilon_decay': 0.36318727776701615, 'grad_clip': 0.24011371278144356, 'target_update_period': 5, 'batch_size': 359}. Best is trial 34 with value: 501.0.
2021-07-17 16:00:46,915 ------------------------------------------------------------------------------
2021-07-17 16:00:46,915 Final task score = 185.0
2021-07-17 16:00:46,958 Trial 191 finished with value: 185.0 and parameters: {'hidden_dim': 175, 'epsilon_end': 0.04557537130960354, 'epsilon_decay': 0.5570659456957345, 'grad_clip': 0.23481919879993524, 'target_update_period': 12, 'batch_size': 383}. Best is trial 34 with value: 501.0.
2021-07-17 16:01:43,826 ------------------------------------------------------------------------------
2021-07-17 16:01:43,826 Final task score = 411.0
2021-07-17 16:01:43,873 Trial 192 finished with value: 411.0 and parameters: {'hidden_dim': 171, 'epsilon_end': 0.04705526033239439, 'epsilon_decay': 0.38249308672376225, 'grad_clip': 0.278018185924054, 'target_update_period': 9, 'batch_size': 369}. Best is trial 34 with value: 501.0.
2021-07-17 16:02:35,669 ------------------------------------------------------------------------------
2021-07-17 16:02:35,669 Final task score = 160.0
2021-07-17 16:02:35,714 Trial 193 finished with value: 160.0 and parameters: {'hidden_dim': 164, 'epsilon_end': 0.003965649162106173, 'epsilon_decay': 0.3810300670780569, 'grad_clip': 0.27952237552241327, 'target_update_period': 9, 'batch_size': 392}. Best is trial 34 with value: 501.0.
2021-07-17 16:03:41,924 ------------------------------------------------------------------------------
2021-07-17 16:03:41,924 Final task score = 173.0
2021-07-17 16:03:41,980 Trial 194 finished with value: 173.0 and parameters: {'hidden_dim': 169, 'epsilon_end': 0.046835687063299734, 'epsilon_decay': 0.5333276487800119, 'grad_clip': 0.2601461262443331, 'target_update_period': 8, 'batch_size': 373}. Best is trial 34 with value: 501.0.
2021-07-17 16:04:18,775 ------------------------------------------------------------------------------
2021-07-17 16:04:18,775 Final task score = 123.0
2021-07-17 16:04:18,808 Trial 195 finished with value: 123.0 and parameters: {'hidden_dim': 172, 'epsilon_end': 0.044772339737256, 'epsilon_decay': 0.39721411108904436, 'grad_clip': 0.22750463639248275, 'target_update_period': 10, 'batch_size': 363}. Best is trial 34 with value: 501.0.
2021-07-17 16:05:00,530 ------------------------------------------------------------------------------
2021-07-17 16:05:00,531 Final task score = 123.0
2021-07-17 16:05:00,563 Trial 196 finished with value: 123.0 and parameters: {'hidden_dim': 182, 'epsilon_end': 0.0491589270276965, 'epsilon_decay': 0.301756712913089, 'grad_clip': 0.15437630462914242, 'target_update_period': 7, 'batch_size': 403}. Best is trial 34 with value: 501.0.
2021-07-17 16:06:13,869 ------------------------------------------------------------------------------
2021-07-17 16:06:13,869 Final task score = 235.0
2021-07-17 16:06:13,931 Trial 197 finished with value: 235.0 and parameters: {'hidden_dim': 177, 'epsilon_end': 0.026300717334883872, 'epsilon_decay': 0.34363340378378393, 'grad_clip': 0.28738191947113984, 'target_update_period': 9, 'batch_size': 416}. Best is trial 34 with value: 501.0.
2021-07-17 16:06:52,398 ------------------------------------------------------------------------------
2021-07-17 16:06:52,399 Final task score = 145.0
