2021-07-17 13:20:25,321 Trial 49 finished with value: 162.0 and parameters: {'hidden_dim': 193, 'epsilon_end': 0.042922759122052, 'epsilon_decay': 0.28691277325740683, 'grad_clip': 0.29314984528538585, 'target_update_period': 18, 'batch_size': 403}. Best is trial 34 with value: 501.0.
2021-07-17 13:21:04,328 ------------------------------------------------------------------------------
2021-07-17 13:21:04,328 Final task score = 208.0
2021-07-17 13:21:04,364 Trial 50 finished with value: 208.0 and parameters: {'hidden_dim': 198, 'epsilon_end': 0.04437051935049923, 'epsilon_decay': 0.3358123125908335, 'grad_clip': 0.2954801380206021, 'target_update_period': 16, 'batch_size': 395}. Best is trial 34 with value: 501.0.
2021-07-17 13:21:49,508 ------------------------------------------------------------------------------
2021-07-17 13:21:49,508 Final task score = 214.0
2021-07-17 13:21:49,550 Trial 51 finished with value: 214.0 and parameters: {'hidden_dim': 170, 'epsilon_end': 0.04160059529091084, 'epsilon_decay': 0.17805825488096316, 'grad_clip': 0.2712799641858633, 'target_update_period': 11, 'batch_size': 384}. Best is trial 34 with value: 501.0.
2021-07-17 13:22:29,650 ------------------------------------------------------------------------------
2021-07-17 13:22:29,650 Final task score = 223.0
2021-07-17 13:22:29,692 Trial 52 finished with value: 223.0 and parameters: {'hidden_dim': 184, 'epsilon_end': 0.0480294929094585, 'epsilon_decay': 0.22604415625847188, 'grad_clip': 0.29945224800400827, 'target_update_period': 8, 'batch_size': 307}. Best is trial 34 with value: 501.0.
2021-07-17 13:23:06,854 ------------------------------------------------------------------------------
2021-07-17 13:23:06,855 Final task score = 186.0
2021-07-17 13:23:06,889 Trial 53 finished with value: 186.0 and parameters: {'hidden_dim': 160, 'epsilon_end': 0.04017888175313437, 'epsilon_decay': 0.2853348954377354, 'grad_clip': 0.2541424400751501, 'target_update_period': 13, 'batch_size': 430}. Best is trial 34 with value: 501.0.
2021-07-17 13:23:26,562 ------------------------------------------------------------------------------
2021-07-17 13:23:26,562 Final task score = 112.0
2021-07-17 13:23:26,583 Trial 54 finished with value: 112.0 and parameters: {'hidden_dim': 176, 'epsilon_end': 0.03704031940350425, 'epsilon_decay': 0.10666228167161217, 'grad_clip': 0.2822969712477624, 'target_update_period': 19, 'batch_size': 335}. Best is trial 34 with value: 501.0.
2021-07-17 13:23:37,088 ------------------------------------------------------------------------------
2021-07-17 13:23:37,088 Final task score = 131.0
2021-07-17 13:23:37,101 Trial 55 finished with value: 131.0 and parameters: {'hidden_dim': 20, 'epsilon_end': 0.04997274854634795, 'epsilon_decay': 0.38963508303265354, 'grad_clip': 0.2673869876214079, 'target_update_period': 26, 'batch_size': 460}. Best is trial 34 with value: 501.0.
2021-07-17 13:24:19,242 ------------------------------------------------------------------------------
2021-07-17 13:24:19,243 Final task score = 157.0
2021-07-17 13:24:19,282 Trial 56 finished with value: 157.0 and parameters: {'hidden_dim': 190, 'epsilon_end': 0.03261272010423601, 'epsilon_decay': 0.21424793528218053, 'grad_clip': 0.22568314510764345, 'target_update_period': 15, 'batch_size': 355}. Best is trial 34 with value: 501.0.
2021-07-17 13:25:02,093 ------------------------------------------------------------------------------
2021-07-17 13:25:02,093 Final task score = 243.0
2021-07-17 13:25:02,131 Trial 57 finished with value: 243.0 and parameters: {'hidden_dim': 158, 'epsilon_end': 0.04487221128523643, 'epsilon_decay': 0.46245427246731996, 'grad_clip': 0.23529140999169548, 'target_update_period': 11, 'batch_size': 413}. Best is trial 34 with value: 501.0.
2021-07-17 13:25:42,907 ------------------------------------------------------------------------------
2021-07-17 13:25:42,907 Final task score = 137.0
2021-07-17 13:25:42,938 Trial 58 finished with value: 137.0 and parameters: {'hidden_dim': 170, 'epsilon_end': 0.04209667036233882, 'epsilon_decay': 0.1499766724300297, 'grad_clip': 0.2559362906978192, 'target_update_period': 7, 'batch_size': 437}. Best is trial 34 with value: 501.0.
2021-07-17 13:27:09,264 ------------------------------------------------------------------------------
2021-07-17 13:27:09,264 Final task score = 277.0
2021-07-17 13:27:09,346 Trial 59 finished with value: 277.0 and parameters: {'hidden_dim': 182, 'epsilon_end': 0.046253037614552905, 'epsilon_decay': 0.35437288886701185, 'grad_clip': 0.2898599217586722, 'target_update_period': 9, 'batch_size': 291}. Best is trial 34 with value: 501.0.
2021-07-17 13:27:25,783 ------------------------------------------------------------------------------
2021-07-17 13:27:25,783 Final task score = 92.0
2021-07-17 13:27:25,801 Trial 60 finished with value: 92.0 and parameters: {'hidden_dim': 180, 'epsilon_end': 0.046139974396099924, 'epsilon_decay': 0.35521954553029705, 'grad_clip': 0.2879197805428091, 'target_update_period': 13, 'batch_size': 260}. Best is trial 34 with value: 501.0.
2021-07-17 13:28:08,133 ------------------------------------------------------------------------------
2021-07-17 13:28:08,134 Final task score = 191.0
2021-07-17 13:28:08,174 Trial 61 finished with value: 191.0 and parameters: {'hidden_dim': 187, 'epsilon_end': 0.0407921806990109, 'epsilon_decay': 0.3085536470957032, 'grad_clip': 0.2991672956621932, 'target_update_period': 9, 'batch_size': 290}. Best is trial 34 with value: 501.0.
2021-07-17 13:29:00,603 ------------------------------------------------------------------------------
2021-07-17 13:29:00,603 Final task score = 180.0
2021-07-17 13:29:00,647 Trial 62 finished with value: 180.0 and parameters: {'hidden_dim': 163, 'epsilon_end': 0.04356551281174416, 'epsilon_decay': 0.2717025543458489, 'grad_clip': 0.2805255611589475, 'target_update_period': 6, 'batch_size': 381}. Best is trial 34 with value: 501.0.
2021-07-17 13:29:40,788 ------------------------------------------------------------------------------
2021-07-17 13:29:40,789 Final task score = 189.0
2021-07-17 13:29:40,847 Trial 63 finished with value: 189.0 and parameters: {'hidden_dim': 200, 'epsilon_end': 0.04675519187113357, 'epsilon_decay': 0.39314635532929865, 'grad_clip': 0.2687110525781135, 'target_update_period': 10, 'batch_size': 153}. Best is trial 34 with value: 501.0.
2021-07-17 13:30:21,855 ------------------------------------------------------------------------------
2021-07-17 13:30:21,856 Final task score = 131.0
2021-07-17 13:30:21,892 Trial 64 finished with value: 131.0 and parameters: {'hidden_dim': 180, 'epsilon_end': 0.03841280513357459, 'epsilon_decay': 0.43685719387507527, 'grad_clip': 0.2576249659912764, 'target_update_period': 12, 'batch_size': 326}. Best is trial 34 with value: 501.0.
2021-07-17 13:30:56,915 ------------------------------------------------------------------------------
2021-07-17 13:30:56,915 Final task score = 145.0
2021-07-17 13:30:56,948 Trial 65 finished with value: 145.0 and parameters: {'hidden_dim': 145, 'epsilon_end': 0.048885335099358586, 'epsilon_decay': 0.33826369018123903, 'grad_clip': 0.28835716084262386, 'target_update_period': 8, 'batch_size': 356}. Best is trial 34 with value: 501.0.
2021-07-17 13:31:27,024 ------------------------------------------------------------------------------
2021-07-17 13:31:27,024 Final task score = 132.0
2021-07-17 13:31:27,055 Trial 66 finished with value: 132.0 and parameters: {'hidden_dim': 153, 'epsilon_end': 0.045365694453541563, 'epsilon_decay': 0.5615202507487482, 'grad_clip': 0.2373849441244812, 'target_update_period': 6, 'batch_size': 223}. Best is trial 34 with value: 501.0.
2021-07-17 13:32:16,683 ------------------------------------------------------------------------------
2021-07-17 13:32:16,683 Final task score = 207.0
2021-07-17 13:32:16,725 Trial 67 finished with value: 207.0 and parameters: {'hidden_dim': 171, 'epsilon_end': 0.04234702197240184, 'epsilon_decay': 0.19674665634864297, 'grad_clip': 0.29942246582767323, 'target_update_period': 10, 'batch_size': 408}. Best is trial 34 with value: 501.0.
2021-07-17 13:32:49,433 ------------------------------------------------------------------------------
2021-07-17 13:32:49,433 Final task score = 132.0
2021-07-17 13:32:49,460 Trial 68 finished with value: 132.0 and parameters: {'hidden_dim': 195, 'epsilon_end': 0.01697334572079303, 'epsilon_decay': 0.24202595586145795, 'grad_clip': 0.2741890700722325, 'target_update_period': 15, 'batch_size': 390}. Best is trial 34 with value: 501.0.
2021-07-17 13:33:09,629 ------------------------------------------------------------------------------
2021-07-17 13:33:09,629 Final task score = 158.0
2021-07-17 13:33:09,651 Trial 69 finished with value: 158.0 and parameters: {'hidden_dim': 109, 'epsilon_end': 0.04008600005239254, 'epsilon_decay': 0.2918491607379976, 'grad_clip': 0.24959496416005084, 'target_update_period': 23, 'batch_size': 291}. Best is trial 34 with value: 501.0.
2021-07-17 13:33:15,010 ------------------------------------------------------------------------------
2021-07-17 13:33:15,010 Final task score = 51.0
2021-07-17 13:33:15,020 Trial 70 finished with value: 51.0 and parameters: {'hidden_dim': 155, 'epsilon_end': 0.0077190032981528, 'epsilon_decay': 0.5136426885214025, 'grad_clip': 0.2636183707299875, 'target_update_period': 5, 'batch_size': 56}. Best is trial 34 with value: 501.0.
2021-07-17 13:33:50,891 ------------------------------------------------------------------------------
2021-07-17 13:33:50,891 Final task score = 170.0
2021-07-17 13:33:50,924 Trial 71 finished with value: 170.0 and parameters: {'hidden_dim': 180, 'epsilon_end': 0.041447277375929924, 'epsilon_decay': 0.9726027572223281, 'grad_clip': 0.2926852101446423, 'target_update_period': 29, 'batch_size': 325}. Best is trial 34 with value: 501.0.
2021-07-17 13:34:30,599 ------------------------------------------------------------------------------
2021-07-17 13:34:30,599 Final task score = 216.0
2021-07-17 13:34:30,636 Trial 72 finished with value: 216.0 and parameters: {'hidden_dim': 169, 'epsilon_end': 0.035622531134720664, 'epsilon_decay': 0.7154286743435234, 'grad_clip': 0.28409518204218925, 'target_update_period': 33, 'batch_size': 339}. Best is trial 34 with value: 501.0.
2021-07-17 13:34:35,585 ------------------------------------------------------------------------------
2021-07-17 13:34:35,585 Final task score = 22.0
2021-07-17 13:34:35,591 Trial 73 finished with value: 22.0 and parameters: {'hidden_dim': 163, 'epsilon_end': 0.0435212557839904, 'epsilon_decay': 0.6182033547689699, 'grad_clip': 0.2741301632537289, 'target_update_period': 36, 'batch_size': 361}. Best is trial 34 with value: 501.0.
2021-07-17 13:34:44,614 ------------------------------------------------------------------------------
2021-07-17 13:34:44,615 Final task score = 68.0
2021-07-17 13:34:44,623 Trial 74 finished with value: 68.0 and parameters: {'hidden_dim': 175, 'epsilon_end': 0.04713093841001387, 'epsilon_decay': 0.48479352214925, 'grad_clip': 0.28953839126975495, 'target_update_period': 31, 'batch_size': 373}. Best is trial 34 with value: 501.0.
2021-07-17 13:34:52,864 ------------------------------------------------------------------------------
2021-07-17 13:34:52,864 Final task score = 49.0
2021-07-17 13:34:52,873 Trial 75 finished with value: 49.0 and parameters: {'hidden_dim': 147, 'epsilon_end': 0.03782163917749508, 'epsilon_decay': 0.3199407107521272, 'grad_clip': 0.2803671779899416, 'target_update_period': 26, 'batch_size': 256}. Best is trial 34 with value: 501.0.
2021-07-17 13:35:36,998 ------------------------------------------------------------------------------
2021-07-17 13:35:36,999 Final task score = 247.0
2021-07-17 13:35:37,041 Trial 76 finished with value: 247.0 and parameters: {'hidden_dim': 135, 'epsilon_end': 0.0451335876776597, 'epsilon_decay': 0.857653938544062, 'grad_clip': 0.2679232051313397, 'target_update_period': 28, 'batch_size': 313}. Best is trial 34 with value: 501.0.
2021-07-17 13:35:47,749 ------------------------------------------------------------------------------
2021-07-17 13:35:47,749 Final task score = 70.0
2021-07-17 13:35:47,762 Trial 77 finished with value: 70.0 and parameters: {'hidden_dim': 73, 'epsilon_end': 0.039249835754158906, 'epsilon_decay': 0.43367049112129274, 'grad_clip': 0.11386116888423933, 'target_update_period': 21, 'batch_size': 336}. Best is trial 34 with value: 501.0.
2021-07-17 13:36:22,343 ------------------------------------------------------------------------------
2021-07-17 13:36:22,343 Final task score = 197.0
2021-07-17 13:36:22,377 Trial 78 finished with value: 197.0 and parameters: {'hidden_dim': 187, 'epsilon_end': 0.04895905904203434, 'epsilon_decay': 0.9441887727624654, 'grad_clip': 0.2157069192114952, 'target_update_period': 24, 'batch_size': 299}. Best is trial 34 with value: 501.0.
2021-07-17 13:36:32,262 ------------------------------------------------------------------------------
2021-07-17 13:36:32,263 Final task score = 110.0
2021-07-17 13:36:32,273 Trial 79 finished with value: 110.0 and parameters: {'hidden_dim': 159, 'epsilon_end': 0.04375671471225804, 'epsilon_decay': 0.8013970279166297, 'grad_clip': 0.19959357508034722, 'target_update_period': 30, 'batch_size': 279}. Best is trial 34 with value: 501.0.
2021-07-17 13:37:19,247 ------------------------------------------------------------------------------
2021-07-17 13:37:19,262 Final task score = 147.0
2021-07-17 13:37:19,301 Trial 80 finished with value: 147.0 and parameters: {'hidden_dim': 166, 'epsilon_end': 0.04588943748485908, 'epsilon_decay': 0.3757469343132512, 'grad_clip': 0.2998712865412701, 'target_update_period': 9, 'batch_size': 429}. Best is trial 34 with value: 501.0.
2021-07-17 13:37:54,348 ------------------------------------------------------------------------------
2021-07-17 13:37:54,348 Final task score = 178.0
2021-07-17 13:37:54,381 Trial 81 finished with value: 178.0 and parameters: {'hidden_dim': 141, 'epsilon_end': 0.0445699529419333, 'epsilon_decay': 0.8702441849872149, 'grad_clip': 0.24086138249724745, 'target_update_period': 31, 'batch_size': 304}. Best is trial 34 with value: 501.0.
2021-07-17 13:38:06,122 ------------------------------------------------------------------------------
2021-07-17 13:38:06,123 Final task score = 94.0
2021-07-17 13:38:06,135 Trial 82 finished with value: 94.0 and parameters: {'hidden_dim': 122, 'epsilon_end': 0.04253536854158679, 'epsilon_decay': 0.7092498776219718, 'grad_clip': 0.24876102022088453, 'target_update_period': 27, 'batch_size': 315}. Best is trial 34 with value: 501.0.
2021-07-17 13:38:24,446 ------------------------------------------------------------------------------
2021-07-17 13:38:24,446 Final task score = 83.0
2021-07-17 13:38:24,463 Trial 83 finished with value: 83.0 and parameters: {'hidden_dim': 136, 'epsilon_end': 0.04090126541992831, 'epsilon_decay': 0.8560978075659136, 'grad_clip': 0.26302521350719754, 'target_update_period': 29, 'batch_size': 350}. Best is trial 34 with value: 501.0.
2021-07-17 13:38:53,880 ------------------------------------------------------------------------------
2021-07-17 13:38:53,880 Final task score = 183.0
2021-07-17 13:38:53,905 Trial 84 finished with value: 183.0 and parameters: {'hidden_dim': 149, 'epsilon_end': 0.04724197891927803, 'epsilon_decay': 0.8962538501954915, 'grad_clip': 0.2698725175880074, 'target_update_period': 28, 'batch_size': 369}. Best is trial 34 with value: 501.0.
2021-07-17 13:40:10,325 ------------------------------------------------------------------------------
2021-07-17 13:40:10,325 Final task score = 248.0
2021-07-17 13:40:10,395 Trial 85 finished with value: 248.0 and parameters: {'hidden_dim': 116, 'epsilon_end': 0.04470797559540532, 'epsilon_decay': 0.9429702192393665, 'grad_clip': 0.23036848470568633, 'target_update_period': 12, 'batch_size': 389}. Best is trial 34 with value: 501.0.
2021-07-17 13:41:03,282 ------------------------------------------------------------------------------
2021-07-17 13:41:03,282 Final task score = 182.0
2021-07-17 13:41:03,329 Trial 86 finished with value: 182.0 and parameters: {'hidden_dim': 114, 'epsilon_end': 0.03903339357553472, 'epsilon_decay': 0.9285640391720711, 'grad_clip': 0.23193588860954334, 'target_update_period': 12, 'batch_size': 380}. Best is trial 34 with value: 501.0.
2021-07-17 13:41:46,883 ------------------------------------------------------------------------------
2021-07-17 13:41:46,883 Final task score = 228.0
2021-07-17 13:41:46,922 Trial 87 finished with value: 228.0 and parameters: {'hidden_dim': 93, 'epsilon_end': 0.03703872363823541, 'epsilon_decay': 0.12742075064279695, 'grad_clip': 0.25756949666252416, 'target_update_period': 7, 'batch_size': 402}. Best is trial 34 with value: 501.0.
2021-07-17 13:42:59,513 ------------------------------------------------------------------------------
2021-07-17 13:42:59,513 Final task score = 219.0
2021-07-17 13:42:59,565 Trial 88 finished with value: 219.0 and parameters: {'hidden_dim': 181, 'epsilon_end': 0.04266667158340783, 'epsilon_decay': 0.264294340669723, 'grad_clip': 0.22048468061800774, 'target_update_period': 14, 'batch_size': 449}. Best is trial 34 with value: 501.0.
2021-07-17 13:44:36,104 ------------------------------------------------------------------------------
2021-07-17 13:44:36,105 Final task score = 501.0
2021-07-17 13:44:36,182 Trial 89 finished with value: 501.0 and parameters: {'hidden_dim': 173, 'epsilon_end': 0.023582606423380996, 'epsilon_decay': 0.540258445716241, 'grad_clip': 0.23148579275460046, 'target_update_period': 11, 'batch_size': 421}. Best is trial 34 with value: 501.0.
2021-07-17 13:45:21,243 ------------------------------------------------------------------------------
2021-07-17 13:45:21,243 Final task score = 181.0
2021-07-17 13:45:21,279 Trial 90 finished with value: 181.0 and parameters: {'hidden_dim': 172, 'epsilon_end': 0.024763603502938807, 'epsilon_decay': 0.6373052177087746, 'grad_clip': 0.29298216363468627, 'target_update_period': 8, 'batch_size': 472}. Best is trial 34 with value: 501.0.
2021-07-17 13:46:53,414 ------------------------------------------------------------------------------
2021-07-17 13:46:53,414 Final task score = 246.0
2021-07-17 13:46:53,489 Trial 91 finished with value: 246.0 and parameters: {'hidden_dim': 166, 'epsilon_end': 0.022866877195897608, 'epsilon_decay': 0.9648354467324151, 'grad_clip': 0.228376417856435, 'target_update_period': 11, 'batch_size': 422}. Best is trial 34 with value: 501.0.
2021-07-17 13:47:33,890 ------------------------------------------------------------------------------
2021-07-17 13:47:33,890 Final task score = 137.0
2021-07-17 13:47:33,925 Trial 92 finished with value: 137.0 and parameters: {'hidden_dim': 155, 'epsilon_end': 0.018641798610278308, 'epsilon_decay': 0.5727683846204101, 'grad_clip': 0.20638258494721223, 'target_update_period': 11, 'batch_size': 392}. Best is trial 34 with value: 501.0.
2021-07-17 13:48:47,726 ------------------------------------------------------------------------------
2021-07-17 13:48:47,726 Final task score = 284.0
2021-07-17 13:48:47,787 Trial 93 finished with value: 284.0 and parameters: {'hidden_dim': 174, 'epsilon_end': 0.012673717848876283, 'epsilon_decay': 0.40146193410329994, 'grad_clip': 0.24148592184150774, 'target_update_period': 6, 'batch_size': 412}. Best is trial 34 with value: 501.0.
2021-07-17 13:49:26,126 ------------------------------------------------------------------------------
2021-07-17 13:49:26,126 Final task score = 163.0
2021-07-17 13:49:26,159 Trial 94 finished with value: 163.0 and parameters: {'hidden_dim': 190, 'epsilon_end': 0.014198461589804822, 'epsilon_decay': 0.409211082420911, 'grad_clip': 0.24001589654857333, 'target_update_period': 6, 'batch_size': 408}. Best is trial 34 with value: 501.0.
2021-07-17 13:50:26,792 ------------------------------------------------------------------------------
2021-07-17 13:50:26,792 Final task score = 222.0
2021-07-17 13:50:26,841 Trial 95 finished with value: 222.0 and parameters: {'hidden_dim': 177, 'epsilon_end': 0.013270151022155022, 'epsilon_decay': 0.4974929982084588, 'grad_clip': 0.2493927118530273, 'target_update_period': 9, 'batch_size': 415}. Best is trial 34 with value: 501.0.
2021-07-17 13:51:01,105 ------------------------------------------------------------------------------
2021-07-17 13:51:01,106 Final task score = 123.0
2021-07-17 13:51:01,133 Trial 96 finished with value: 123.0 and parameters: {'hidden_dim': 183, 'epsilon_end': 0.0009669534035103358, 'epsilon_decay': 0.396748818566672, 'grad_clip': 0.2529848470315834, 'target_update_period': 6, 'batch_size': 500}. Best is trial 34 with value: 501.0.
2021-07-17 13:52:30,068 ------------------------------------------------------------------------------
2021-07-17 13:52:30,069 Final task score = 327.0
2021-07-17 13:52:30,134 Trial 97 finished with value: 327.0 and parameters: {'hidden_dim': 197, 'epsilon_end': 0.010341360208319599, 'epsilon_decay': 0.33646484550388456, 'grad_clip': 0.24247922266282157, 'target_update_period': 8, 'batch_size': 440}. Best is trial 34 with value: 501.0.
2021-07-17 13:53:24,517 ------------------------------------------------------------------------------
2021-07-17 13:53:24,517 Final task score = 204.0
2021-07-17 13:53:24,559 Trial 98 finished with value: 204.0 and parameters: {'hidden_dim': 195, 'epsilon_end': 0.009374646082752125, 'epsilon_decay': 0.3440582957225585, 'grad_clip': 0.24517050240525634, 'target_update_period': 5, 'batch_size': 456}. Best is trial 34 with value: 501.0.
2021-07-17 13:54:28,698 ------------------------------------------------------------------------------
2021-07-17 13:54:28,698 Final task score = 403.0
