2021-07-17 12:53:49,066 Experiment dir : saves/OPTUNA-DQN-HARD-20210717-125349
2021-07-17 12:53:49,066 Args: Namespace(gpu='0', update='hard', save='OPTUNA-DQN-HARD', max_episodes=200, with_buffer=True, with_target=True, trials=200)
2021-07-17 12:53:49,071 A new study created in memory with name: DQN
2021-07-17 12:53:55,601 ------------------------------------------------------------------------------
2021-07-17 12:53:55,601 Final task score = 40.0
2021-07-17 12:53:55,609 Trial 0 finished with value: 40.0 and parameters: {'hidden_dim': 161, 'epsilon_end': 0.03578706172900334, 'epsilon_decay': 0.4863597136196487, 'grad_clip': 0.23571981007547121, 'target_update_period': 40, 'batch_size': 315}. Best is trial 0 with value: 40.0.
2021-07-17 12:54:07,306 ------------------------------------------------------------------------------
2021-07-17 12:54:07,306 Final task score = 98.0
2021-07-17 12:54:07,320 Trial 1 finished with value: 98.0 and parameters: {'hidden_dim': 34, 'epsilon_end': 0.002725580396002672, 'epsilon_decay': 0.9798980441740259, 'grad_clip': 0.1189624926912256, 'target_update_period': 28, 'batch_size': 400}. Best is trial 1 with value: 98.0.
2021-07-17 12:54:12,683 ------------------------------------------------------------------------------
2021-07-17 12:54:12,683 Final task score = 10.0
2021-07-17 12:54:12,688 Trial 2 finished with value: 10.0 and parameters: {'hidden_dim': 138, 'epsilon_end': 0.02696931817262611, 'epsilon_decay': 0.34540449922542216, 'grad_clip': 0.20323435625349007, 'target_update_period': 47, 'batch_size': 345}. Best is trial 1 with value: 98.0.
2021-07-17 12:54:24,206 ------------------------------------------------------------------------------
2021-07-17 12:54:24,206 Final task score = 100.0
2021-07-17 12:54:24,220 Trial 3 finished with value: 100.0 and parameters: {'hidden_dim': 88, 'epsilon_end': 0.01593563808071058, 'epsilon_decay': 0.36522307188361425, 'grad_clip': 0.167053548485185, 'target_update_period': 8, 'batch_size': 319}. Best is trial 3 with value: 100.0.
2021-07-17 12:54:28,042 ------------------------------------------------------------------------------
2021-07-17 12:54:28,042 Final task score = 17.0
2021-07-17 12:54:28,047 Trial 4 finished with value: 17.0 and parameters: {'hidden_dim': 48, 'epsilon_end': 0.0010735490789156956, 'epsilon_decay': 0.6620670734853265, 'grad_clip': 0.1277850283207641, 'target_update_period': 26, 'batch_size': 491}. Best is trial 3 with value: 100.0.
2021-07-17 12:54:36,518 ------------------------------------------------------------------------------
2021-07-17 12:54:36,518 Final task score = 38.0
2021-07-17 12:54:36,526 Trial 5 finished with value: 38.0 and parameters: {'hidden_dim': 123, 'epsilon_end': 0.031010904185276616, 'epsilon_decay': 0.588434644763533, 'grad_clip': 0.11758823320155691, 'target_update_period': 48, 'batch_size': 487}. Best is trial 3 with value: 100.0.
2021-07-17 12:54:47,857 ------------------------------------------------------------------------------
2021-07-17 12:54:47,858 Final task score = 111.0
2021-07-17 12:54:47,873 Trial 6 finished with value: 111.0 and parameters: {'hidden_dim': 42, 'epsilon_end': 0.0325770766210982, 'epsilon_decay': 0.3092718795340951, 'grad_clip': 0.07790204571004462, 'target_update_period': 34, 'batch_size': 270}. Best is trial 6 with value: 111.0.
2021-07-17 12:55:22,226 ------------------------------------------------------------------------------
2021-07-17 12:55:22,226 Final task score = 173.0
2021-07-17 12:55:22,256 Trial 7 finished with value: 173.0 and parameters: {'hidden_dim': 188, 'epsilon_end': 0.0497567390131953, 'epsilon_decay': 0.4212704845223888, 'grad_clip': 0.2676768438974627, 'target_update_period': 18, 'batch_size': 417}. Best is trial 7 with value: 173.0.
2021-07-17 12:55:49,573 ------------------------------------------------------------------------------
2021-07-17 12:55:49,573 Final task score = 255.0
2021-07-17 12:55:49,600 Trial 8 finished with value: 255.0 and parameters: {'hidden_dim': 161, 'epsilon_end': 0.04154756589586005, 'epsilon_decay': 0.6727901071361333, 'grad_clip': 0.29485938692818575, 'target_update_period': 30, 'batch_size': 328}. Best is trial 8 with value: 255.0.
2021-07-17 12:55:57,730 ------------------------------------------------------------------------------
2021-07-17 12:55:57,730 Final task score = 96.0
2021-07-17 12:55:57,739 Trial 9 finished with value: 96.0 and parameters: {'hidden_dim': 192, 'epsilon_end': 0.015182097739385173, 'epsilon_decay': 0.5762709075984154, 'grad_clip': 0.23320883450542357, 'target_update_period': 37, 'batch_size': 336}. Best is trial 8 with value: 255.0.
2021-07-17 12:56:02,977 ------------------------------------------------------------------------------
2021-07-17 12:56:02,977 Final task score = 107.0
2021-07-17 12:56:02,985 Trial 10 finished with value: 107.0 and parameters: {'hidden_dim': 83, 'epsilon_end': 0.049973674787054695, 'epsilon_decay': 0.840077152598209, 'grad_clip': 0.2766142271313049, 'target_update_period': 15, 'batch_size': 139}. Best is trial 8 with value: 255.0.
2021-07-17 12:56:23,122 ------------------------------------------------------------------------------
2021-07-17 12:56:23,122 Final task score = 152.0
2021-07-17 12:56:23,147 Trial 11 finished with value: 152.0 and parameters: {'hidden_dim': 200, 'epsilon_end': 0.04990573409608324, 'epsilon_decay': 0.18052369714934885, 'grad_clip': 0.2978649683298154, 'target_update_period': 18, 'batch_size': 204}. Best is trial 8 with value: 255.0.
2021-07-17 12:57:08,115 ------------------------------------------------------------------------------
2021-07-17 12:57:08,116 Final task score = 141.0
2021-07-17 12:57:08,154 Trial 12 finished with value: 141.0 and parameters: {'hidden_dim': 165, 'epsilon_end': 0.0416757918198675, 'epsilon_decay': 0.7634865825216061, 'grad_clip': 0.29848164254693393, 'target_update_period': 21, 'batch_size': 440}. Best is trial 8 with value: 255.0.
2021-07-17 12:58:05,047 ------------------------------------------------------------------------------
2021-07-17 12:58:05,047 Final task score = 220.0
2021-07-17 12:58:05,099 Trial 13 finished with value: 220.0 and parameters: {'hidden_dim': 174, 'epsilon_end': 0.04497803706925517, 'epsilon_decay': 0.46487226433756257, 'grad_clip': 0.2624883329584598, 'target_update_period': 7, 'batch_size': 402}. Best is trial 8 with value: 255.0.
2021-07-17 12:58:34,308 ------------------------------------------------------------------------------
2021-07-17 12:58:34,308 Final task score = 142.0
2021-07-17 12:58:34,343 Trial 14 finished with value: 142.0 and parameters: {'hidden_dim': 166, 'epsilon_end': 0.040950614542282486, 'epsilon_decay': 0.7421555532402297, 'grad_clip': 0.2555025051576917, 'target_update_period': 6, 'batch_size': 236}. Best is trial 8 with value: 255.0.
2021-07-17 12:58:37,663 ------------------------------------------------------------------------------
2021-07-17 12:58:37,663 Final task score = 30.0
2021-07-17 12:58:37,669 Trial 15 finished with value: 30.0 and parameters: {'hidden_dim': 143, 'epsilon_end': 0.042224039549950715, 'epsilon_decay': 0.11609545594093229, 'grad_clip': 0.20744299655677498, 'target_update_period': 29, 'batch_size': 57}. Best is trial 8 with value: 255.0.
2021-07-17 12:59:45,489 ------------------------------------------------------------------------------
2021-07-17 12:59:45,489 Final task score = 263.0
2021-07-17 12:59:45,554 Trial 16 finished with value: 263.0 and parameters: {'hidden_dim': 180, 'epsilon_end': 0.04566589513839482, 'epsilon_decay': 0.9132331468015517, 'grad_clip': 0.295086018044171, 'target_update_period': 12, 'batch_size': 371}. Best is trial 16 with value: 263.0.
2021-07-17 13:00:11,025 ------------------------------------------------------------------------------
2021-07-17 13:00:11,025 Final task score = 154.0
2021-07-17 13:00:11,061 Trial 17 finished with value: 154.0 and parameters: {'hidden_dim': 100, 'epsilon_end': 0.02027588488920222, 'epsilon_decay': 0.989945392096359, 'grad_clip': 0.2906372061985318, 'target_update_period': 12, 'batch_size': 194}. Best is trial 16 with value: 263.0.
2021-07-17 13:00:33,744 ------------------------------------------------------------------------------
2021-07-17 13:00:33,744 Final task score = 127.0
2021-07-17 13:00:33,765 Trial 18 finished with value: 127.0 and parameters: {'hidden_dim': 140, 'epsilon_end': 0.03441826361248297, 'epsilon_decay': 0.8312538513287806, 'grad_clip': 0.17837311751186724, 'target_update_period': 25, 'batch_size': 365}. Best is trial 16 with value: 263.0.
2021-07-17 13:00:52,359 ------------------------------------------------------------------------------
2021-07-17 13:00:52,360 Final task score = 97.0
2021-07-17 13:00:52,381 Trial 19 finished with value: 97.0 and parameters: {'hidden_dim': 183, 'epsilon_end': 0.046099634225169966, 'epsilon_decay': 0.924692615658188, 'grad_clip': 0.23384427813751354, 'target_update_period': 33, 'batch_size': 274}. Best is trial 16 with value: 263.0.
2021-07-17 13:01:49,367 ------------------------------------------------------------------------------
2021-07-17 13:01:49,367 Final task score = 237.0
2021-07-17 13:01:49,423 Trial 20 finished with value: 237.0 and parameters: {'hidden_dim': 120, 'epsilon_end': 0.0405064387824134, 'epsilon_decay': 0.6553211008993075, 'grad_clip': 0.05196683940716887, 'target_update_period': 12, 'batch_size': 369}. Best is trial 16 with value: 263.0.
2021-07-17 13:02:23,382 ------------------------------------------------------------------------------
2021-07-17 13:02:23,383 Final task score = 142.0
2021-07-17 13:02:23,412 Trial 21 finished with value: 142.0 and parameters: {'hidden_dim': 115, 'epsilon_end': 0.03842744622605903, 'epsilon_decay': 0.675631460880879, 'grad_clip': 0.058304547894992564, 'target_update_period': 14, 'batch_size': 453}. Best is trial 16 with value: 263.0.
2021-07-17 13:03:00,623 ------------------------------------------------------------------------------
2021-07-17 13:03:00,624 Final task score = 197.0
2021-07-17 13:03:00,658 Trial 22 finished with value: 197.0 and parameters: {'hidden_dim': 151, 'epsilon_end': 0.046133581483846754, 'epsilon_decay': 0.875714442456943, 'grad_clip': 0.08650982599953659, 'target_update_period': 20, 'batch_size': 380}. Best is trial 16 with value: 263.0.
2021-07-17 13:03:25,126 ------------------------------------------------------------------------------
2021-07-17 13:03:25,127 Final task score = 97.0
2021-07-17 13:03:25,153 Trial 23 finished with value: 97.0 and parameters: {'hidden_dim': 126, 'epsilon_end': 0.028158861708842436, 'epsilon_decay': 0.6638049361167131, 'grad_clip': 0.15533969676191173, 'target_update_period': 11, 'batch_size': 304}. Best is trial 16 with value: 263.0.
2021-07-17 13:03:29,212 ------------------------------------------------------------------------------
2021-07-17 13:03:29,212 Final task score = 23.0
2021-07-17 13:03:29,218 Trial 24 finished with value: 23.0 and parameters: {'hidden_dim': 60, 'epsilon_end': 0.036844736384298055, 'epsilon_decay': 0.74629225803745, 'grad_clip': 0.052540729130319416, 'target_update_period': 43, 'batch_size': 369}. Best is trial 16 with value: 263.0.
2021-07-17 13:03:47,485 ------------------------------------------------------------------------------
2021-07-17 13:03:47,485 Final task score = 137.0
2021-07-17 13:03:47,503 Trial 25 finished with value: 137.0 and parameters: {'hidden_dim': 100, 'epsilon_end': 0.046357254445358306, 'epsilon_decay': 0.6048430478457195, 'grad_clip': 0.28633125477635574, 'target_update_period': 22, 'batch_size': 446}. Best is trial 16 with value: 263.0.
2021-07-17 13:03:53,517 ------------------------------------------------------------------------------
2021-07-17 13:03:53,517 Final task score = 27.0
2021-07-17 13:03:53,524 Trial 26 finished with value: 27.0 and parameters: {'hidden_dim': 152, 'epsilon_end': 0.022609794561599117, 'epsilon_decay': 0.512433612159805, 'grad_clip': 0.24910125512300854, 'target_update_period': 31, 'batch_size': 290}. Best is trial 16 with value: 263.0.
2021-07-17 13:04:36,456 ------------------------------------------------------------------------------
2021-07-17 13:04:36,456 Final task score = 169.0
2021-07-17 13:04:36,504 Trial 27 finished with value: 169.0 and parameters: {'hidden_dim': 200, 'epsilon_end': 0.03926156265661894, 'epsilon_decay': 0.7912565786411417, 'grad_clip': 0.2116018039334089, 'target_update_period': 5, 'batch_size': 243}. Best is trial 16 with value: 263.0.
2021-07-17 13:05:00,948 ------------------------------------------------------------------------------
2021-07-17 13:05:00,948 Final task score = 148.0
2021-07-17 13:05:00,972 Trial 28 finished with value: 148.0 and parameters: {'hidden_dim': 180, 'epsilon_end': 0.031132544195553242, 'epsilon_decay': 0.9101614921566055, 'grad_clip': 0.1445050445394333, 'target_update_period': 23, 'batch_size': 345}. Best is trial 16 with value: 263.0.
2021-07-17 13:05:06,903 ------------------------------------------------------------------------------
2021-07-17 13:05:06,903 Final task score = 22.0
2021-07-17 13:05:06,910 Trial 29 finished with value: 22.0 and parameters: {'hidden_dim': 160, 'epsilon_end': 0.03617634971484296, 'epsilon_decay': 0.6640726481841269, 'grad_clip': 0.18779114077310974, 'target_update_period': 38, 'batch_size': 416}. Best is trial 16 with value: 263.0.
2021-07-17 13:05:28,515 ------------------------------------------------------------------------------
2021-07-17 13:05:28,515 Final task score = 120.0
2021-07-17 13:05:28,537 Trial 30 finished with value: 120.0 and parameters: {'hidden_dim': 129, 'epsilon_end': 0.04376177989959584, 'epsilon_decay': 0.519802199285669, 'grad_clip': 0.22476813216873542, 'target_update_period': 10, 'batch_size': 321}. Best is trial 16 with value: 263.0.
2021-07-17 13:07:05,391 ------------------------------------------------------------------------------
2021-07-17 13:07:05,392 Final task score = 326.0
2021-07-17 13:07:05,475 Trial 31 finished with value: 326.0 and parameters: {'hidden_dim': 173, 'epsilon_end': 0.044958789218172965, 'epsilon_decay': 0.4127139134065607, 'grad_clip': 0.26779588810240984, 'target_update_period': 8, 'batch_size': 393}. Best is trial 31 with value: 326.0.
2021-07-17 13:07:44,864 ------------------------------------------------------------------------------
2021-07-17 13:07:44,865 Final task score = 177.0
2021-07-17 13:07:44,902 Trial 32 finished with value: 177.0 and parameters: {'hidden_dim': 169, 'epsilon_end': 0.04823462564253893, 'epsilon_decay': 0.45853508345368577, 'grad_clip': 0.2842385115845964, 'target_update_period': 16, 'batch_size': 374}. Best is trial 31 with value: 326.0.
2021-07-17 13:09:18,912 ------------------------------------------------------------------------------
2021-07-17 13:09:18,912 Final task score = 260.0
2021-07-17 13:09:18,997 Trial 33 finished with value: 260.0 and parameters: {'hidden_dim': 156, 'epsilon_end': 0.03990451974680261, 'epsilon_decay': 0.3047483609502726, 'grad_clip': 0.24694631201989423, 'target_update_period': 10, 'batch_size': 383}. Best is trial 31 with value: 326.0.
2021-07-17 13:11:02,507 ------------------------------------------------------------------------------
2021-07-17 13:11:02,508 Final task score = 501.0
2021-07-17 13:11:02,587 Trial 34 finished with value: 501.0 and parameters: {'hidden_dim': 154, 'epsilon_end': 0.04333746376187501, 'epsilon_decay': 0.2583378644061504, 'grad_clip': 0.2445614718796103, 'target_update_period': 7, 'batch_size': 407}. Best is trial 34 with value: 501.0.
2021-07-17 13:11:41,667 ------------------------------------------------------------------------------
2021-07-17 13:11:41,667 Final task score = 126.0
2021-07-17 13:11:41,700 Trial 35 finished with value: 126.0 and parameters: {'hidden_dim': 151, 'epsilon_end': 0.005474264344097583, 'epsilon_decay': 0.26730663992432135, 'grad_clip': 0.2444540150287099, 'target_update_period': 9, 'batch_size': 471}. Best is trial 34 with value: 501.0.
2021-07-17 13:12:53,914 ------------------------------------------------------------------------------
2021-07-17 13:12:53,914 Final task score = 147.0
2021-07-17 13:12:53,975 Trial 36 finished with value: 147.0 and parameters: {'hidden_dim': 194, 'epsilon_end': 0.04477517977716292, 'epsilon_decay': 0.23650717135358296, 'grad_clip': 0.2725405068075198, 'target_update_period': 5, 'batch_size': 416}. Best is trial 34 with value: 501.0.
2021-07-17 13:13:52,829 ------------------------------------------------------------------------------
2021-07-17 13:13:52,829 Final task score = 176.0
2021-07-17 13:13:52,872 Trial 37 finished with value: 176.0 and parameters: {'hidden_dim': 176, 'epsilon_end': 0.04735634603436448, 'epsilon_decay': 0.3765915517141263, 'grad_clip': 0.2258989890155431, 'target_update_period': 9, 'batch_size': 396}. Best is trial 34 with value: 501.0.
2021-07-17 13:14:31,195 ------------------------------------------------------------------------------
2021-07-17 13:14:31,195 Final task score = 138.0
2021-07-17 13:14:31,229 Trial 38 finished with value: 138.0 and parameters: {'hidden_dim': 131, 'epsilon_end': 0.033953181156512365, 'epsilon_decay': 0.3094401593873905, 'grad_clip': 0.24641063573674105, 'target_update_period': 13, 'batch_size': 437}. Best is trial 34 with value: 501.0.
2021-07-17 13:15:34,921 ------------------------------------------------------------------------------
2021-07-17 13:15:34,921 Final task score = 257.0
2021-07-17 13:15:34,974 Trial 39 finished with value: 257.0 and parameters: {'hidden_dim': 146, 'epsilon_end': 0.038005401177250764, 'epsilon_decay': 0.10879167738884765, 'grad_clip': 0.26502860623648306, 'target_update_period': 5, 'batch_size': 488}. Best is trial 34 with value: 501.0.
2021-07-17 13:16:00,446 ------------------------------------------------------------------------------
2021-07-17 13:16:00,447 Final task score = 126.0
2021-07-17 13:16:00,470 Trial 40 finished with value: 126.0 and parameters: {'hidden_dim': 186, 'epsilon_end': 0.04315989028312847, 'epsilon_decay': 0.41010562201552425, 'grad_clip': 0.1906673640497421, 'target_update_period': 8, 'batch_size': 395}. Best is trial 34 with value: 501.0.
2021-07-17 13:16:28,920 ------------------------------------------------------------------------------
2021-07-17 13:16:28,921 Final task score = 125.0
2021-07-17 13:16:28,945 Trial 41 finished with value: 125.0 and parameters: {'hidden_dim': 156, 'epsilon_end': 0.03939171134619874, 'epsilon_decay': 0.13981250307792525, 'grad_clip': 0.26264343303620646, 'target_update_period': 5, 'batch_size': 489}. Best is trial 34 with value: 501.0.
2021-07-17 13:17:08,758 ------------------------------------------------------------------------------
2021-07-17 13:17:08,759 Final task score = 155.0
2021-07-17 13:17:08,792 Trial 42 finished with value: 155.0 and parameters: {'hidden_dim': 175, 'epsilon_end': 0.03794442262136777, 'epsilon_decay': 0.20834832593614236, 'grad_clip': 0.27663006397068746, 'target_update_period': 7, 'batch_size': 480}. Best is trial 34 with value: 501.0.
2021-07-17 13:17:32,605 ------------------------------------------------------------------------------
2021-07-17 13:17:32,605 Final task score = 132.0
2021-07-17 13:17:32,627 Trial 43 finished with value: 132.0 and parameters: {'hidden_dim': 144, 'epsilon_end': 0.0498339034511354, 'epsilon_decay': 0.31890960564713955, 'grad_clip': 0.2560049219463886, 'target_update_period': 17, 'batch_size': 460}. Best is trial 34 with value: 501.0.
2021-07-17 13:18:04,135 ------------------------------------------------------------------------------
2021-07-17 13:18:04,135 Final task score = 133.0
2021-07-17 13:18:04,167 Trial 44 finished with value: 133.0 and parameters: {'hidden_dim': 139, 'epsilon_end': 0.027031680089088166, 'epsilon_decay': 0.25243726589478355, 'grad_clip': 0.21558604951664945, 'target_update_period': 10, 'batch_size': 345}. Best is trial 34 with value: 501.0.
2021-07-17 13:18:25,588 ------------------------------------------------------------------------------
2021-07-17 13:18:25,588 Final task score = 104.0
2021-07-17 13:18:25,608 Trial 45 finished with value: 104.0 and parameters: {'hidden_dim': 165, 'epsilon_end': 0.048248923304374046, 'epsilon_decay': 0.35950126382365855, 'grad_clip': 0.2781104808032889, 'target_update_period': 5, 'batch_size': 425}. Best is trial 34 with value: 501.0.
2021-07-17 13:18:40,561 ------------------------------------------------------------------------------
2021-07-17 13:18:40,561 Final task score = 152.0
2021-07-17 13:18:40,575 Trial 46 finished with value: 152.0 and parameters: {'hidden_dim': 148, 'epsilon_end': 0.029418621382334944, 'epsilon_decay': 0.16755873598308954, 'grad_clip': 0.24195226352071114, 'target_update_period': 14, 'batch_size': 498}. Best is trial 34 with value: 501.0.
2021-07-17 13:18:57,196 ------------------------------------------------------------------------------
2021-07-17 13:18:57,196 Final task score = 94.0
2021-07-17 13:18:57,214 Trial 47 finished with value: 94.0 and parameters: {'hidden_dim': 134, 'epsilon_end': 0.03463745196959447, 'epsilon_decay': 0.42094422335507575, 'grad_clip': 0.2633826968561671, 'target_update_period': 7, 'batch_size': 357}. Best is trial 34 with value: 501.0.
2021-07-17 13:20:00,746 ------------------------------------------------------------------------------
2021-07-17 13:20:00,746 Final task score = 265.0
2021-07-17 13:20:00,803 Trial 48 finished with value: 265.0 and parameters: {'hidden_dim': 193, 'epsilon_end': 0.0432288392626319, 'epsilon_decay': 0.274397553043742, 'grad_clip': 0.299241424520414, 'target_update_period': 19, 'batch_size': 393}. Best is trial 34 with value: 501.0.
2021-07-17 13:20:25,299 ------------------------------------------------------------------------------
2021-07-17 13:20:25,299 Final task score = 162.0
